2024-07-14 08:10:07,203 Top page is accessible.
2024-07-14 08:10:07,203 Execution time for check_top_page: 1.6427428722381592 seconds
2024-07-14 08:10:07,699 Failed to fetch pages. Status Code: 400
2024-07-14 08:10:10,759 Failed to fetch posts. Status Code: 400
2024-07-14 08:10:10,759 Total number of published pages: 12
2024-07-14 08:10:10,759 Total number of published posts: 418
2024-07-14 08:10:10,899 Published page "Dojoの活動成果" is accessible.
2024-07-14 08:10:10,946 Published page "研究室紹介" is accessible.
2024-07-14 08:10:10,990 Published page "CDSLの紹介" is accessible.
2024-07-14 08:10:11,029 Published page "ファシリティ" is accessible.
2024-07-14 08:10:11,085 Published page "ITファシリティ" is accessible.
2024-07-14 08:10:11,129 Published page "使用ツール" is accessible.
2024-07-14 08:10:11,176 Published page "公開アセット(Qiita, GitHub)" is accessible.
2024-07-14 08:10:11,247 Published page "研究室配属" is accessible.
2024-07-14 08:10:11,291 Published page "アクセス" is accessible.
2024-07-14 08:10:11,356 Published page "メンバー" is accessible.
2024-07-14 08:10:11,415 Published page "テクニカルレポート" is accessible.
2024-07-14 08:10:11,463 Published page "ホーム" is accessible.
2024-07-14 08:10:11,581 Published post "ヘビ毒と母の言葉は遅効性" is accessible.
2024-07-14 08:10:11,630 Published post "1年前の自分と振り返って" is accessible.
2024-07-14 08:10:11,677 Published post "コンピュータ関連の仕事でもコミュニケーションが大切" is accessible.
2024-07-14 08:10:11,724 Published post "自身のテクレポタイトルの変遷" is accessible.
2024-07-14 08:10:11,771 Published post "Regulation" is accessible.
2024-07-14 08:10:11,818 Published post "穴釣りの楽しさについて" is accessible.
2024-07-14 08:10:11,871 Published post "人生の場数を用いた企業面接の攻略法" is accessible.
2024-07-14 08:10:11,937 Published post "ミックスボイス出したい" is accessible.
2024-07-14 08:10:11,987 Published post "間食は食べ過ぎないように" is accessible.
2024-07-14 08:10:12,062 Published post "サバゲーに行く話" is accessible.
2024-07-14 08:10:12,198 Published post "朝起きられない人へ" is accessible.
2024-07-14 08:10:12,313 Published post "サバゲ―に行った話" is accessible.
2024-07-14 08:10:12,386 Published post "八王子駅周辺おすすめラーメン屋さん" is accessible.
2024-07-14 08:10:12,456 Published post "AIにブログ書かせてみた" is accessible.
2024-07-14 08:10:12,505 Published post "休日の過ごし方　" is accessible.
2024-07-14 08:10:12,554 Published post "上野原市から見える高速道路について" is accessible.
2024-07-14 08:10:12,607 Published post "技術の視点が変わった話" is accessible.
2024-07-14 08:10:12,668 Published post "東京工科大学で取れる食物繊維について" is accessible.
2024-07-14 08:10:12,716 Published post "研究室でハムスター飼いたい" is accessible.
2024-07-14 08:10:12,764 Published post "春と夏の間" is accessible.
2024-07-14 08:10:12,833 Published post "おい，お前！そこのお前だよ！" is accessible.
2024-07-14 08:10:12,877 Published post "Cloud Native Dojo 2024の募集をしました!" is accessible.
2024-07-14 08:10:12,925 Published post "社会人と学生の違い" is accessible.
2024-07-14 08:10:12,995 Published post "2024年度　新入生学部交流会" is accessible.
2024-07-14 08:10:13,052 Published post "2024年度 新入生ガイダンス_フレッシャーズゼミ" is accessible.
2024-07-14 08:10:13,102 Published post "Struggling with Accents" is accessible.
2024-07-14 08:10:13,153 Published post "変調を勉強" is accessible.
2024-07-14 08:10:13,211 Published post "プラットフォームとしての自動化(Zapier)" is accessible.
2024-07-14 08:10:13,260 Published post "学部生最後の旅行" is accessible.
2024-07-14 08:10:13,305 Published post "情報処理学会第198回マルチメディア通信と分散処理研究報告会においてプレゼンテーションを行いました" is accessible.
2024-07-14 08:10:13,366 Published post "オープンキャンパス2024でIoT Dojoのデモンストレーションを行いました" is accessible.
2024-07-14 08:10:13,425 Published post "3月１９日　表彰式" is accessible.
2024-07-14 08:10:13,473 Published post "東京工科大学の新学期" is accessible.
2024-07-14 08:10:13,523 Published post "3年ぶりの優勝！！！" is accessible.
2024-07-14 08:10:13,568 Published post "時の流れが早い" is accessible.
2024-07-14 08:10:13,615 Published post "Milthmを布教したい" is accessible.
2024-07-14 08:10:13,663 Published post "孫悟空から感じるエンジニア魂" is accessible.
2024-07-14 08:10:13,713 Published post "3月19日　学位授与" is accessible.
2024-07-14 08:10:13,763 Published post "東京女子大_加藤研合同発表会 in 2024春 (会場移動と懇親会)" is accessible.
2024-07-14 08:10:13,816 Published post "東京女子大_加藤研合同発表会 in 2024春 (プログラムと発表風景)" is accessible.
2024-07-14 08:10:13,868 Published post "学部長賞授与_令和6年4月1日" is accessible.
2024-07-14 08:10:13,920 Published post "眠い" is accessible.
2024-07-14 08:10:13,966 Published post "ログって大学の研究で使えるモノなのか" is accessible.
2024-07-14 08:10:14,014 Published post "お子様ランチに刺さっている旗" is accessible.
2024-07-14 08:10:14,097 Published post "交通事故の怖さ" is accessible.
2024-07-14 08:10:14,142 Published post "systemdで論文要約サイトのバックアップを自動化した話" is accessible.
2024-07-14 08:10:14,190 Published post "マルチキャストについて思った事" is accessible.
2024-07-14 08:10:14,238 Published post "音楽ライブの魅力" is accessible.
2024-07-14 08:10:14,286 Published post "AI VTuber　(??)" is accessible.
2024-07-14 08:10:14,331 Published post "テスト前に掃除し始める例のあれ" is accessible.
2024-07-14 08:10:14,385 Published post "ジャイロ 欠陥" is accessible.
2024-07-14 08:10:14,433 Published post "研究室に3年半所属してみて" is accessible.
2024-07-14 08:10:14,479 Published post "伝えることの難しさ" is accessible.
2024-07-14 08:10:14,525 Published post "修了寄稿" is accessible.
2024-07-14 08:10:14,597 Published post "皆さんありがとう！私はいつもギリギリです．" is accessible.
2024-07-14 08:10:14,641 Published post "[ランダムなタイトルを挿入]" is accessible.
2024-07-14 08:10:14,686 Published post "研究室での時間" is accessible.
2024-07-14 08:10:14,734 Published post "Time flies." is accessible.
2024-07-14 08:10:14,780 Published post "研究室と私" is accessible.
2024-07-14 08:10:14,824 Published post "学部ももう終わり" is accessible.
2024-07-14 08:10:14,870 Published post "己" is accessible.
2024-07-14 08:10:14,916 Published post "最後の投稿" is accessible.
2024-07-14 08:10:14,961 Published post "この日のために" is accessible.
2024-07-14 08:10:15,006 Published post "卒業課題を終えて" is accessible.
2024-07-14 08:10:15,056 Published post "最後の投稿" is accessible.
2024-07-14 08:10:15,101 Published post "感想戦" is accessible.
2024-07-14 08:10:15,150 Published post "これまでの話" is accessible.
2024-07-14 08:10:15,203 Published post "卒業課題は寂しい" is accessible.
2024-07-14 08:10:15,256 Published post "甲子園中止世代から未来の球児へ" is accessible.
2024-07-14 08:10:15,303 Published post "英語の履歴書と日本語の履歴書" is accessible.
2024-07-14 08:10:15,381 Published post "変わった趣味" is accessible.
2024-07-14 08:10:15,426 Published post "CytusⅡを布教したい" is accessible.
2024-07-14 08:10:15,483 Published post "オススメWEB小説作品2選+α" is accessible.
2024-07-14 08:10:15,533 Published post "AAが貼れなかった" is accessible.
2024-07-14 08:10:15,580 Published post "きぬた歯科の看板" is accessible.
2024-07-14 08:10:15,623 Published post "五十嵐さんの記事がCS学部のBlogに掲載" is accessible.
2024-07-14 08:10:15,678 Published post "ヨルシカ◂Ⓘ▸" is accessible.
2024-07-14 08:10:15,725 Published post "東京工科大学　お昼ご飯　格安　お腹いっぱい食られる ワザップ" is accessible.
2024-07-14 08:10:15,770 Published post "IoT Dojoでの活動記録がCS学部Blogに掲載" is accessible.
2024-07-14 08:10:15,819 Published post "晩御飯を作る時" is accessible.
2024-07-14 08:10:15,864 Published post "第15回大学コンソーシアム八王子学生発表会にてCDSLの学生が賞を受賞" is accessible.
2024-07-14 08:10:15,912 Published post "有備無患【大学コンソーシアム八王子】" is accessible.
2024-07-14 08:10:15,959 Published post "学部4年の大沢さんが国際会議IEEE CCEM 2023で発表＆受賞" is accessible.
2024-07-14 08:10:16,007 Published post "八王子コンソーシアムの学生発表について" is accessible.
2024-07-14 08:10:16,052 Published post "VCT2024" is accessible.
2024-07-14 08:10:16,099 Published post "大学コンソーシアム八王子学生発表会に参加しました" is accessible.
2024-07-14 08:10:16,146 Published post "「なのだ！」" is accessible.
2024-07-14 08:10:16,191 Published post "初めてaviutlを使ったら紙芝居ができた" is accessible.
2024-07-14 08:10:16,237 Published post "現代社会を創り出した技術と世界大戦" is accessible.
2024-07-14 08:10:16,283 Published post "季節の食べ物おいしい" is accessible.
2024-07-14 08:10:16,330 Published post "地元愛" is accessible.
2024-07-14 08:10:16,377 Published post "突然のトラブル：PCタッチパッドの謎" is accessible.
2024-07-14 08:10:16,425 Published post "GitHub Educationの申請に苦戦した話" is accessible.
2024-07-14 08:10:16,474 Published post "大阪大学の長谷川研究室に訪問してきました" is accessible.
2024-07-14 08:10:16,518 Published post "初めてのコロナ" is accessible.
2024-07-14 08:10:16,565 Published post "なぜ紅葉を見に行くのか" is accessible.
2024-07-14 08:10:16,612 Published post "ReactをGithub ActionsでCI/CDした話" is accessible.
2024-07-14 08:10:16,658 Published post "人生負け組！生きる価値なし！！！" is accessible.
2024-07-14 08:10:16,704 Published post "DPSW2023での発表の様子がCS学部Blogに掲載されました" is accessible.
2024-07-14 08:10:16,752 Published post "IEEE CCEM2023" is accessible.
2024-07-14 08:10:16,800 Published post "[Day3] DPSWS" is accessible.
2024-07-14 08:10:16,853 Published post "[Day2] DPSWS" is accessible.
2024-07-14 08:10:16,906 Published post "[Day1] DPSWS" is accessible.
2024-07-14 08:10:16,951 Published post "テクニカルレポート提出まで1か月" is accessible.
2024-07-14 08:10:17,000 Published post "内定式に出席しました" is accessible.
2024-07-14 08:10:17,051 Published post "転送サービスを利用した話" is accessible.
2024-07-14 08:10:17,096 Published post "ダイエットについて" is accessible.
2024-07-14 08:10:17,141 Published post "ふぃっしゅ数バージョン1【巨大数論】" is accessible.
2024-07-14 08:10:17,186 Published post "4年の三上さんの記事がCS学部のBlogに掲載" is accessible.
2024-07-14 08:10:17,232 Published post "曲の完成について2" is accessible.
2024-07-14 08:10:17,276 Published post "自己紹介（遠藤空）" is accessible.
2024-07-14 08:10:17,323 Published post "自己紹介(三上 翔太)" is accessible.
2024-07-14 08:10:17,368 Published post "自己紹介(筒井 優貴)" is accessible.
2024-07-14 08:10:17,415 Published post "3年生が研究室に配属されました！" is accessible.
2024-07-14 08:10:17,463 Published post "自己紹介 (奥田滉大)" is accessible.
2024-07-14 08:10:17,508 Published post "自己紹介(宮本港斗)" is accessible.
2024-07-14 08:10:17,555 Published post "自己紹介(橋本 健)" is accessible.
2024-07-14 08:10:17,600 Published post "自己紹介(石川裕人)" is accessible.
2024-07-14 08:10:17,645 Published post "自己紹介（加藤健吾）" is accessible.
2024-07-14 08:10:17,692 Published post "自己紹介（越後谷澪）" is accessible.
2024-07-14 08:10:17,737 Published post "自己紹介（山野倖平）" is accessible.
2024-07-14 08:10:17,783 Published post "自己紹介（鈴木友也）" is accessible.
2024-07-14 08:10:17,830 Published post "東京女子大学加藤研合同発表会 in 2023秋" is accessible.
2024-07-14 08:10:17,876 Published post "最近の不幸について" is accessible.
2024-07-14 08:10:17,925 Published post "サーバーのメモリを変えました" is accessible.
2024-07-14 08:10:18,000 Published post "キングダムおもろー" is accessible.
2024-07-14 08:10:18,054 Published post "自己紹介（田中美帆）" is accessible.
2024-07-14 08:10:18,099 Published post "自己紹介（川端ももの）" is accessible.
2024-07-14 08:10:18,145 Published post "自己紹介　（山本真也）" is accessible.
2024-07-14 08:10:18,193 Published post "自己紹介 (西村 克己)" is accessible.
2024-07-14 08:10:18,239 Published post "自己紹介（近藤悠斗）" is accessible.
2024-07-14 08:10:18,285 Published post "ICM Workshop 2023 を振り返って" is accessible.
2024-07-14 08:10:18,334 Published post "ICM Workshop 2023 [Day2]" is accessible.
2024-07-14 08:10:18,379 Published post "ICM Workshop 2023 [Day1]" is accessible.
2024-07-14 08:10:18,424 Published post "二回目の濃厚接触者になってしまった" is accessible.
2024-07-14 08:10:18,471 Published post "中間発表終了しました" is accessible.
2024-07-14 08:10:18,521 Published post "あと半年" is accessible.
2024-07-14 08:10:18,566 Published post "なぜ，夏のお盆がある？" is accessible.
2024-07-14 08:10:18,623 Published post "マンチェスターシティVS横浜Fマリノス" is accessible.
2024-07-14 08:10:18,678 Published post "TFT研究中 [Patch 13.14]" is accessible.
2024-07-14 08:10:18,722 Published post "COVID‑19" is accessible.
2024-07-14 08:10:18,767 Published post "休みまであと約2週間！！" is accessible.
2024-07-14 08:10:18,819 Published post "The Making of Harry Potter" is accessible.
2024-07-14 08:10:18,863 Published post "Shukatsu Sokatsu カツカツ" is accessible.
2024-07-14 08:10:18,910 Published post "IoT道場　進捗報告" is accessible.
2024-07-14 08:10:18,957 Published post "最近お気に入りの学食" is accessible.
2024-07-14 08:10:19,004 Published post "【読書レポート】『シラノ・ド・ベルジュラック』渡辺守章/訳" is accessible.
2024-07-14 08:10:19,059 Published post "曲の完成について" is accessible.
2024-07-14 08:10:19,103 Published post "生活習慣(筋トレ)" is accessible.
2024-07-14 08:10:19,149 Published post "最はま" is accessible.
2024-07-14 08:10:19,195 Published post "外耳炎で苦しんだ話" is accessible.
2024-07-14 08:10:19,239 Published post "今シーズン振り返り" is accessible.
2024-07-14 08:10:19,286 Published post "今年の映画マジ豊作" is accessible.
2024-07-14 08:10:19,332 Published post "学報75号にIoT道場の活動報告が掲載されました" is accessible.
2024-07-14 08:10:19,376 Published post "自動車学校に通い始めました" is accessible.
2024-07-14 08:10:19,421 Published post "新バージョン「Docker Desktop 4.19」" is accessible.
2024-07-14 08:10:19,467 Published post "[悲報]Dockerfile、生モノだった" is accessible.
2024-07-14 08:10:19,520 Published post "Kubernetes に使われている意外な技術" is accessible.
2024-07-14 08:10:19,566 Published post "束の間の休日" is accessible.
2024-07-14 08:10:19,613 Published post "北海道" is accessible.
2024-07-14 08:10:19,661 Published post "Star Wars Day" is accessible.
2024-07-14 08:10:19,706 Published post "新規サーバー登場" is accessible.
2024-07-14 08:10:19,750 Published post "GWの過ごし方について(今後．．．．)" is accessible.
2024-07-14 08:10:19,795 Published post "音楽理論を学んで" is accessible.
2024-07-14 08:10:19,841 Published post "2023度卒業生の高木さんに3年半の感想をインタビュー" is accessible.
2024-07-14 08:10:19,888 Published post "2023度卒業生の小山さんに3年半の感想をインタビュー" is accessible.
2024-07-14 08:10:19,936 Published post "2023卒業生の杉本さんに3年半の感想をインタビュー" is accessible.
2024-07-14 08:10:19,982 Published post "研究室の紹介ビデオを撮影中" is accessible.
2024-07-14 08:10:20,030 Published post "食事の大切さにについて" is accessible.
2024-07-14 08:10:20,108 Published post "とりあえずピアス開けた(^q^)" is accessible.
2024-07-14 08:10:20,162 Published post "帰省ついでに旅行に行ってきた" is accessible.
2024-07-14 08:10:20,207 Published post "節約術を鍛えたい" is accessible.
2024-07-14 08:10:20,252 Published post "よりより" is accessible.
2024-07-14 08:10:20,302 Published post "引き続き沼っています（9万円溶かしました）" is accessible.
2024-07-14 08:10:20,350 Published post "AINA2023を終えて" is accessible.
2024-07-14 08:10:20,395 Published post "もう４月だよ" is accessible.
2024-07-14 08:10:20,443 Published post "小山さんの出張記事がCS学部のブログに掲載" is accessible.
2024-07-14 08:10:20,495 Published post "PRIME X570-PRO/CSMのBIOSをバージョンアップしてみた" is accessible.
2024-07-14 08:10:20,543 Published post "[day6] 日本はもうすぐ" is accessible.
2024-07-14 08:10:20,594 Published post "[day5] 日本に向けて移動" is accessible.
2024-07-14 08:10:20,641 Published post "League of Legendsの上達と課題" is accessible.
2024-07-14 08:10:20,691 Published post "[day4] CIoT2023の3日目" is accessible.
2024-07-14 08:10:20,741 Published post "[day3] CIoT2023の2日目" is accessible.
2024-07-14 08:10:20,793 Published post "[day2] CIoT2023の1日目" is accessible.
2024-07-14 08:10:20,838 Published post "発表の大変さと大切さ" is accessible.
2024-07-14 08:10:20,891 Published post "[day1] 韓国からポルトガルへ" is accessible.
2024-07-14 08:10:20,940 Published post "[day0] CIoT 2023に向けて出発" is accessible.
2024-07-14 08:10:20,990 Published post "東京女子大学加藤研合同発表会 in 2023春" is accessible.
2024-07-14 08:10:21,038 Published post "学位授与式" is accessible.
2024-07-14 08:10:21,084 Published post "インドの大学との共同成果をテクニカルレポートで公開" is accessible.
2024-07-14 08:10:21,132 Published post "DPS194(東京)にてCDSL4年生2名が発表しました" is accessible.
2024-07-14 08:10:21,177 Published post "SynthesizerV AIがどう使われていくのか気になっている" is accessible.
2024-07-14 08:10:21,223 Published post "就活苦しい就活" is accessible.
2024-07-14 08:10:21,269 Published post "Los Angeles" is accessible.
2024-07-14 08:10:21,313 Published post "半年後の君へ" is accessible.
2024-07-14 08:10:21,358 Published post "IoT Dojo 2022 [チーム:いいじまっち]での成果を動画にて公開" is accessible.
2024-07-14 08:10:21,407 Published post "ハイパー演算とアッカーマン関数【巨大数論】" is accessible.
2024-07-14 08:10:21,454 Published post "インドの大学と共同で論文を執筆し、公開" is accessible.
2024-07-14 08:10:21,501 Published post "卒業論文に向けて" is accessible.
2024-07-14 08:10:21,548 Published post "ポスター発表会" is accessible.
2024-07-14 08:10:21,596 Published post "サーバーの追加作業(Plum)" is accessible.
2024-07-14 08:10:21,644 Published post "Slay the Spire、上手くなりたい" is accessible.
2024-07-14 08:10:21,688 Published post "東京恐い" is accessible.
2024-07-14 08:10:21,734 Published post "2022年度卒業課題最終発表会" is accessible.
2024-07-14 08:10:21,780 Published post "Macユーザの私がゲームのために心を鬼にしてWindows PCを買った話" is accessible.
2024-07-14 08:10:21,825 Published post "近況報告" is accessible.
2024-07-14 08:10:21,871 Published post "熟睡のために" is accessible.
2024-07-14 08:10:21,917 Published post "新しく始めたゲームに沼ってます" is accessible.
2024-07-14 08:10:21,962 Published post "小山さんの論文が国際会議6th Conference on Cloud and Internet of Thingsにて採録" is accessible.
2024-07-14 08:10:22,009 Published post "M2の小山さんが書いたCloud Native Dojo/IoT Dojoの記事" is accessible.
2024-07-14 08:10:22,057 Published post "はまっているスマホゲームについて" is accessible.
2024-07-14 08:10:22,102 Published post "春休み" is accessible.
2024-07-14 08:10:22,149 Published post "M2 MacBook Airを買いました" is accessible.
2024-07-14 08:10:22,195 Published post "杉本さんの論文が国際会議AINA2023にて採録" is accessible.
2024-07-14 08:10:22,243 Published post "Semantic Versioning を考える" is accessible.
2024-07-14 08:10:22,290 Published post "就職活動の失敗について" is accessible.
2024-07-14 08:10:22,339 Published post "AWSの無料枠EC2でelasticsearchを動かす時にメモリが足りない！！" is accessible.
2024-07-14 08:10:22,384 Published post "スクレイピングで馬の情報を取りたいね" is accessible.
2024-07-14 08:10:22,430 Published post "サッカーワールドカップを観た感想" is accessible.
2024-07-14 08:10:22,477 Published post "Wasmtimeのメジャーバージョンが上がるのが早くてびっくりした話" is accessible.
2024-07-14 08:10:22,530 Published post "第193回DPS研究会での発表（仙台編）" is accessible.
2024-07-14 08:10:22,578 Published post "バージョン1.0と完成度のジレンマ" is accessible.
2024-07-14 08:10:22,633 Published post "openVinoを使った話" is accessible.
2024-07-14 08:10:22,680 Published post "もし私が大学院に進学しなければ" is accessible.
2024-07-14 08:10:22,727 Published post "2022年ももうすぐ終わり" is accessible.
2024-07-14 08:10:22,776 Published post "サーモンランの評価上げ方(スプラ3)" is accessible.
2024-07-14 08:10:22,828 Published post "チェンソーマンのOP・ED曲のMV一覧" is accessible.
2024-07-14 08:10:22,877 Published post "マックの番号札にmacアドレスが書いてありました。（テーブルロケータ）" is accessible.
2024-07-14 08:10:22,926 Published post "チャリ日和" is accessible.
2024-07-14 08:10:22,993 Published post "【フリーVST】Valhalla Super Massiveの試用" is accessible.
2024-07-14 08:10:23,053 Published post "DPSWS2022にて研究発表 ~ 咽頭炎を沿えて ~" is accessible.
2024-07-14 08:10:23,100 Published post "後期テクニカルレポート提出期限間近！" is accessible.
2024-07-14 08:10:23,153 Published post "curlの-wオプション（時間計測）" is accessible.
2024-07-14 08:10:23,199 Published post "不思議な英単語&#8221;Ghoti&#8221;の読み方とは？ー英語の綴りと発音の謎について解説！" is accessible.
2024-07-14 08:10:23,244 Published post "自己紹介 ( 五十嵐 蓮 )" is accessible.
2024-07-14 08:10:23,289 Published post "自己紹介（西嶌知良）" is accessible.
2024-07-14 08:10:23,335 Published post "自己紹介（中里聖）" is accessible.
2024-07-14 08:10:23,380 Published post "自己紹介（圖齋雄治）" is accessible.
2024-07-14 08:10:23,425 Published post "自己紹介（栗原尚希）" is accessible.
2024-07-14 08:10:23,472 Published post "自己紹介（金子拓磨）" is accessible.
2024-07-14 08:10:23,526 Published post "自己紹介（遠藤睦実）" is accessible.
2024-07-14 08:10:23,570 Published post "自己紹介" is accessible.
2024-07-14 08:10:23,616 Published post "メンターがすべきこと 〜IoT Dojoからの学び〜" is accessible.
2024-07-14 08:10:23,665 Published post "東京女子大学 加藤研究室と合同研究発表会を行いました！" is accessible.
2024-07-14 08:10:23,711 Published post "自己紹介（いだなおき）" is accessible.
2024-07-14 08:10:23,756 Published post "自己紹介です" is accessible.
2024-07-14 08:10:23,804 Published post "大学(院)研究に必要なのは何か" is accessible.
2024-07-14 08:10:23,849 Published post "自己紹介 (増田 和範)" is accessible.
2024-07-14 08:10:23,897 Published post "運用は難しい" is accessible.
2024-07-14 08:10:23,943 Published post "書き捨てのPythonプロジェクトを生成するワンライナー" is accessible.
2024-07-14 08:10:23,994 Published post "情報処理学会 DPS192(広島)にての発表" is accessible.
2024-07-14 08:10:24,052 Published post "ICM Workshop 2022" is accessible.
2024-07-14 08:10:24,101 Published post "KubernetesのNamespaceがTerminatingで消えないとき" is accessible.
2024-07-14 08:10:24,159 Published post "BWF World Championshipsにいってきました" is accessible.
2024-07-14 08:10:24,207 Published post "おかし" is accessible.
2024-07-14 08:10:24,257 Published post "Dockerの勉強会を行ったときの資料" is accessible.
2024-07-14 08:10:24,310 Published post "ESXiが起動できなくなったのでBIOSアップデートをしました。" is accessible.
2024-07-14 08:10:24,357 Published post "3年生初めての作業" is accessible.
2024-07-14 08:10:24,404 Published post "修士の中間審査を行いました" is accessible.
2024-07-14 08:10:24,448 Published post "GPA2以下が学会発表する" is accessible.
2024-07-14 08:10:24,497 Published post "就職すべきか進学すべきか、それが問題だ" is accessible.
2024-07-14 08:10:24,545 Published post "輪講会でのスライドの作り方" is accessible.
2024-07-14 08:10:24,592 Published post "髙木さんの記事がCS学部のBlogに掲載" is accessible.
2024-07-14 08:10:24,636 Published post "India-Japan Cooperative Learning 2022/7/8" is accessible.
2024-07-14 08:10:24,682 Published post "一難去ってまた一難" is accessible.
2024-07-14 08:10:24,734 Published post "GIoTS 2022 での学会発表 ~ 発表編 ~" is accessible.
2024-07-14 08:10:24,792 Published post "GIoTS 2022 での学会発表 ~ ダブリンでの生活編 ~" is accessible.
2024-07-14 08:10:24,841 Published post "GIoTS 2022 での学会発表 ~ IoT Week編 ~" is accessible.
2024-07-14 08:10:24,893 Published post "GIoTS 2022 での学会発表 ~ 出国・入国編 ~" is accessible.
2024-07-14 08:10:24,941 Published post "富士山に登りたいと思っている話" is accessible.
2024-07-14 08:10:24,990 Published post "高木さんからダブリンのプレゼントをいただきました!!ありがとう!!" is accessible.
2024-07-14 08:10:25,036 Published post "YouTubeで学べるインド英語" is accessible.
2024-07-14 08:10:25,097 Published post "【安価！】povo2.0とポケットWi-FiでIoT機器用モバイルネットワーク環境の構築" is accessible.
2024-07-14 08:10:25,145 Published post "India-Japan Cooperative Learning 2022/6/3" is accessible.
2024-07-14 08:10:25,192 Published post "cronの設定場所" is accessible.
2024-07-14 08:10:25,245 Published post "情報処理学会 DPS191(沖縄)にて発表してきました" is accessible.
2024-07-14 08:10:25,292 Published post "最近" is accessible.
2024-07-14 08:10:25,340 Published post "髙木さんが国際会議Global IoT Summitで発表 " is accessible.
2024-07-14 08:10:25,390 Published post "India-Japan Cooperative Learning 2022/5/20" is accessible.
2024-07-14 08:10:25,436 Published post "IoT Dojo キックオフ" is accessible.
2024-07-14 08:10:25,482 Published post "India-Japan Cooperative Learning 2022/5/13" is accessible.
2024-07-14 08:10:25,531 Published post "飯島さんの研究が大学案内2023に掲載" is accessible.
2024-07-14 08:10:25,577 Published post "テクニカルレポート検索サイト Doktorを公開しました" is accessible.
2024-07-14 08:10:25,624 Published post "インタビュー動画作成しました！" is accessible.
2024-07-14 08:10:25,669 Published post "これまでの学部・修士でやってきた就活の話" is accessible.
2024-07-14 08:10:25,715 Published post "Cloud Native Dojo 2021での成果を動画で公開" is accessible.
2024-07-14 08:10:25,761 Published post "インドの学生と顔合わせしました" is accessible.
2024-07-14 08:10:25,808 Published post "SO_REUSEPORT 完全に理解した（い）" is accessible.
2024-07-14 08:10:25,854 Published post "CDSLの本棚" is accessible.
2024-07-14 08:10:25,901 Published post "小山さんがAINA-2022で発表" is accessible.
2024-07-14 08:10:25,946 Published post "国際会議 AINA-2022 で発表しました" is accessible.
2024-07-14 08:10:25,995 Published post "学生証から学籍番号を取得してみた" is accessible.
2024-07-14 08:10:26,041 Published post "ESXi上のrke2にistioをインストールする" is accessible.
2024-07-14 08:10:26,094 Published post "東京女子大学と合同研究発表会を行いました！" is accessible.
2024-07-14 08:10:26,140 Published post "伊藤さんがポスター発表審査会の優秀賞を受賞しました" is accessible.
2024-07-14 08:10:26,187 Published post "Open Campus 2022で研究室紹介を行いました！" is accessible.
2024-07-14 08:10:26,234 Published post "学生2名が学部長賞を受賞しました" is accessible.
2024-07-14 08:10:26,281 Published post "インフラのトラブルシューティングでやることまとめ" is accessible.
2024-07-14 08:10:26,326 Published post "自己紹介" is accessible.
2024-07-14 08:10:26,371 Published post "春休みの研究室" is accessible.
2024-07-14 08:10:26,415 Published post "小山さんの論文が情報処理学会論文誌に掲載" is accessible.
2024-07-14 08:10:26,460 Published post "飯島さん，秋山さんがDPS研究会で発表" is accessible.
2024-07-14 08:10:26,507 Published post "ただの自己紹介" is accessible.
2024-07-14 08:10:26,554 Published post "自己紹介する" is accessible.
2024-07-14 08:10:26,602 Published post "VMの作成とOSインストール，遠隔ログイン設定を自動化" is accessible.
2024-07-14 08:10:26,649 Published post "じこしょーかい！" is accessible.
2024-07-14 08:10:26,695 Published post "自宅に Kubernetes 環境を構築した話" is accessible.
2024-07-14 08:10:26,743 Published post "【バズ・ライトイヤーのアストロブラスターで10万点取る方法】" is accessible.
2024-07-14 08:10:26,792 Published post "WordPressサーバを移行しました。＋自己紹介" is accessible.
2024-07-14 08:10:26,837 Published post "自己紹介" is accessible.
2024-07-14 08:10:26,882 Published post "自己紹介" is accessible.
2024-07-14 08:10:26,927 Published post "研究室を振り返って" is accessible.
2024-07-14 08:10:26,973 Published post "ESP32並列処理のあれそれ" is accessible.
2024-07-14 08:10:27,023 Published post "新たなサーバーの組み立て" is accessible.
2024-07-14 08:10:27,071 Published post "研究室にあるVMのバックアップ事情" is accessible.
2024-07-14 08:10:27,120 Published post "第29回 マルチメディア通信と分散処理ワークショップ (DPSWS2021)で発表を行いました" is accessible.
2024-07-14 08:10:27,165 Published post "髙木さん，杉本さん，河竹さんがCCEM2021で受賞" is accessible.
2024-07-14 08:10:27,211 Published post "M-1グランプリ2021の話" is accessible.
2024-07-14 08:10:27,255 Published post "内定式" is accessible.
2024-07-14 08:10:27,302 Published post "Cloud Native Dojo #1 / #2を開催" is accessible.
2024-07-14 08:10:27,346 Published post "ワクチンの副作用の話" is accessible.
2024-07-14 08:10:27,392 Published post "CDSLのBoot Camp (2021)" is accessible.
2024-07-14 08:10:27,438 Published post "衣食住のはなし" is accessible.
2024-07-14 08:10:27,482 Published post "東京女子大学との合同研究発表会について" is accessible.
2024-07-14 08:10:27,529 Published post "あなたは『環境に良い車』に乗りたいですか？" is accessible.
2024-07-14 08:10:27,602 Published post "五味康隆氏から学ぶ、自動車のこれから" is accessible.
2024-07-14 08:10:27,651 Published post "Open Hack U 2021 Onlineに参加しました" is accessible.
2024-07-14 08:10:27,696 Published post "「Cloud Native Dojo 2021」の記事がCS学部Blogに掲載されました．" is accessible.
2024-07-14 08:10:27,741 Published post "pLaTeXで丸数字を埋め込むマクロをつくる" is accessible.
2024-07-14 08:10:27,787 Published post "ICM Workshop 2021" is accessible.
2024-07-14 08:10:27,833 Published post "Twitterアカウントを開設しました" is accessible.
2024-07-14 08:10:27,881 Published post "さよなら踏み台VM，こんにちは踏み台コンテナ！" is accessible.
2024-07-14 08:10:27,926 Published post "2021年度卒業課題中間発表会" is accessible.
2024-07-14 08:10:28,006 Published post "AWSのKubernetesエンジンであるEKSを使ってみた話" is accessible.
2024-07-14 08:10:28,066 Published post "CDSLスケジュール in 2021summer" is accessible.
2024-07-14 08:10:28,113 Published post "学部2年生を対象にCloud Native Dojoを開催" is accessible.
2024-07-14 08:10:28,160 Published post "卒業研究の基礎実験" is accessible.
2024-07-14 08:10:28,205 Published post "『ビジョナリー・カンパニー』から学ぶ経営学" is accessible.
2024-07-14 08:10:28,252 Published post "睡眠不足の方へ" is accessible.
2024-07-14 08:10:28,298 Published post "ゲリラ雷雨" is accessible.
2024-07-14 08:10:28,343 Published post "表面温度取得がバグってる件について" is accessible.
2024-07-14 08:10:28,392 Published post "コラッツ予想って本当なんか！？" is accessible.
2024-07-14 08:10:28,437 Published post "NBAファイナルの話" is accessible.
2024-07-14 08:10:28,482 Published post "美味しかった八王子のラーメン3選" is accessible.
2024-07-14 08:10:28,530 Published post "Remote SSH で Include ディレクティブを利用したときにハマったこと" is accessible.
2024-07-14 08:10:28,579 Published post "UARTのあれこれ" is accessible.
2024-07-14 08:10:28,624 Published post "パチンコの話" is accessible.
2024-07-14 08:10:28,671 Published post "3年くらい使っていた1080tiが壊れて、転売ヤーを恨んだ話" is accessible.
2024-07-14 08:10:28,716 Published post "DPS・MBL・ITS・SeMI合同研究発表会で発表した話" is accessible.
2024-07-14 08:10:28,761 Published post "就職活動で役に立ったアプリ" is accessible.
2024-07-14 08:10:28,807 Published post "Apple製品を使うなら自動化を極めようという話" is accessible.
2024-07-14 08:10:28,854 Published post "シン・エヴァンゲリオンで出てきた”L5”という単語について" is accessible.
2024-07-14 08:10:28,899 Published post "就活の報告" is accessible.
2024-07-14 08:10:28,949 Published post "かっこいいポンチ絵の書き方" is accessible.
2024-07-14 08:10:28,996 Published post "学位授与式がありました" is accessible.
2024-07-14 08:10:29,054 Published post "変ハ長調の面白さ" is accessible.
2024-07-14 08:10:29,105 Published post "API Blueprint でAPI設計書を書く 超入門編 Part1" is accessible.
2024-07-14 08:10:29,149 Published post "英単語暗記法" is accessible.
2024-07-14 08:10:29,196 Published post "Apexでマスターに行く方法" is accessible.
2024-07-14 08:10:29,244 Published post "東京女子大学との合同発表会を行いました" is accessible.
2024-07-14 08:10:29,290 Published post "新宮さん，飯島さん，小山さんがコンピュータサイエンス学部から表彰されました．" is accessible.
2024-07-14 08:10:29,337 Published post "IEEE CCEM PCW 2021で発表しました" is accessible.
2024-07-14 08:10:29,385 Published post "仲良くサーバー組み立て" is accessible.
2024-07-14 08:10:29,433 Published post "今まで経験してきたアルバイトまとめ" is accessible.
2024-07-14 08:10:29,479 Published post "2021年卒業研究発表会" is accessible.
2024-07-14 08:10:29,527 Published post "ヒドラゲームと巨大数論" is accessible.
2024-07-14 08:10:29,576 Published post "[解決法]LatexでURLを載せる時にエラーになってしまう/フォントが他の周りから浮いてしまう" is accessible.
2024-07-14 08:10:29,621 Published post "実装難しすぎる問題" is accessible.
2024-07-14 08:10:29,666 Published post "BLEの身近な使われ方" is accessible.
2024-07-14 08:10:29,713 Published post "第185回 DPS研究発表会で発表を行いました" is accessible.
2024-07-14 08:10:29,761 Published post "k8sのあれこれ(k3s, k0s..etc)" is accessible.
2024-07-14 08:10:29,806 Published post "Unified RequestID Assignment on MicroservicesがThe Student Project Showcase Proposal &#8211; First Prizeを受賞しました．" is accessible.
2024-07-14 08:10:29,850 Published post "飯島貴政さんがCCEM2020で受賞" is accessible.
2024-07-14 08:10:29,895 Published post "Amazon,楽天の抱える危機" is accessible.
2024-07-14 08:10:29,940 Published post "go toキャンペーン" is accessible.
2024-07-14 08:10:29,984 Published post "データ送受信フォーム作成コマンドの始まり" is accessible.
2024-07-14 08:10:30,033 Published post "gossとGitHub Actionsでインフラを自動テストした" is accessible.
2024-07-14 08:10:30,079 Published post "自己紹介" is accessible.
2024-07-14 08:10:30,123 Published post "自己紹介" is accessible.
2024-07-14 08:10:30,170 Published post "大規模なゲームを運用するということ" is accessible.
2024-07-14 08:10:30,216 Published post "第三回テクニカルレポート" is accessible.
2024-07-14 08:10:30,262 Published post "自己紹介" is accessible.
2024-07-14 08:10:30,311 Published post "クレジットカードブランドとカード発行会社について" is accessible.
2024-07-14 08:10:30,355 Published post "自己紹介" is accessible.
2024-07-14 08:10:30,401 Published post "自己紹介とIoT相談会" is accessible.
2024-07-14 08:10:30,445 Published post "カオスエンジニアリングとは" is accessible.
2024-07-14 08:10:30,490 Published post "自己申告フォーム作成" is accessible.
2024-07-14 08:10:30,535 Published post "デジタル・コミュニケーションの課題とは?" is accessible.
2024-07-14 08:10:30,580 Published post "はじめまして" is accessible.
2024-07-14 08:10:30,624 Published post "PCは暖房説" is accessible.
2024-07-14 08:10:30,670 Published post "テーマに悩む話 -巨人様のお足元にて-" is accessible.
2024-07-14 08:10:30,718 Published post "研究室で3台目のサーバーを組み立てる" is accessible.
2024-07-14 08:10:30,763 Published post "IoT講習会" is accessible.
2024-07-14 08:10:30,810 Published post "CDSLのBoot Camp！" is accessible.
2024-07-14 08:10:30,855 Published post "２０２０年度後期授業が始まりました！" is accessible.
2024-07-14 08:10:30,910 Published post "Synology DS1618+(NAS) HDDを交換した" is accessible.
2024-07-14 08:10:30,958 Published post "Synology DS1618+(NAS) LUN拡張の手引き" is accessible.
2024-07-14 08:10:31,003 Published post "はじめまして" is accessible.
2024-07-14 08:10:31,050 Published post "中間発表会" is accessible.
2024-07-14 08:10:31,096 Published post "BootCampを開催しました！(2日目)" is accessible.
2024-07-14 08:10:31,144 Published post "BootCampを開催しました！(1日目)" is accessible.
2024-07-14 08:10:31,192 Published post "マイコンのスリープモードを簡単に理解したい！" is accessible.
2024-07-14 08:10:31,238 Published post "分散システムにおけるCAP定理とは" is accessible.
2024-07-14 08:10:31,289 Published post "クラウド技術が勉強会で分かる! そう，CDSLならね．" is accessible.
2024-07-14 08:10:31,334 Published post "ビザンチン将軍問題 ~合意するって難しい~" is accessible.
2024-07-14 08:10:31,380 Published post "IoT機器のセットアップを始めました" is accessible.
2024-07-14 08:10:31,425 Published post "3年生向けの研究室紹介サイトの負荷試験を実施しました" is accessible.
2024-07-14 08:10:31,470 Published post "外部公開用のk3s構築をしました" is accessible.
2024-07-14 08:10:31,521 Published post "CS学部の新入生に見てほしいコンテンツ" is accessible.
2024-07-14 08:10:31,570 Published post "平常通りオンラインでミーティング" is accessible.
2024-07-14 08:10:31,615 Published post "研究室で稼働しているESXiのVMを掃除しました" is accessible.
2024-07-14 08:10:31,661 Published post "創成課題で使用したIoT機材を片付けました" is accessible.
2024-07-14 08:10:31,708 Published post "卒業研究の準備をはじめました" is accessible.
2024-07-14 08:10:31,753 Published post "創成課題が終了しました" is accessible.
2024-07-14 08:10:31,798 Published post "Qiitaいいね数が1000超" is accessible.
2024-07-14 08:10:31,846 Published post "Qiita 週間 Organizationランキングで3位" is accessible.
2024-07-14 08:10:31,895 Published post "CDSLの立ち上げを振り返る" is accessible.
2024-07-14 08:10:31,944 Published post "テクニカルレポートを公開" is accessible.
2024-07-14 08:10:31,946 Execution time for check_published_pages_and_posts: 24.74286699295044 seconds
2024-07-14 08:10:32,407 Image "https://ja.tak-cslab.org/wp-content/uploads/2024/06/komatta_man2-1.png" is accessible.
2024-07-14 08:10:32,454 Image "https://ja.tak-cslab.org/wp-content/uploads/2024/06/discussion-794137_1280-1024x682.jpg" is accessible.
2024-07-14 08:10:32,586 Image "https://ja.tak-cslab.org/wp-content/uploads/2024/06/FullSizeRender-edited.jpeg" is accessible.
2024-07-14 08:10:32,717 Image "https://ja.tak-cslab.org/wp-content/uploads/2024/06/IMG_1463-2-768x1024.jpg" is accessible.
2024-07-14 08:10:32,772 Image "https://ja.tak-cslab.org/wp-content/uploads/2024/06/IMG_1462-768x1024.jpg" is accessible.
2024-07-14 08:10:32,828 Image "https://ja.tak-cslab.org/wp-content/uploads/2024/06/1578146709094-1024x737.jpg" is accessible.
2024-07-14 08:10:32,887 Image "https://ja.tak-cslab.org/wp-content/uploads/2024/06/1618113444267-1024x768.jpg" is accessible.
2024-07-14 08:10:33,118 Image "https://cdn.mainichi.jp/vol1/2019/07/12/20190712ddm001010054000p/8.jpg?1" is accessible.
2024-07-14 08:10:33,186 Image "https://tenkoo.tokyo/k6405.jpg" is accessible.
2024-07-14 08:10:33,244 Image "https://tenkoo.tokyo/map.jpg" is accessible.
2024-07-14 08:10:33,300 Image "https://ja.tak-cslab.org/wp-content/uploads/2024/05/image-5.png" is accessible.
2024-07-14 08:10:33,346 Image "https://ja.tak-cslab.org/wp-content/uploads/2024/05/IMG_1270-768x1024.jpg" is accessible.
2024-07-14 08:10:33,404 Image "https://ja.tak-cslab.org/wp-content/uploads/2024/05/IMG_1272-1024x768.jpg" is accessible.
2024-07-14 08:10:33,449 Image "https://ja.tak-cslab.org/wp-content/uploads/2024/05/IMG_9188-768x1024.jpg" is accessible.
2024-07-14 08:10:33,491 Image "https://ja.tak-cslab.org/wp-content/uploads/2024/05/IMG_1273-1024x768.jpg" is accessible.
2024-07-14 08:10:33,561 Image "https://ja.tak-cslab.org/wp-content/uploads/2024/05/image-3.png" is accessible.
2024-07-14 08:10:33,605 Image "https://ja.tak-cslab.org/wp-content/uploads/2024/05/20azuki-ra16.jpg" is accessible.
2024-07-14 08:10:33,671 Image "https://ja.tak-cslab.org/wp-content/uploads/2024/05/image-1-1024x366.png" is accessible.
2024-07-14 08:10:33,734 Image "https://ja.tak-cslab.org/wp-content/uploads/2024/05/image-2.png" is accessible.
2024-07-14 08:10:33,834 Image "https://ja.tak-cslab.org/wp-content/uploads/2024/05/image-631x1024.png" is accessible.
2024-07-14 08:10:33,900 Image "https://ja.tak-cslab.org/wp-content/uploads/2024/05/ハムスター.png" is accessible.
2024-07-14 08:10:33,949 Image "https://ja.tak-cslab.org/wp-content/uploads/2024/04/people-2557396_1280-1024x682.jpg" is accessible.
2024-07-14 08:10:34,007 Image "https://ja.tak-cslab.org/wp-content/uploads/2024/04/IMG_9960-1024x768.jpg" is accessible.
2024-07-14 08:10:34,060 Image "https://ja.tak-cslab.org/wp-content/uploads/2024/04/IMG_9969-1024x768.jpg" is accessible.
2024-07-14 08:10:34,100 Image "https://ja.tak-cslab.org/wp-content/uploads/2024/04/IMG_9959-1024x768.jpg" is accessible.
2024-07-14 08:10:34,151 Image "https://ja.tak-cslab.org/wp-content/uploads/2024/04/IMG_9963-1024x768.jpg" is accessible.
2024-07-14 08:10:34,187 Image "https://ja.tak-cslab.org/wp-content/uploads/2024/04/IMG_2563-1-1024x768.jpg" is accessible.
2024-07-14 08:10:34,230 Image "https://ja.tak-cslab.org/wp-content/uploads/2024/04/IMG_2562-1024x768.jpg" is accessible.
2024-07-14 08:10:34,273 Image "https://ja.tak-cslab.org/wp-content/uploads/2024/04/IMG_2561-1024x768.jpg" is accessible.
2024-07-14 08:10:34,343 Image "https://ja.tak-cslab.org/wp-content/uploads/2024/04/image.png" is accessible.
2024-07-14 08:10:34,381 Image "https://ja.tak-cslab.org/wp-content/uploads/2024/04/image-2.png" is accessible.
2024-07-14 08:10:34,410 Image "https://ja.tak-cslab.org/wp-content/uploads/2024/04/image-1.png" is accessible.
2024-07-14 08:10:34,459 Image "https://ja.tak-cslab.org/wp-content/uploads/2024/04/IMG_1232-768x1024.jpg" is accessible.
2024-07-14 08:10:34,513 Image "https://ja.tak-cslab.org/wp-content/uploads/2024/04/IMG_1273-768x1024.jpg" is accessible.
2024-07-14 08:10:34,571 Image "https://ja.tak-cslab.org/wp-content/uploads/2024/04/IMG_1172-768x1024.jpg" is accessible.
2024-07-14 08:10:34,612 Image "https://ja.tak-cslab.org/wp-content/uploads/2024/04/IMG_1180-768x1024.jpg" is accessible.
2024-07-14 08:10:34,666 Image "https://ja.tak-cslab.org/wp-content/uploads/2024/04/IMG_9116-768x1024.jpg" is accessible.
2024-07-14 08:10:34,717 Image "https://ja.tak-cslab.org/wp-content/uploads/2024/04/IMG_9118-768x1024.jpg" is accessible.
2024-07-14 08:10:34,754 Image "https://ja.tak-cslab.org/wp-content/uploads/2024/04/IMG_9113-1-768x1024.jpg" is accessible.
2024-07-14 08:10:34,793 Image "https://ja.tak-cslab.org/wp-content/uploads/2024/04/IMG_9122-768x1024.jpg" is accessible.
2024-07-14 08:10:34,936 Image "https://www.teu.ac.jp/gakubu/images/cs_images/course_field_2023.png" is accessible.
2024-07-14 08:10:34,982 Image "https://ja.tak-cslab.org/wp-content/uploads/2024/03/年齢と体感時間.webp" is accessible.
2024-07-14 08:10:35,031 Image "https://ja.tak-cslab.org/wp-content/uploads/2024/03/孫悟空-1024x567.jpg" is accessible.
2024-07-14 08:10:35,070 Image "https://ja.tak-cslab.org/wp-content/uploads/2024/03/IMG_9128-768x1024.jpg" is accessible.
2024-07-14 08:10:35,123 Image "https://ja.tak-cslab.org/wp-content/uploads/2024/03/IMG_9137-1-768x1024.jpg" is accessible.
2024-07-14 08:10:35,187 Image "https://ja.tak-cslab.org/wp-content/uploads/2024/03/IMG_9133-1-768x1024.jpg" is accessible.
2024-07-14 08:10:35,232 Image "https://ja.tak-cslab.org/wp-content/uploads/2024/03/IMG_9130-3-768x1024.jpg" is accessible.
2024-07-14 08:10:35,301 Image "https://ja.tak-cslab.org/wp-content/uploads/2024/03/IMG_9135-1-768x1024.jpg" is accessible.
2024-07-14 08:10:35,342 Image "https://ja.tak-cslab.org/wp-content/uploads/2024/03/IMG_9127-768x1024.jpg" is accessible.
2024-07-14 08:10:35,376 Image "https://ja.tak-cslab.org/wp-content/uploads/2024/03/IMG_9134-1-768x1024.jpg" is accessible.
2024-07-14 08:10:35,413 Image "https://ja.tak-cslab.org/wp-content/uploads/2024/03/IMG_9136-1-768x1024.jpg" is accessible.
2024-07-14 08:10:35,462 Image "https://ja.tak-cslab.org/wp-content/uploads/2024/03/IMG_9140-1-768x1024.jpg" is accessible.
2024-07-14 08:10:35,507 Image "https://ja.tak-cslab.org/wp-content/uploads/2024/03/IMG_9126-768x1024.jpg" is accessible.
2024-07-14 08:10:35,554 Image "https://ja.tak-cslab.org/wp-content/uploads/2024/03/IMG_9138-1-768x1024.jpg" is accessible.
2024-07-14 08:10:35,593 Image "https://ja.tak-cslab.org/wp-content/uploads/2024/03/IMG_9132-1-768x1024.jpg" is accessible.
2024-07-14 08:10:35,643 Image "https://ja.tak-cslab.org/wp-content/uploads/2024/03/IMG_9125-768x1024.jpg" is accessible.
2024-07-14 08:10:35,683 Image "https://ja.tak-cslab.org/wp-content/uploads/2024/03/IMG_9129-768x1024.jpg" is accessible.
2024-07-14 08:10:35,733 Image "https://ja.tak-cslab.org/wp-content/uploads/2024/03/IMG_9131-2-768x1024.jpg" is accessible.
2024-07-14 08:10:35,765 Image "https://ja.tak-cslab.org/wp-content/uploads/2024/03/IMG_9139-2-768x1024.jpg" is accessible.
2024-07-14 08:10:35,804 Image "https://ja.tak-cslab.org/wp-content/uploads/2024/03/IMG_9124-768x1024.jpg" is accessible.
2024-07-14 08:10:35,843 Image "https://ja.tak-cslab.org/wp-content/uploads/2024/03/IMG_3010-768x1024.jpg" is accessible.
2024-07-14 08:10:35,890 Image "https://ja.tak-cslab.org/wp-content/uploads/2024/03/IMG_2024-03-22-12-33-42-061-1024x768.jpg" is accessible.
2024-07-14 08:10:35,950 Image "https://ja.tak-cslab.org/wp-content/uploads/2024/03/IMG_3011-768x1024.jpg" is accessible.
2024-07-14 08:10:36,002 Image "https://ja.tak-cslab.org/wp-content/uploads/2024/03/PXL_20240322_104659281-576x1024.jpg" is accessible.
2024-07-14 08:10:36,058 Image "https://ja.tak-cslab.org/wp-content/uploads/2024/03/PXL_20240322_043700566-1024x576.jpg" is accessible.
2024-07-14 08:10:36,123 Image "https://ja.tak-cslab.org/wp-content/uploads/2024/03/IMG_3012-768x1024.jpg" is accessible.
2024-07-14 08:10:36,180 Image "https://ja.tak-cslab.org/wp-content/uploads/2024/03/20240322_124636-1024x768.jpg" is accessible.
2024-07-14 08:10:36,274 Image "https://ja.tak-cslab.org/wp-content/uploads/2024/03/PXL_20240322_043640629-1024x576.jpg" is accessible.
2024-07-14 08:10:36,331 Image "https://ja.tak-cslab.org/wp-content/uploads/2024/03/IMG_3701-1024x768.jpg" is accessible.
2024-07-14 08:10:36,387 Image "https://ja.tak-cslab.org/wp-content/uploads/2024/03/IMG_1406-768x1024.jpg" is accessible.
2024-07-14 08:10:36,441 Image "https://ja.tak-cslab.org/wp-content/uploads/2024/03/IMG_3503-1024x576.jpg" is accessible.
2024-07-14 08:10:36,502 Image "https://ja.tak-cslab.org/wp-content/uploads/2024/03/IMG_3478-1024x576.jpg" is accessible.
2024-07-14 08:10:36,543 Image "https://ja.tak-cslab.org/wp-content/uploads/2024/03/IMG_3493-1024x576.jpg" is accessible.
2024-07-14 08:10:36,575 Image "https://ja.tak-cslab.org/wp-content/uploads/2024/03/IMG_3489-1024x576.jpg" is accessible.
2024-07-14 08:10:36,697 Image "https://ja.tak-cslab.org/wp-content/uploads/2024/03/IMG_3473-1024x576.jpg" is accessible.
2024-07-14 08:10:36,735 Image "https://ja.tak-cslab.org/wp-content/uploads/2024/03/IMG_3485-1024x576.jpg" is accessible.
2024-07-14 08:10:36,769 Image "https://ja.tak-cslab.org/wp-content/uploads/2024/03/DSC_1926-768x1024.jpg" is accessible.
2024-07-14 08:10:36,818 Image "https://ja.tak-cslab.org/wp-content/uploads/2024/03/DSC_1925-1-768x1024.jpg" is accessible.
2024-07-14 08:10:36,872 Image "https://ja.tak-cslab.org/wp-content/uploads/2024/02/image-3.png" is accessible.
2024-07-14 08:10:36,919 Image "https://ja.tak-cslab.org/wp-content/uploads/2024/02/S__69574663-962x1024.jpg" is accessible.
2024-07-14 08:10:37,051 Image "https://storage.googleapis.com/studio-design-assets/projects/M3aAKAk7Oe/s-2400x1350_v-frms_webp_2b15e86e-7c76-4778-b78f-edec7635bb56_regular.webp" is accessible.
2024-07-14 08:10:37,116 Image "https://ja.tak-cslab.org/wp-content/uploads/2024/02/jairo-1024x768.jpg" is accessible.
2024-07-14 08:10:37,166 Image "https://ja.tak-cslab.org/wp-content/uploads/2024/02/me-ta-ne-jann-768x1024.jpg" is accessible.
2024-07-14 08:10:37,221 Image "https://ja.tak-cslab.org/wp-content/uploads/2024/02/image.png" is accessible.
2024-07-14 08:10:37,274 Image "https://ja.tak-cslab.org/wp-content/uploads/2024/01/image-4.png" is accessible.
2024-07-14 08:10:37,327 Image "https://ja.tak-cslab.org/wp-content/uploads/2024/01/IMG_2099-1-768x1024.jpg" is accessible.
2024-07-14 08:10:37,382 Image "https://ja.tak-cslab.org/wp-content/uploads/2024/01/IMG_2337-1024x768.jpg" is accessible.
2024-07-14 08:10:37,427 Image "https://ja.tak-cslab.org/wp-content/uploads/2024/01/IMG_2428-1.jpg" is accessible.
2024-07-14 08:10:37,478 Image "https://ja.tak-cslab.org/wp-content/uploads/2024/01/IMG_2339-1024x768.jpg" is accessible.
2024-07-14 08:10:37,553 Image "https://ja.tak-cslab.org/wp-content/uploads/2024/01/IMG_2338-1024x768.jpg" is accessible.
2024-07-14 08:10:37,610 Image "https://ja.tak-cslab.org/wp-content/uploads/2023/12/S__162324489-1-edited.jpg" is accessible.
2024-07-14 08:10:37,647 Image "https://ja.tak-cslab.org/wp-content/uploads/2023/12/IMG_1198-1024x768.jpg" is accessible.
2024-07-14 08:10:37,702 Image "https://ja.tak-cslab.org/wp-content/uploads/2023/12/ブログ画像-1024x768.jpg" is accessible.
2024-07-14 08:10:37,740 Image "https://ja.tak-cslab.org/wp-content/uploads/2023/12/img_1001-1024x768.jpg" is accessible.
2024-07-14 08:10:37,797 Image "https://ja.tak-cslab.org/wp-content/uploads/2023/12/p_20231209_111120-1-1024x768.jpg" is accessible.
2024-07-14 08:10:37,844 Image "https://ja.tak-cslab.org/wp-content/uploads/2023/12/img_1004-1024x576.jpg" is accessible.
2024-07-14 08:10:37,881 Image "https://ja.tak-cslab.org/wp-content/uploads/2023/12/PXL_20231212_033809250-1024x768.jpg" is accessible.
2024-07-14 08:10:37,931 Image "https://ja.tak-cslab.org/wp-content/uploads/2023/12/IMG_2754-1024x683.jpg" is accessible.
2024-07-14 08:10:37,983 Image "https://ja.tak-cslab.org/wp-content/uploads/2023/12/IMG_5114-576x1024.jpg" is accessible.
2024-07-14 08:10:38,060 Image "https://ja.tak-cslab.org/wp-content/uploads/2023/12/IMG_2748-1024x683.jpg" is accessible.
2024-07-14 08:10:38,099 Image "https://ja.tak-cslab.org/wp-content/uploads/2023/12/IMG_2741-4-1024x683.jpg" is accessible.
2024-07-14 08:10:38,146 Image "https://ja.tak-cslab.org/wp-content/uploads/2023/12/IMG_2742-2-1024x683.jpg" is accessible.
2024-07-14 08:10:38,183 Image "https://ja.tak-cslab.org/wp-content/uploads/2023/12/IMG_2763-1024x683.jpg" is accessible.
2024-07-14 08:10:38,232 Image "https://ja.tak-cslab.org/wp-content/uploads/2023/12/IMG_2747-1-1024x683.jpg" is accessible.
2024-07-14 08:10:38,279 Image "https://ja.tak-cslab.org/wp-content/uploads/2023/12/P_20231209_122058-1-1024x768.jpg" is accessible.
2024-07-14 08:10:38,437 Image "https://pics.prcm.jp/0a88668e5ae68/71101397/png/71101397.png" is accessible.
2024-07-14 08:10:38,928 Image "https://livedoor.blogimg.jp/yuruge/imgs/4/d/4d81f42e.jpg" is accessible.
2024-07-14 08:10:38,990 Image "https://th.bing.com/th/id/OIP.tU1YbEsNfzxG6ctNvgpFiwHaJ4?w=136&amp;h=181&amp;c=7&amp;r=0&amp;o=5&amp;pid=1.7" is accessible.
2024-07-14 08:10:39,061 Image "https://ja.tak-cslab.org/wp-content/uploads/2023/12/a.png" is accessible.
2024-07-14 08:10:39,113 Image "https://ja.tak-cslab.org/wp-content/uploads/2023/11/image-1.png" is accessible.
2024-07-14 08:10:39,151 Image "https://ja.tak-cslab.org/wp-content/uploads/2023/11/image.png" is accessible.
2024-07-14 08:10:39,214 Image "https://ja.tak-cslab.org/wp-content/uploads/2023/11/PXL_20231012_050914966-1024x771.jpg" is accessible.
2024-07-14 08:10:39,261 Image "https://ja.tak-cslab.org/wp-content/uploads/2023/11/PXL_20231120_001842548-1-769x1024.jpg" is accessible.
2024-07-14 08:10:39,347 Image "https://ja.tak-cslab.org/wp-content/uploads/2023/11/PXL_20231120_002200206-1-1024x769.jpg" is accessible.
2024-07-14 08:10:39,390 Image "https://ja.tak-cslab.org/wp-content/uploads/2023/10/名称未設定ファイル-1.jpg" is accessible.
2024-07-14 08:10:39,436 Image "https://ja.tak-cslab.org/wp-content/uploads/2023/11/2-Osawa.jpeg" is accessible.
2024-07-14 08:10:39,437 Execution time for check_images: 7.490147590637207 seconds
2024-07-14 08:10:40,365 Login page is accessible.
2024-07-14 08:10:40,365 Execution time for check_login_page: 0.9276151657104492 seconds
2024-07-14 08:10:40,407 Post created successfully: テスト記事
2024-07-14 08:10:40,408 Execution time for create_post: 0.04286599159240723 seconds
2024-07-14 08:10:40,828 Post edited successfully: ID 5942
2024-07-14 08:10:40,828 Execution time for edit_post: 0.4201791286468506 seconds
2024-07-14 08:10:40,875 Post deleted successfully: ID 5942
2024-07-14 08:10:40,876 Execution time for delete_post: 0.04745793342590332 seconds
2024-07-14 08:10:40,876 Total execution time: 35.31532382965088 seconds
