2024-07-14 08:17:46,839 Top page is accessible.
2024-07-14 08:17:46,839 Execution time for check_top_page: 0.12081217765808105 seconds
2024-07-14 08:17:47,129 Failed to fetch pages. Status Code: 400
2024-07-14 08:17:48,717 Failed to fetch posts. Status Code: 400
2024-07-14 08:17:48,718 Total number of published pages: 12
2024-07-14 08:17:48,718 Total number of published posts: 418
2024-07-14 08:17:48,772 Published page "Dojoの活動成果" is accessible.
2024-07-14 08:17:48,819 Published page "研究室紹介" is accessible.
2024-07-14 08:17:48,863 Published page "CDSLの紹介" is accessible.
2024-07-14 08:17:48,900 Published page "ファシリティ" is accessible.
2024-07-14 08:17:48,949 Published page "ITファシリティ" is accessible.
2024-07-14 08:17:48,990 Published page "使用ツール" is accessible.
2024-07-14 08:17:49,036 Published page "公開アセット(Qiita, GitHub)" is accessible.
2024-07-14 08:17:49,084 Published page "研究室配属" is accessible.
2024-07-14 08:17:49,128 Published page "アクセス" is accessible.
2024-07-14 08:17:49,177 Published page "メンバー" is accessible.
2024-07-14 08:17:49,228 Published page "テクニカルレポート" is accessible.
2024-07-14 08:17:49,272 Published page "ホーム" is accessible.
2024-07-14 08:17:49,317 Published post "ヘビ毒と母の言葉は遅効性" is accessible.
2024-07-14 08:17:49,367 Published post "1年前の自分と振り返って" is accessible.
2024-07-14 08:17:49,414 Published post "コンピュータ関連の仕事でもコミュニケーションが大切" is accessible.
2024-07-14 08:17:49,461 Published post "自身のテクレポタイトルの変遷" is accessible.
2024-07-14 08:17:49,507 Published post "Regulation" is accessible.
2024-07-14 08:17:49,553 Published post "穴釣りの楽しさについて" is accessible.
2024-07-14 08:17:49,602 Published post "人生の場数を用いた企業面接の攻略法" is accessible.
2024-07-14 08:17:49,646 Published post "ミックスボイス出したい" is accessible.
2024-07-14 08:17:49,693 Published post "間食は食べ過ぎないように" is accessible.
2024-07-14 08:17:49,739 Published post "サバゲーに行く話" is accessible.
2024-07-14 08:17:49,785 Published post "朝起きられない人へ" is accessible.
2024-07-14 08:17:49,833 Published post "サバゲ―に行った話" is accessible.
2024-07-14 08:17:49,880 Published post "八王子駅周辺おすすめラーメン屋さん" is accessible.
2024-07-14 08:17:49,927 Published post "AIにブログ書かせてみた" is accessible.
2024-07-14 08:17:49,972 Published post "休日の過ごし方　" is accessible.
2024-07-14 08:17:50,019 Published post "上野原市から見える高速道路について" is accessible.
2024-07-14 08:17:50,066 Published post "技術の視点が変わった話" is accessible.
2024-07-14 08:17:50,111 Published post "東京工科大学で取れる食物繊維について" is accessible.
2024-07-14 08:17:50,159 Published post "研究室でハムスター飼いたい" is accessible.
2024-07-14 08:17:50,204 Published post "春と夏の間" is accessible.
2024-07-14 08:17:50,249 Published post "おい，お前！そこのお前だよ！" is accessible.
2024-07-14 08:17:50,294 Published post "Cloud Native Dojo 2024の募集をしました!" is accessible.
2024-07-14 08:17:50,342 Published post "社会人と学生の違い" is accessible.
2024-07-14 08:17:50,389 Published post "2024年度　新入生学部交流会" is accessible.
2024-07-14 08:17:50,438 Published post "2024年度 新入生ガイダンス_フレッシャーズゼミ" is accessible.
2024-07-14 08:17:50,483 Published post "Struggling with Accents" is accessible.
2024-07-14 08:17:50,528 Published post "変調を勉強" is accessible.
2024-07-14 08:17:50,576 Published post "プラットフォームとしての自動化(Zapier)" is accessible.
2024-07-14 08:17:50,622 Published post "学部生最後の旅行" is accessible.
2024-07-14 08:17:50,668 Published post "情報処理学会第198回マルチメディア通信と分散処理研究報告会においてプレゼンテーションを行いました" is accessible.
2024-07-14 08:17:50,711 Published post "オープンキャンパス2024でIoT Dojoのデモンストレーションを行いました" is accessible.
2024-07-14 08:17:50,758 Published post "3月１９日　表彰式" is accessible.
2024-07-14 08:17:50,804 Published post "東京工科大学の新学期" is accessible.
2024-07-14 08:17:50,849 Published post "3年ぶりの優勝！！！" is accessible.
2024-07-14 08:17:50,894 Published post "時の流れが早い" is accessible.
2024-07-14 08:17:50,942 Published post "Milthmを布教したい" is accessible.
2024-07-14 08:17:50,988 Published post "孫悟空から感じるエンジニア魂" is accessible.
2024-07-14 08:17:51,039 Published post "3月19日　学位授与" is accessible.
2024-07-14 08:17:51,110 Published post "東京女子大_加藤研合同発表会 in 2024春 (会場移動と懇親会)" is accessible.
2024-07-14 08:17:51,175 Published post "東京女子大_加藤研合同発表会 in 2024春 (プログラムと発表風景)" is accessible.
2024-07-14 08:17:51,221 Published post "学部長賞授与_令和6年4月1日" is accessible.
2024-07-14 08:17:51,271 Published post "眠い" is accessible.
2024-07-14 08:17:51,317 Published post "ログって大学の研究で使えるモノなのか" is accessible.
2024-07-14 08:17:51,363 Published post "お子様ランチに刺さっている旗" is accessible.
2024-07-14 08:17:51,412 Published post "交通事故の怖さ" is accessible.
2024-07-14 08:17:51,457 Published post "systemdで論文要約サイトのバックアップを自動化した話" is accessible.
2024-07-14 08:17:51,505 Published post "マルチキャストについて思った事" is accessible.
2024-07-14 08:17:51,552 Published post "音楽ライブの魅力" is accessible.
2024-07-14 08:17:51,601 Published post "AI VTuber　(??)" is accessible.
2024-07-14 08:17:51,648 Published post "テスト前に掃除し始める例のあれ" is accessible.
2024-07-14 08:17:51,694 Published post "ジャイロ 欠陥" is accessible.
2024-07-14 08:17:51,739 Published post "研究室に3年半所属してみて" is accessible.
2024-07-14 08:17:51,785 Published post "伝えることの難しさ" is accessible.
2024-07-14 08:17:51,831 Published post "修了寄稿" is accessible.
2024-07-14 08:17:51,884 Published post "皆さんありがとう！私はいつもギリギリです．" is accessible.
2024-07-14 08:17:51,932 Published post "[ランダムなタイトルを挿入]" is accessible.
2024-07-14 08:17:51,998 Published post "研究室での時間" is accessible.
2024-07-14 08:17:52,094 Published post "Time flies." is accessible.
2024-07-14 08:17:52,188 Published post "研究室と私" is accessible.
2024-07-14 08:17:52,281 Published post "学部ももう終わり" is accessible.
2024-07-14 08:17:52,355 Published post "己" is accessible.
2024-07-14 08:17:52,424 Published post "最後の投稿" is accessible.
2024-07-14 08:17:52,473 Published post "この日のために" is accessible.
2024-07-14 08:17:52,519 Published post "卒業課題を終えて" is accessible.
2024-07-14 08:17:52,564 Published post "最後の投稿" is accessible.
2024-07-14 08:17:52,613 Published post "感想戦" is accessible.
2024-07-14 08:17:52,658 Published post "これまでの話" is accessible.
2024-07-14 08:17:52,702 Published post "卒業課題は寂しい" is accessible.
2024-07-14 08:17:52,749 Published post "甲子園中止世代から未来の球児へ" is accessible.
2024-07-14 08:17:52,795 Published post "英語の履歴書と日本語の履歴書" is accessible.
2024-07-14 08:17:52,844 Published post "変わった趣味" is accessible.
2024-07-14 08:17:52,890 Published post "CytusⅡを布教したい" is accessible.
2024-07-14 08:17:52,936 Published post "オススメWEB小説作品2選+α" is accessible.
2024-07-14 08:17:52,982 Published post "AAが貼れなかった" is accessible.
2024-07-14 08:17:53,029 Published post "きぬた歯科の看板" is accessible.
2024-07-14 08:17:53,076 Published post "五十嵐さんの記事がCS学部のBlogに掲載" is accessible.
2024-07-14 08:17:53,128 Published post "ヨルシカ◂Ⓘ▸" is accessible.
2024-07-14 08:17:53,177 Published post "東京工科大学　お昼ご飯　格安　お腹いっぱい食られる ワザップ" is accessible.
2024-07-14 08:17:53,222 Published post "IoT Dojoでの活動記録がCS学部Blogに掲載" is accessible.
2024-07-14 08:17:53,270 Published post "晩御飯を作る時" is accessible.
2024-07-14 08:17:53,315 Published post "第15回大学コンソーシアム八王子学生発表会にてCDSLの学生が賞を受賞" is accessible.
2024-07-14 08:17:53,371 Published post "有備無患【大学コンソーシアム八王子】" is accessible.
2024-07-14 08:17:53,417 Published post "学部4年の大沢さんが国際会議IEEE CCEM 2023で発表＆受賞" is accessible.
2024-07-14 08:17:53,463 Published post "八王子コンソーシアムの学生発表について" is accessible.
2024-07-14 08:17:53,509 Published post "VCT2024" is accessible.
2024-07-14 08:17:53,553 Published post "大学コンソーシアム八王子学生発表会に参加しました" is accessible.
2024-07-14 08:17:53,602 Published post "「なのだ！」" is accessible.
2024-07-14 08:17:53,652 Published post "初めてaviutlを使ったら紙芝居ができた" is accessible.
2024-07-14 08:17:53,698 Published post "現代社会を創り出した技術と世界大戦" is accessible.
2024-07-14 08:17:53,744 Published post "季節の食べ物おいしい" is accessible.
2024-07-14 08:17:53,790 Published post "地元愛" is accessible.
2024-07-14 08:17:53,835 Published post "突然のトラブル：PCタッチパッドの謎" is accessible.
2024-07-14 08:17:53,884 Published post "GitHub Educationの申請に苦戦した話" is accessible.
2024-07-14 08:17:53,932 Published post "大阪大学の長谷川研究室に訪問してきました" is accessible.
2024-07-14 08:17:53,976 Published post "初めてのコロナ" is accessible.
2024-07-14 08:17:54,023 Published post "なぜ紅葉を見に行くのか" is accessible.
2024-07-14 08:17:54,080 Published post "ReactをGithub ActionsでCI/CDした話" is accessible.
2024-07-14 08:17:54,125 Published post "人生負け組！生きる価値なし！！！" is accessible.
2024-07-14 08:17:54,171 Published post "DPSW2023での発表の様子がCS学部Blogに掲載されました" is accessible.
2024-07-14 08:17:54,223 Published post "IEEE CCEM2023" is accessible.
2024-07-14 08:17:54,273 Published post "[Day3] DPSWS" is accessible.
2024-07-14 08:17:54,325 Published post "[Day2] DPSWS" is accessible.
2024-07-14 08:17:54,380 Published post "[Day1] DPSWS" is accessible.
2024-07-14 08:17:54,431 Published post "テクニカルレポート提出まで1か月" is accessible.
2024-07-14 08:17:54,476 Published post "内定式に出席しました" is accessible.
2024-07-14 08:17:54,525 Published post "転送サービスを利用した話" is accessible.
2024-07-14 08:17:54,574 Published post "ダイエットについて" is accessible.
2024-07-14 08:17:54,621 Published post "ふぃっしゅ数バージョン1【巨大数論】" is accessible.
2024-07-14 08:17:54,667 Published post "4年の三上さんの記事がCS学部のBlogに掲載" is accessible.
2024-07-14 08:17:54,712 Published post "曲の完成について2" is accessible.
2024-07-14 08:17:54,758 Published post "自己紹介（遠藤空）" is accessible.
2024-07-14 08:17:54,803 Published post "自己紹介(三上 翔太)" is accessible.
2024-07-14 08:17:54,854 Published post "自己紹介(筒井 優貴)" is accessible.
2024-07-14 08:17:54,901 Published post "3年生が研究室に配属されました！" is accessible.
2024-07-14 08:17:54,953 Published post "自己紹介 (奥田滉大)" is accessible.
2024-07-14 08:17:55,000 Published post "自己紹介(宮本港斗)" is accessible.
2024-07-14 08:17:55,051 Published post "自己紹介(橋本 健)" is accessible.
2024-07-14 08:17:55,100 Published post "自己紹介(石川裕人)" is accessible.
2024-07-14 08:17:55,148 Published post "自己紹介（加藤健吾）" is accessible.
2024-07-14 08:17:55,196 Published post "自己紹介（越後谷澪）" is accessible.
2024-07-14 08:17:55,247 Published post "自己紹介（山野倖平）" is accessible.
2024-07-14 08:17:55,292 Published post "自己紹介（鈴木友也）" is accessible.
2024-07-14 08:17:55,339 Published post "東京女子大学加藤研合同発表会 in 2023秋" is accessible.
2024-07-14 08:17:55,385 Published post "最近の不幸について" is accessible.
2024-07-14 08:17:55,436 Published post "サーバーのメモリを変えました" is accessible.
2024-07-14 08:17:55,486 Published post "キングダムおもろー" is accessible.
2024-07-14 08:17:55,530 Published post "自己紹介（田中美帆）" is accessible.
2024-07-14 08:17:55,584 Published post "自己紹介（川端ももの）" is accessible.
2024-07-14 08:17:55,631 Published post "自己紹介　（山本真也）" is accessible.
2024-07-14 08:17:55,678 Published post "自己紹介 (西村 克己)" is accessible.
2024-07-14 08:17:55,726 Published post "自己紹介（近藤悠斗）" is accessible.
2024-07-14 08:17:55,771 Published post "ICM Workshop 2023 を振り返って" is accessible.
2024-07-14 08:17:55,820 Published post "ICM Workshop 2023 [Day2]" is accessible.
2024-07-14 08:17:55,868 Published post "ICM Workshop 2023 [Day1]" is accessible.
2024-07-14 08:17:55,912 Published post "二回目の濃厚接触者になってしまった" is accessible.
2024-07-14 08:17:55,958 Published post "中間発表終了しました" is accessible.
2024-07-14 08:17:56,002 Published post "あと半年" is accessible.
2024-07-14 08:17:56,047 Published post "なぜ，夏のお盆がある？" is accessible.
2024-07-14 08:17:56,118 Published post "マンチェスターシティVS横浜Fマリノス" is accessible.
2024-07-14 08:17:56,178 Published post "TFT研究中 [Patch 13.14]" is accessible.
2024-07-14 08:17:56,232 Published post "COVID‑19" is accessible.
2024-07-14 08:17:56,276 Published post "休みまであと約2週間！！" is accessible.
2024-07-14 08:17:56,328 Published post "The Making of Harry Potter" is accessible.
2024-07-14 08:17:56,378 Published post "Shukatsu Sokatsu カツカツ" is accessible.
2024-07-14 08:17:56,423 Published post "IoT道場　進捗報告" is accessible.
2024-07-14 08:17:56,471 Published post "最近お気に入りの学食" is accessible.
2024-07-14 08:17:56,519 Published post "【読書レポート】『シラノ・ド・ベルジュラック』渡辺守章/訳" is accessible.
2024-07-14 08:17:56,563 Published post "曲の完成について" is accessible.
2024-07-14 08:17:56,608 Published post "生活習慣(筋トレ)" is accessible.
2024-07-14 08:17:56,653 Published post "最はま" is accessible.
2024-07-14 08:17:56,698 Published post "外耳炎で苦しんだ話" is accessible.
2024-07-14 08:17:56,743 Published post "今シーズン振り返り" is accessible.
2024-07-14 08:17:56,788 Published post "今年の映画マジ豊作" is accessible.
2024-07-14 08:17:56,835 Published post "学報75号にIoT道場の活動報告が掲載されました" is accessible.
2024-07-14 08:17:56,880 Published post "自動車学校に通い始めました" is accessible.
2024-07-14 08:17:56,924 Published post "新バージョン「Docker Desktop 4.19」" is accessible.
2024-07-14 08:17:56,970 Published post "[悲報]Dockerfile、生モノだった" is accessible.
2024-07-14 08:17:57,016 Published post "Kubernetes に使われている意外な技術" is accessible.
2024-07-14 08:17:57,065 Published post "束の間の休日" is accessible.
2024-07-14 08:17:57,117 Published post "北海道" is accessible.
2024-07-14 08:17:57,172 Published post "Star Wars Day" is accessible.
2024-07-14 08:17:57,218 Published post "新規サーバー登場" is accessible.
2024-07-14 08:17:57,268 Published post "GWの過ごし方について(今後．．．．)" is accessible.
2024-07-14 08:17:57,315 Published post "音楽理論を学んで" is accessible.
2024-07-14 08:17:57,361 Published post "2023度卒業生の高木さんに3年半の感想をインタビュー" is accessible.
2024-07-14 08:17:57,406 Published post "2023度卒業生の小山さんに3年半の感想をインタビュー" is accessible.
2024-07-14 08:17:57,451 Published post "2023卒業生の杉本さんに3年半の感想をインタビュー" is accessible.
2024-07-14 08:17:57,496 Published post "研究室の紹介ビデオを撮影中" is accessible.
2024-07-14 08:17:57,541 Published post "食事の大切さにについて" is accessible.
2024-07-14 08:17:57,587 Published post "とりあえずピアス開けた(^q^)" is accessible.
2024-07-14 08:17:57,637 Published post "帰省ついでに旅行に行ってきた" is accessible.
2024-07-14 08:17:57,682 Published post "節約術を鍛えたい" is accessible.
2024-07-14 08:17:57,727 Published post "よりより" is accessible.
2024-07-14 08:17:57,774 Published post "引き続き沼っています（9万円溶かしました）" is accessible.
2024-07-14 08:17:57,824 Published post "AINA2023を終えて" is accessible.
2024-07-14 08:17:57,868 Published post "もう４月だよ" is accessible.
2024-07-14 08:17:57,915 Published post "小山さんの出張記事がCS学部のブログに掲載" is accessible.
2024-07-14 08:17:57,964 Published post "PRIME X570-PRO/CSMのBIOSをバージョンアップしてみた" is accessible.
2024-07-14 08:17:58,013 Published post "[day6] 日本はもうすぐ" is accessible.
2024-07-14 08:17:58,065 Published post "[day5] 日本に向けて移動" is accessible.
2024-07-14 08:17:58,110 Published post "League of Legendsの上達と課題" is accessible.
2024-07-14 08:17:58,160 Published post "[day4] CIoT2023の3日目" is accessible.
2024-07-14 08:17:58,211 Published post "[day3] CIoT2023の2日目" is accessible.
2024-07-14 08:17:58,267 Published post "[day2] CIoT2023の1日目" is accessible.
2024-07-14 08:17:58,313 Published post "発表の大変さと大切さ" is accessible.
2024-07-14 08:17:58,365 Published post "[day1] 韓国からポルトガルへ" is accessible.
2024-07-14 08:17:58,414 Published post "[day0] CIoT 2023に向けて出発" is accessible.
2024-07-14 08:17:58,464 Published post "東京女子大学加藤研合同発表会 in 2023春" is accessible.
2024-07-14 08:17:58,515 Published post "学位授与式" is accessible.
2024-07-14 08:17:58,561 Published post "インドの大学との共同成果をテクニカルレポートで公開" is accessible.
2024-07-14 08:17:58,613 Published post "DPS194(東京)にてCDSL4年生2名が発表しました" is accessible.
2024-07-14 08:17:58,657 Published post "SynthesizerV AIがどう使われていくのか気になっている" is accessible.
2024-07-14 08:17:58,703 Published post "就活苦しい就活" is accessible.
2024-07-14 08:17:58,753 Published post "Los Angeles" is accessible.
2024-07-14 08:17:58,799 Published post "半年後の君へ" is accessible.
2024-07-14 08:17:58,844 Published post "IoT Dojo 2022 [チーム:いいじまっち]での成果を動画にて公開" is accessible.
2024-07-14 08:17:58,892 Published post "ハイパー演算とアッカーマン関数【巨大数論】" is accessible.
2024-07-14 08:17:58,937 Published post "インドの大学と共同で論文を執筆し、公開" is accessible.
2024-07-14 08:17:58,981 Published post "卒業論文に向けて" is accessible.
2024-07-14 08:17:59,028 Published post "ポスター発表会" is accessible.
2024-07-14 08:17:59,077 Published post "サーバーの追加作業(Plum)" is accessible.
2024-07-14 08:17:59,124 Published post "Slay the Spire、上手くなりたい" is accessible.
2024-07-14 08:17:59,170 Published post "東京恐い" is accessible.
2024-07-14 08:17:59,215 Published post "2022年度卒業課題最終発表会" is accessible.
2024-07-14 08:17:59,263 Published post "Macユーザの私がゲームのために心を鬼にしてWindows PCを買った話" is accessible.
2024-07-14 08:17:59,308 Published post "近況報告" is accessible.
2024-07-14 08:17:59,355 Published post "熟睡のために" is accessible.
2024-07-14 08:17:59,401 Published post "新しく始めたゲームに沼ってます" is accessible.
2024-07-14 08:17:59,445 Published post "小山さんの論文が国際会議6th Conference on Cloud and Internet of Thingsにて採録" is accessible.
2024-07-14 08:17:59,491 Published post "M2の小山さんが書いたCloud Native Dojo/IoT Dojoの記事" is accessible.
2024-07-14 08:17:59,536 Published post "はまっているスマホゲームについて" is accessible.
2024-07-14 08:17:59,582 Published post "春休み" is accessible.
2024-07-14 08:17:59,631 Published post "M2 MacBook Airを買いました" is accessible.
2024-07-14 08:17:59,676 Published post "杉本さんの論文が国際会議AINA2023にて採録" is accessible.
2024-07-14 08:17:59,725 Published post "Semantic Versioning を考える" is accessible.
2024-07-14 08:17:59,770 Published post "就職活動の失敗について" is accessible.
2024-07-14 08:17:59,818 Published post "AWSの無料枠EC2でelasticsearchを動かす時にメモリが足りない！！" is accessible.
2024-07-14 08:17:59,863 Published post "スクレイピングで馬の情報を取りたいね" is accessible.
2024-07-14 08:17:59,907 Published post "サッカーワールドカップを観た感想" is accessible.
2024-07-14 08:17:59,952 Published post "Wasmtimeのメジャーバージョンが上がるのが早くてびっくりした話" is accessible.
2024-07-14 08:18:00,004 Published post "第193回DPS研究会での発表（仙台編）" is accessible.
2024-07-14 08:18:00,054 Published post "バージョン1.0と完成度のジレンマ" is accessible.
2024-07-14 08:18:00,109 Published post "openVinoを使った話" is accessible.
2024-07-14 08:18:00,154 Published post "もし私が大学院に進学しなければ" is accessible.
2024-07-14 08:18:00,205 Published post "2022年ももうすぐ終わり" is accessible.
2024-07-14 08:18:00,256 Published post "サーモンランの評価上げ方(スプラ3)" is accessible.
2024-07-14 08:18:00,313 Published post "チェンソーマンのOP・ED曲のMV一覧" is accessible.
2024-07-14 08:18:00,361 Published post "マックの番号札にmacアドレスが書いてありました。（テーブルロケータ）" is accessible.
2024-07-14 08:18:00,411 Published post "チャリ日和" is accessible.
2024-07-14 08:18:00,456 Published post "【フリーVST】Valhalla Super Massiveの試用" is accessible.
2024-07-14 08:18:00,503 Published post "DPSWS2022にて研究発表 ~ 咽頭炎を沿えて ~" is accessible.
2024-07-14 08:18:00,549 Published post "後期テクニカルレポート提出期限間近！" is accessible.
2024-07-14 08:18:00,597 Published post "curlの-wオプション（時間計測）" is accessible.
2024-07-14 08:18:00,643 Published post "不思議な英単語&#8221;Ghoti&#8221;の読み方とは？ー英語の綴りと発音の謎について解説！" is accessible.
2024-07-14 08:18:00,687 Published post "自己紹介 ( 五十嵐 蓮 )" is accessible.
2024-07-14 08:18:00,732 Published post "自己紹介（西嶌知良）" is accessible.
2024-07-14 08:18:00,776 Published post "自己紹介（中里聖）" is accessible.
2024-07-14 08:18:00,821 Published post "自己紹介（圖齋雄治）" is accessible.
2024-07-14 08:18:00,867 Published post "自己紹介（栗原尚希）" is accessible.
2024-07-14 08:18:00,911 Published post "自己紹介（金子拓磨）" is accessible.
2024-07-14 08:18:00,956 Published post "自己紹介（遠藤睦実）" is accessible.
2024-07-14 08:18:01,001 Published post "自己紹介" is accessible.
2024-07-14 08:18:01,052 Published post "メンターがすべきこと 〜IoT Dojoからの学び〜" is accessible.
2024-07-14 08:18:01,132 Published post "東京女子大学 加藤研究室と合同研究発表会を行いました！" is accessible.
2024-07-14 08:18:01,177 Published post "自己紹介（いだなおき）" is accessible.
2024-07-14 08:18:01,222 Published post "自己紹介です" is accessible.
2024-07-14 08:18:01,274 Published post "大学(院)研究に必要なのは何か" is accessible.
2024-07-14 08:18:01,323 Published post "自己紹介 (増田 和範)" is accessible.
2024-07-14 08:18:01,369 Published post "運用は難しい" is accessible.
2024-07-14 08:18:01,417 Published post "書き捨てのPythonプロジェクトを生成するワンライナー" is accessible.
2024-07-14 08:18:01,470 Published post "情報処理学会 DPS192(広島)にての発表" is accessible.
2024-07-14 08:18:01,520 Published post "ICM Workshop 2022" is accessible.
2024-07-14 08:18:01,566 Published post "KubernetesのNamespaceがTerminatingで消えないとき" is accessible.
2024-07-14 08:18:01,614 Published post "BWF World Championshipsにいってきました" is accessible.
2024-07-14 08:18:01,662 Published post "おかし" is accessible.
2024-07-14 08:18:01,715 Published post "Dockerの勉強会を行ったときの資料" is accessible.
2024-07-14 08:18:01,764 Published post "ESXiが起動できなくなったのでBIOSアップデートをしました。" is accessible.
2024-07-14 08:18:01,811 Published post "3年生初めての作業" is accessible.
2024-07-14 08:18:01,863 Published post "修士の中間審査を行いました" is accessible.
2024-07-14 08:18:01,910 Published post "GPA2以下が学会発表する" is accessible.
2024-07-14 08:18:01,961 Published post "就職すべきか進学すべきか、それが問題だ" is accessible.
2024-07-14 08:18:02,010 Published post "輪講会でのスライドの作り方" is accessible.
2024-07-14 08:18:02,055 Published post "髙木さんの記事がCS学部のBlogに掲載" is accessible.
2024-07-14 08:18:02,102 Published post "India-Japan Cooperative Learning 2022/7/8" is accessible.
2024-07-14 08:18:02,155 Published post "一難去ってまた一難" is accessible.
2024-07-14 08:18:02,209 Published post "GIoTS 2022 での学会発表 ~ 発表編 ~" is accessible.
2024-07-14 08:18:02,321 Published post "GIoTS 2022 での学会発表 ~ ダブリンでの生活編 ~" is accessible.
2024-07-14 08:18:02,418 Published post "GIoTS 2022 での学会発表 ~ IoT Week編 ~" is accessible.
2024-07-14 08:18:02,495 Published post "GIoTS 2022 での学会発表 ~ 出国・入国編 ~" is accessible.
2024-07-14 08:18:02,550 Published post "富士山に登りたいと思っている話" is accessible.
2024-07-14 08:18:02,599 Published post "高木さんからダブリンのプレゼントをいただきました!!ありがとう!!" is accessible.
2024-07-14 08:18:02,655 Published post "YouTubeで学べるインド英語" is accessible.
2024-07-14 08:18:02,715 Published post "【安価！】povo2.0とポケットWi-FiでIoT機器用モバイルネットワーク環境の構築" is accessible.
2024-07-14 08:18:02,764 Published post "India-Japan Cooperative Learning 2022/6/3" is accessible.
2024-07-14 08:18:02,813 Published post "cronの設定場所" is accessible.
2024-07-14 08:18:02,864 Published post "情報処理学会 DPS191(沖縄)にて発表してきました" is accessible.
2024-07-14 08:18:02,911 Published post "最近" is accessible.
2024-07-14 08:18:02,957 Published post "髙木さんが国際会議Global IoT Summitで発表 " is accessible.
2024-07-14 08:18:03,004 Published post "India-Japan Cooperative Learning 2022/5/20" is accessible.
2024-07-14 08:18:03,050 Published post "IoT Dojo キックオフ" is accessible.
2024-07-14 08:18:03,095 Published post "India-Japan Cooperative Learning 2022/5/13" is accessible.
2024-07-14 08:18:03,145 Published post "飯島さんの研究が大学案内2023に掲載" is accessible.
2024-07-14 08:18:03,194 Published post "テクニカルレポート検索サイト Doktorを公開しました" is accessible.
2024-07-14 08:18:03,243 Published post "インタビュー動画作成しました！" is accessible.
2024-07-14 08:18:03,288 Published post "これまでの学部・修士でやってきた就活の話" is accessible.
2024-07-14 08:18:03,334 Published post "Cloud Native Dojo 2021での成果を動画で公開" is accessible.
2024-07-14 08:18:03,380 Published post "インドの学生と顔合わせしました" is accessible.
2024-07-14 08:18:03,427 Published post "SO_REUSEPORT 完全に理解した（い）" is accessible.
2024-07-14 08:18:03,473 Published post "CDSLの本棚" is accessible.
2024-07-14 08:18:03,518 Published post "小山さんがAINA-2022で発表" is accessible.
2024-07-14 08:18:03,565 Published post "国際会議 AINA-2022 で発表しました" is accessible.
2024-07-14 08:18:03,612 Published post "学生証から学籍番号を取得してみた" is accessible.
2024-07-14 08:18:03,666 Published post "ESXi上のrke2にistioをインストールする" is accessible.
2024-07-14 08:18:03,714 Published post "東京女子大学と合同研究発表会を行いました！" is accessible.
2024-07-14 08:18:03,765 Published post "伊藤さんがポスター発表審査会の優秀賞を受賞しました" is accessible.
2024-07-14 08:18:03,817 Published post "Open Campus 2022で研究室紹介を行いました！" is accessible.
2024-07-14 08:18:03,865 Published post "学生2名が学部長賞を受賞しました" is accessible.
2024-07-14 08:18:03,917 Published post "インフラのトラブルシューティングでやることまとめ" is accessible.
2024-07-14 08:18:03,963 Published post "自己紹介" is accessible.
2024-07-14 08:18:04,010 Published post "春休みの研究室" is accessible.
2024-07-14 08:18:04,056 Published post "小山さんの論文が情報処理学会論文誌に掲載" is accessible.
2024-07-14 08:18:04,101 Published post "飯島さん，秋山さんがDPS研究会で発表" is accessible.
2024-07-14 08:18:04,148 Published post "ただの自己紹介" is accessible.
2024-07-14 08:18:04,193 Published post "自己紹介する" is accessible.
2024-07-14 08:18:04,240 Published post "VMの作成とOSインストール，遠隔ログイン設定を自動化" is accessible.
2024-07-14 08:18:04,287 Published post "じこしょーかい！" is accessible.
2024-07-14 08:18:04,333 Published post "自宅に Kubernetes 環境を構築した話" is accessible.
2024-07-14 08:18:04,382 Published post "【バズ・ライトイヤーのアストロブラスターで10万点取る方法】" is accessible.
2024-07-14 08:18:04,432 Published post "WordPressサーバを移行しました。＋自己紹介" is accessible.
2024-07-14 08:18:04,477 Published post "自己紹介" is accessible.
2024-07-14 08:18:04,524 Published post "自己紹介" is accessible.
2024-07-14 08:18:04,585 Published post "研究室を振り返って" is accessible.
2024-07-14 08:18:04,634 Published post "ESP32並列処理のあれそれ" is accessible.
2024-07-14 08:18:04,683 Published post "新たなサーバーの組み立て" is accessible.
2024-07-14 08:18:04,729 Published post "研究室にあるVMのバックアップ事情" is accessible.
2024-07-14 08:18:04,777 Published post "第29回 マルチメディア通信と分散処理ワークショップ (DPSWS2021)で発表を行いました" is accessible.
2024-07-14 08:18:04,824 Published post "髙木さん，杉本さん，河竹さんがCCEM2021で受賞" is accessible.
2024-07-14 08:18:04,868 Published post "M-1グランプリ2021の話" is accessible.
2024-07-14 08:18:04,912 Published post "内定式" is accessible.
2024-07-14 08:18:04,959 Published post "Cloud Native Dojo #1 / #2を開催" is accessible.
2024-07-14 08:18:05,013 Published post "ワクチンの副作用の話" is accessible.
2024-07-14 08:18:05,062 Published post "CDSLのBoot Camp (2021)" is accessible.
2024-07-14 08:18:05,109 Published post "衣食住のはなし" is accessible.
2024-07-14 08:18:05,154 Published post "東京女子大学との合同研究発表会について" is accessible.
2024-07-14 08:18:05,201 Published post "あなたは『環境に良い車』に乗りたいですか？" is accessible.
2024-07-14 08:18:05,247 Published post "五味康隆氏から学ぶ、自動車のこれから" is accessible.
2024-07-14 08:18:05,292 Published post "Open Hack U 2021 Onlineに参加しました" is accessible.
2024-07-14 08:18:05,336 Published post "「Cloud Native Dojo 2021」の記事がCS学部Blogに掲載されました．" is accessible.
2024-07-14 08:18:05,384 Published post "pLaTeXで丸数字を埋め込むマクロをつくる" is accessible.
2024-07-14 08:18:05,430 Published post "ICM Workshop 2021" is accessible.
2024-07-14 08:18:05,475 Published post "Twitterアカウントを開設しました" is accessible.
2024-07-14 08:18:05,521 Published post "さよなら踏み台VM，こんにちは踏み台コンテナ！" is accessible.
2024-07-14 08:18:05,567 Published post "2021年度卒業課題中間発表会" is accessible.
2024-07-14 08:18:05,620 Published post "AWSのKubernetesエンジンであるEKSを使ってみた話" is accessible.
2024-07-14 08:18:05,665 Published post "CDSLスケジュール in 2021summer" is accessible.
2024-07-14 08:18:05,716 Published post "学部2年生を対象にCloud Native Dojoを開催" is accessible.
2024-07-14 08:18:05,764 Published post "卒業研究の基礎実験" is accessible.
2024-07-14 08:18:05,815 Published post "『ビジョナリー・カンパニー』から学ぶ経営学" is accessible.
2024-07-14 08:18:05,862 Published post "睡眠不足の方へ" is accessible.
2024-07-14 08:18:05,909 Published post "ゲリラ雷雨" is accessible.
2024-07-14 08:18:05,958 Published post "表面温度取得がバグってる件について" is accessible.
2024-07-14 08:18:06,005 Published post "コラッツ予想って本当なんか！？" is accessible.
2024-07-14 08:18:06,049 Published post "NBAファイナルの話" is accessible.
2024-07-14 08:18:06,124 Published post "美味しかった八王子のラーメン3選" is accessible.
2024-07-14 08:18:06,175 Published post "Remote SSH で Include ディレクティブを利用したときにハマったこと" is accessible.
2024-07-14 08:18:06,221 Published post "UARTのあれこれ" is accessible.
2024-07-14 08:18:06,264 Published post "パチンコの話" is accessible.
2024-07-14 08:18:06,313 Published post "3年くらい使っていた1080tiが壊れて、転売ヤーを恨んだ話" is accessible.
2024-07-14 08:18:06,358 Published post "DPS・MBL・ITS・SeMI合同研究発表会で発表した話" is accessible.
2024-07-14 08:18:06,406 Published post "就職活動で役に立ったアプリ" is accessible.
2024-07-14 08:18:06,453 Published post "Apple製品を使うなら自動化を極めようという話" is accessible.
2024-07-14 08:18:06,499 Published post "シン・エヴァンゲリオンで出てきた”L5”という単語について" is accessible.
2024-07-14 08:18:06,545 Published post "就活の報告" is accessible.
2024-07-14 08:18:06,595 Published post "かっこいいポンチ絵の書き方" is accessible.
2024-07-14 08:18:06,642 Published post "学位授与式がありました" is accessible.
2024-07-14 08:18:06,689 Published post "変ハ長調の面白さ" is accessible.
2024-07-14 08:18:06,736 Published post "API Blueprint でAPI設計書を書く 超入門編 Part1" is accessible.
2024-07-14 08:18:06,781 Published post "英単語暗記法" is accessible.
2024-07-14 08:18:06,825 Published post "Apexでマスターに行く方法" is accessible.
2024-07-14 08:18:06,872 Published post "東京女子大学との合同発表会を行いました" is accessible.
2024-07-14 08:18:06,918 Published post "新宮さん，飯島さん，小山さんがコンピュータサイエンス学部から表彰されました．" is accessible.
2024-07-14 08:18:06,966 Published post "IEEE CCEM PCW 2021で発表しました" is accessible.
2024-07-14 08:18:07,013 Published post "仲良くサーバー組み立て" is accessible.
2024-07-14 08:18:07,061 Published post "今まで経験してきたアルバイトまとめ" is accessible.
2024-07-14 08:18:07,108 Published post "2021年卒業研究発表会" is accessible.
2024-07-14 08:18:07,165 Published post "ヒドラゲームと巨大数論" is accessible.
2024-07-14 08:18:07,213 Published post "[解決法]LatexでURLを載せる時にエラーになってしまう/フォントが他の周りから浮いてしまう" is accessible.
2024-07-14 08:18:07,260 Published post "実装難しすぎる問題" is accessible.
2024-07-14 08:18:07,306 Published post "BLEの身近な使われ方" is accessible.
2024-07-14 08:18:07,353 Published post "第185回 DPS研究発表会で発表を行いました" is accessible.
2024-07-14 08:18:07,403 Published post "k8sのあれこれ(k3s, k0s..etc)" is accessible.
2024-07-14 08:18:07,455 Published post "Unified RequestID Assignment on MicroservicesがThe Student Project Showcase Proposal &#8211; First Prizeを受賞しました．" is accessible.
2024-07-14 08:18:07,499 Published post "飯島貴政さんがCCEM2020で受賞" is accessible.
2024-07-14 08:18:07,545 Published post "Amazon,楽天の抱える危機" is accessible.
2024-07-14 08:18:07,591 Published post "go toキャンペーン" is accessible.
2024-07-14 08:18:07,638 Published post "データ送受信フォーム作成コマンドの始まり" is accessible.
2024-07-14 08:18:07,687 Published post "gossとGitHub Actionsでインフラを自動テストした" is accessible.
2024-07-14 08:18:07,730 Published post "自己紹介" is accessible.
2024-07-14 08:18:07,775 Published post "自己紹介" is accessible.
2024-07-14 08:18:07,820 Published post "大規模なゲームを運用するということ" is accessible.
2024-07-14 08:18:07,865 Published post "第三回テクニカルレポート" is accessible.
2024-07-14 08:18:07,910 Published post "自己紹介" is accessible.
2024-07-14 08:18:07,956 Published post "クレジットカードブランドとカード発行会社について" is accessible.
2024-07-14 08:18:08,002 Published post "自己紹介" is accessible.
2024-07-14 08:18:08,046 Published post "自己紹介とIoT相談会" is accessible.
2024-07-14 08:18:08,093 Published post "カオスエンジニアリングとは" is accessible.
2024-07-14 08:18:08,138 Published post "自己申告フォーム作成" is accessible.
2024-07-14 08:18:08,184 Published post "デジタル・コミュニケーションの課題とは?" is accessible.
2024-07-14 08:18:08,228 Published post "はじめまして" is accessible.
2024-07-14 08:18:08,274 Published post "PCは暖房説" is accessible.
2024-07-14 08:18:08,319 Published post "テーマに悩む話 -巨人様のお足元にて-" is accessible.
2024-07-14 08:18:08,369 Published post "研究室で3台目のサーバーを組み立てる" is accessible.
2024-07-14 08:18:08,417 Published post "IoT講習会" is accessible.
2024-07-14 08:18:08,463 Published post "CDSLのBoot Camp！" is accessible.
2024-07-14 08:18:08,507 Published post "２０２０年度後期授業が始まりました！" is accessible.
2024-07-14 08:18:08,562 Published post "Synology DS1618+(NAS) HDDを交換した" is accessible.
2024-07-14 08:18:08,614 Published post "Synology DS1618+(NAS) LUN拡張の手引き" is accessible.
2024-07-14 08:18:08,662 Published post "はじめまして" is accessible.
2024-07-14 08:18:08,706 Published post "中間発表会" is accessible.
2024-07-14 08:18:08,756 Published post "BootCampを開催しました！(2日目)" is accessible.
2024-07-14 08:18:08,805 Published post "BootCampを開催しました！(1日目)" is accessible.
2024-07-14 08:18:08,852 Published post "マイコンのスリープモードを簡単に理解したい！" is accessible.
2024-07-14 08:18:08,899 Published post "分散システムにおけるCAP定理とは" is accessible.
2024-07-14 08:18:08,947 Published post "クラウド技術が勉強会で分かる! そう，CDSLならね．" is accessible.
2024-07-14 08:18:08,993 Published post "ビザンチン将軍問題 ~合意するって難しい~" is accessible.
2024-07-14 08:18:09,040 Published post "IoT機器のセットアップを始めました" is accessible.
2024-07-14 08:18:09,086 Published post "3年生向けの研究室紹介サイトの負荷試験を実施しました" is accessible.
2024-07-14 08:18:09,130 Published post "外部公開用のk3s構築をしました" is accessible.
2024-07-14 08:18:09,180 Published post "CS学部の新入生に見てほしいコンテンツ" is accessible.
2024-07-14 08:18:09,227 Published post "平常通りオンラインでミーティング" is accessible.
2024-07-14 08:18:09,270 Published post "研究室で稼働しているESXiのVMを掃除しました" is accessible.
2024-07-14 08:18:09,318 Published post "創成課題で使用したIoT機材を片付けました" is accessible.
2024-07-14 08:18:09,364 Published post "卒業研究の準備をはじめました" is accessible.
2024-07-14 08:18:09,411 Published post "創成課題が終了しました" is accessible.
2024-07-14 08:18:09,459 Published post "Qiitaいいね数が1000超" is accessible.
2024-07-14 08:18:09,504 Published post "Qiita 週間 Organizationランキングで3位" is accessible.
2024-07-14 08:18:09,552 Published post "CDSLの立ち上げを振り返る" is accessible.
2024-07-14 08:18:09,599 Published post "テクニカルレポートを公開" is accessible.
2024-07-14 08:18:09,601 Execution time for check_published_pages_and_posts: 22.761988639831543 seconds
2024-07-14 08:18:10,160 Image "https://ja.tak-cslab.org/wp-content/uploads/2024/06/komatta_man2-1.png" is accessible.
2024-07-14 08:18:10,193 Image "https://ja.tak-cslab.org/wp-content/uploads/2024/06/discussion-794137_1280-1024x682.jpg" is accessible.
2024-07-14 08:18:10,250 Image "https://ja.tak-cslab.org/wp-content/uploads/2024/06/FullSizeRender-edited.jpeg" is accessible.
2024-07-14 08:18:10,281 Image "https://ja.tak-cslab.org/wp-content/uploads/2024/06/IMG_1462-768x1024.jpg" is accessible.
2024-07-14 08:18:10,325 Image "https://ja.tak-cslab.org/wp-content/uploads/2024/06/IMG_1463-2-768x1024.jpg" is accessible.
2024-07-14 08:18:10,365 Image "https://ja.tak-cslab.org/wp-content/uploads/2024/06/1578146709094-1024x737.jpg" is accessible.
2024-07-14 08:18:10,521 Image "https://cdn.mainichi.jp/vol1/2019/07/12/20190712ddm001010054000p/8.jpg?1" is accessible.
2024-07-14 08:18:10,551 Image "https://ja.tak-cslab.org/wp-content/uploads/2024/06/1618113444267-1024x768.jpg" is accessible.
2024-07-14 08:18:10,591 Image "https://tenkoo.tokyo/map.jpg" is accessible.
2024-07-14 08:18:10,644 Image "https://tenkoo.tokyo/k6405.jpg" is accessible.
2024-07-14 08:18:10,672 Image "https://ja.tak-cslab.org/wp-content/uploads/2024/05/IMG_1273-1024x768.jpg" is accessible.
2024-07-14 08:18:10,701 Image "https://ja.tak-cslab.org/wp-content/uploads/2024/05/IMG_1272-1024x768.jpg" is accessible.
2024-07-14 08:18:10,748 Image "https://ja.tak-cslab.org/wp-content/uploads/2024/05/IMG_9188-768x1024.jpg" is accessible.
2024-07-14 08:18:10,780 Image "https://ja.tak-cslab.org/wp-content/uploads/2024/05/image-5.png" is accessible.
2024-07-14 08:18:10,809 Image "https://ja.tak-cslab.org/wp-content/uploads/2024/05/IMG_1270-768x1024.jpg" is accessible.
2024-07-14 08:18:10,842 Image "https://ja.tak-cslab.org/wp-content/uploads/2024/05/20azuki-ra16.jpg" is accessible.
2024-07-14 08:18:10,898 Image "https://ja.tak-cslab.org/wp-content/uploads/2024/05/image-3.png" is accessible.
2024-07-14 08:18:10,942 Image "https://ja.tak-cslab.org/wp-content/uploads/2024/05/image-1-1024x366.png" is accessible.
2024-07-14 08:18:10,979 Image "https://ja.tak-cslab.org/wp-content/uploads/2024/05/image-631x1024.png" is accessible.
2024-07-14 08:18:11,014 Image "https://ja.tak-cslab.org/wp-content/uploads/2024/05/image-2.png" is accessible.
2024-07-14 08:18:11,061 Image "https://ja.tak-cslab.org/wp-content/uploads/2024/05/ハムスター.png" is accessible.
2024-07-14 08:18:11,094 Image "https://ja.tak-cslab.org/wp-content/uploads/2024/04/people-2557396_1280-1024x682.jpg" is accessible.
2024-07-14 08:18:11,131 Image "https://ja.tak-cslab.org/wp-content/uploads/2024/04/IMG_9959-1024x768.jpg" is accessible.
2024-07-14 08:18:11,162 Image "https://ja.tak-cslab.org/wp-content/uploads/2024/04/IMG_9963-1024x768.jpg" is accessible.
2024-07-14 08:18:11,193 Image "https://ja.tak-cslab.org/wp-content/uploads/2024/04/IMG_9960-1024x768.jpg" is accessible.
2024-07-14 08:18:11,225 Image "https://ja.tak-cslab.org/wp-content/uploads/2024/04/IMG_9969-1024x768.jpg" is accessible.
2024-07-14 08:18:11,260 Image "https://ja.tak-cslab.org/wp-content/uploads/2024/04/IMG_2561-1024x768.jpg" is accessible.
2024-07-14 08:18:11,292 Image "https://ja.tak-cslab.org/wp-content/uploads/2024/04/IMG_2562-1024x768.jpg" is accessible.
2024-07-14 08:18:11,325 Image "https://ja.tak-cslab.org/wp-content/uploads/2024/04/IMG_2563-1-1024x768.jpg" is accessible.
2024-07-14 08:18:11,354 Image "https://ja.tak-cslab.org/wp-content/uploads/2024/04/image.png" is accessible.
2024-07-14 08:18:11,381 Image "https://ja.tak-cslab.org/wp-content/uploads/2024/04/image-2.png" is accessible.
2024-07-14 08:18:11,407 Image "https://ja.tak-cslab.org/wp-content/uploads/2024/04/image-1.png" is accessible.
2024-07-14 08:18:11,437 Image "https://ja.tak-cslab.org/wp-content/uploads/2024/04/IMG_1232-768x1024.jpg" is accessible.
2024-07-14 08:18:11,475 Image "https://ja.tak-cslab.org/wp-content/uploads/2024/04/IMG_1172-768x1024.jpg" is accessible.
2024-07-14 08:18:11,518 Image "https://ja.tak-cslab.org/wp-content/uploads/2024/04/IMG_1273-768x1024.jpg" is accessible.
2024-07-14 08:18:11,548 Image "https://ja.tak-cslab.org/wp-content/uploads/2024/04/IMG_1180-768x1024.jpg" is accessible.
2024-07-14 08:18:11,573 Image "https://ja.tak-cslab.org/wp-content/uploads/2024/04/IMG_9116-768x1024.jpg" is accessible.
2024-07-14 08:18:11,604 Image "https://ja.tak-cslab.org/wp-content/uploads/2024/04/IMG_9113-1-768x1024.jpg" is accessible.
2024-07-14 08:18:11,634 Image "https://ja.tak-cslab.org/wp-content/uploads/2024/04/IMG_9122-768x1024.jpg" is accessible.
2024-07-14 08:18:11,664 Image "https://ja.tak-cslab.org/wp-content/uploads/2024/04/IMG_9118-768x1024.jpg" is accessible.
2024-07-14 08:18:11,813 Image "https://www.teu.ac.jp/gakubu/images/cs_images/course_field_2023.png" is accessible.
2024-07-14 08:18:11,839 Image "https://ja.tak-cslab.org/wp-content/uploads/2024/03/年齢と体感時間.webp" is accessible.
2024-07-14 08:18:11,873 Image "https://ja.tak-cslab.org/wp-content/uploads/2024/03/孫悟空-1024x567.jpg" is accessible.
2024-07-14 08:18:11,904 Image "https://ja.tak-cslab.org/wp-content/uploads/2024/03/IMG_9132-1-768x1024.jpg" is accessible.
2024-07-14 08:18:11,937 Image "https://ja.tak-cslab.org/wp-content/uploads/2024/03/IMG_9127-768x1024.jpg" is accessible.
2024-07-14 08:18:11,962 Image "https://ja.tak-cslab.org/wp-content/uploads/2024/03/IMG_9133-1-768x1024.jpg" is accessible.
2024-07-14 08:18:11,996 Image "https://ja.tak-cslab.org/wp-content/uploads/2024/03/IMG_9140-1-768x1024.jpg" is accessible.
2024-07-14 08:18:12,024 Image "https://ja.tak-cslab.org/wp-content/uploads/2024/03/IMG_9135-1-768x1024.jpg" is accessible.
2024-07-14 08:18:12,052 Image "https://ja.tak-cslab.org/wp-content/uploads/2024/03/IMG_9139-2-768x1024.jpg" is accessible.
2024-07-14 08:18:12,082 Image "https://ja.tak-cslab.org/wp-content/uploads/2024/03/IMG_9136-1-768x1024.jpg" is accessible.
2024-07-14 08:18:12,111 Image "https://ja.tak-cslab.org/wp-content/uploads/2024/03/IMG_9126-768x1024.jpg" is accessible.
2024-07-14 08:18:12,144 Image "https://ja.tak-cslab.org/wp-content/uploads/2024/03/IMG_9124-768x1024.jpg" is accessible.
2024-07-14 08:18:12,178 Image "https://ja.tak-cslab.org/wp-content/uploads/2024/03/IMG_9131-2-768x1024.jpg" is accessible.
2024-07-14 08:18:12,207 Image "https://ja.tak-cslab.org/wp-content/uploads/2024/03/IMG_9125-768x1024.jpg" is accessible.
2024-07-14 08:18:12,241 Image "https://ja.tak-cslab.org/wp-content/uploads/2024/03/IMG_9129-768x1024.jpg" is accessible.
2024-07-14 08:18:12,271 Image "https://ja.tak-cslab.org/wp-content/uploads/2024/03/IMG_9137-1-768x1024.jpg" is accessible.
2024-07-14 08:18:12,304 Image "https://ja.tak-cslab.org/wp-content/uploads/2024/03/IMG_9128-768x1024.jpg" is accessible.
2024-07-14 08:18:12,334 Image "https://ja.tak-cslab.org/wp-content/uploads/2024/03/IMG_9138-1-768x1024.jpg" is accessible.
2024-07-14 08:18:12,362 Image "https://ja.tak-cslab.org/wp-content/uploads/2024/03/IMG_9130-3-768x1024.jpg" is accessible.
2024-07-14 08:18:12,394 Image "https://ja.tak-cslab.org/wp-content/uploads/2024/03/IMG_9134-1-768x1024.jpg" is accessible.
2024-07-14 08:18:12,429 Image "https://ja.tak-cslab.org/wp-content/uploads/2024/03/IMG_3012-768x1024.jpg" is accessible.
2024-07-14 08:18:12,459 Image "https://ja.tak-cslab.org/wp-content/uploads/2024/03/IMG_2024-03-22-12-33-42-061-1024x768.jpg" is accessible.
2024-07-14 08:18:12,502 Image "https://ja.tak-cslab.org/wp-content/uploads/2024/03/IMG_3701-1024x768.jpg" is accessible.
2024-07-14 08:18:12,534 Image "https://ja.tak-cslab.org/wp-content/uploads/2024/03/PXL_20240322_043640629-1024x576.jpg" is accessible.
2024-07-14 08:18:12,574 Image "https://ja.tak-cslab.org/wp-content/uploads/2024/03/IMG_1406-768x1024.jpg" is accessible.
2024-07-14 08:18:12,604 Image "https://ja.tak-cslab.org/wp-content/uploads/2024/03/PXL_20240322_104659281-576x1024.jpg" is accessible.
2024-07-14 08:18:12,640 Image "https://ja.tak-cslab.org/wp-content/uploads/2024/03/IMG_3010-768x1024.jpg" is accessible.
2024-07-14 08:18:12,672 Image "https://ja.tak-cslab.org/wp-content/uploads/2024/03/PXL_20240322_043700566-1024x576.jpg" is accessible.
2024-07-14 08:18:12,701 Image "https://ja.tak-cslab.org/wp-content/uploads/2024/03/20240322_124636-1024x768.jpg" is accessible.
2024-07-14 08:18:12,730 Image "https://ja.tak-cslab.org/wp-content/uploads/2024/03/IMG_3011-768x1024.jpg" is accessible.
2024-07-14 08:18:12,757 Image "https://ja.tak-cslab.org/wp-content/uploads/2024/03/IMG_3478-1024x576.jpg" is accessible.
2024-07-14 08:18:12,788 Image "https://ja.tak-cslab.org/wp-content/uploads/2024/03/IMG_3493-1024x576.jpg" is accessible.
2024-07-14 08:18:12,817 Image "https://ja.tak-cslab.org/wp-content/uploads/2024/03/IMG_3473-1024x576.jpg" is accessible.
2024-07-14 08:18:12,850 Image "https://ja.tak-cslab.org/wp-content/uploads/2024/03/IMG_3489-1024x576.jpg" is accessible.
2024-07-14 08:18:12,882 Image "https://ja.tak-cslab.org/wp-content/uploads/2024/03/IMG_3503-1024x576.jpg" is accessible.
2024-07-14 08:18:12,910 Image "https://ja.tak-cslab.org/wp-content/uploads/2024/03/IMG_3485-1024x576.jpg" is accessible.
2024-07-14 08:18:12,936 Image "https://ja.tak-cslab.org/wp-content/uploads/2024/03/DSC_1926-768x1024.jpg" is accessible.
2024-07-14 08:18:12,962 Image "https://ja.tak-cslab.org/wp-content/uploads/2024/03/DSC_1925-1-768x1024.jpg" is accessible.
2024-07-14 08:18:12,998 Image "https://ja.tak-cslab.org/wp-content/uploads/2024/02/image-3.png" is accessible.
2024-07-14 08:18:13,028 Image "https://ja.tak-cslab.org/wp-content/uploads/2024/02/S__69574663-962x1024.jpg" is accessible.
2024-07-14 08:18:13,298 Image "https://storage.googleapis.com/studio-design-assets/projects/M3aAKAk7Oe/s-2400x1350_v-frms_webp_2b15e86e-7c76-4778-b78f-edec7635bb56_regular.webp" is accessible.
2024-07-14 08:18:13,330 Image "https://ja.tak-cslab.org/wp-content/uploads/2024/02/jairo-1024x768.jpg" is accessible.
2024-07-14 08:18:13,359 Image "https://ja.tak-cslab.org/wp-content/uploads/2024/02/me-ta-ne-jann-768x1024.jpg" is accessible.
2024-07-14 08:18:13,393 Image "https://ja.tak-cslab.org/wp-content/uploads/2024/02/image.png" is accessible.
2024-07-14 08:18:13,427 Image "https://ja.tak-cslab.org/wp-content/uploads/2024/01/IMG_2338-1024x768.jpg" is accessible.
2024-07-14 08:18:13,460 Image "https://ja.tak-cslab.org/wp-content/uploads/2024/01/IMG_2337-1024x768.jpg" is accessible.
2024-07-14 08:18:13,496 Image "https://ja.tak-cslab.org/wp-content/uploads/2024/01/IMG_2099-1-768x1024.jpg" is accessible.
2024-07-14 08:18:13,531 Image "https://ja.tak-cslab.org/wp-content/uploads/2024/01/IMG_2339-1024x768.jpg" is accessible.
2024-07-14 08:18:13,557 Image "https://ja.tak-cslab.org/wp-content/uploads/2024/01/IMG_2428-1.jpg" is accessible.
2024-07-14 08:18:13,598 Image "https://ja.tak-cslab.org/wp-content/uploads/2024/01/image-4.png" is accessible.
2024-07-14 08:18:13,637 Image "https://ja.tak-cslab.org/wp-content/uploads/2023/12/S__162324489-1-edited.jpg" is accessible.
2024-07-14 08:18:13,671 Image "https://ja.tak-cslab.org/wp-content/uploads/2023/12/IMG_1198-1024x768.jpg" is accessible.
2024-07-14 08:18:13,705 Image "https://ja.tak-cslab.org/wp-content/uploads/2023/12/ブログ画像-1024x768.jpg" is accessible.
2024-07-14 08:18:13,736 Image "https://ja.tak-cslab.org/wp-content/uploads/2023/12/p_20231209_111120-1-1024x768.jpg" is accessible.
2024-07-14 08:18:13,765 Image "https://ja.tak-cslab.org/wp-content/uploads/2023/12/img_1004-1024x576.jpg" is accessible.
2024-07-14 08:18:13,796 Image "https://ja.tak-cslab.org/wp-content/uploads/2023/12/img_1001-1024x768.jpg" is accessible.
2024-07-14 08:18:13,831 Image "https://ja.tak-cslab.org/wp-content/uploads/2023/12/PXL_20231212_033809250-1024x768.jpg" is accessible.
2024-07-14 08:18:13,861 Image "https://ja.tak-cslab.org/wp-content/uploads/2023/12/IMG_2742-2-1024x683.jpg" is accessible.
2024-07-14 08:18:13,891 Image "https://ja.tak-cslab.org/wp-content/uploads/2023/12/IMG_5114-576x1024.jpg" is accessible.
2024-07-14 08:18:13,924 Image "https://ja.tak-cslab.org/wp-content/uploads/2023/12/IMG_2748-1024x683.jpg" is accessible.
2024-07-14 08:18:13,957 Image "https://ja.tak-cslab.org/wp-content/uploads/2023/12/IMG_2747-1-1024x683.jpg" is accessible.
2024-07-14 08:18:13,991 Image "https://ja.tak-cslab.org/wp-content/uploads/2023/12/IMG_2754-1024x683.jpg" is accessible.
2024-07-14 08:18:14,019 Image "https://ja.tak-cslab.org/wp-content/uploads/2023/12/IMG_2763-1024x683.jpg" is accessible.
2024-07-14 08:18:14,045 Image "https://ja.tak-cslab.org/wp-content/uploads/2023/12/IMG_2741-4-1024x683.jpg" is accessible.
2024-07-14 08:18:14,080 Image "https://ja.tak-cslab.org/wp-content/uploads/2023/12/P_20231209_122058-1-1024x768.jpg" is accessible.
2024-07-14 08:18:14,127 Image "https://pics.prcm.jp/0a88668e5ae68/71101397/png/71101397.png" is accessible.
2024-07-14 08:18:14,182 Image "https://th.bing.com/th/id/OIP.tU1YbEsNfzxG6ctNvgpFiwHaJ4?w=136&amp;h=181&amp;c=7&amp;r=0&amp;o=5&amp;pid=1.7" is accessible.
2024-07-14 08:18:14,545 Image "https://livedoor.blogimg.jp/yuruge/imgs/4/d/4d81f42e.jpg" is accessible.
2024-07-14 08:18:14,581 Image "https://ja.tak-cslab.org/wp-content/uploads/2023/12/a.png" is accessible.
2024-07-14 08:18:14,607 Image "https://ja.tak-cslab.org/wp-content/uploads/2023/11/image-1.png" is accessible.
2024-07-14 08:18:14,636 Image "https://ja.tak-cslab.org/wp-content/uploads/2023/11/image.png" is accessible.
2024-07-14 08:18:14,678 Image "https://ja.tak-cslab.org/wp-content/uploads/2023/11/PXL_20231012_050914966-1024x771.jpg" is accessible.
2024-07-14 08:18:14,714 Image "https://ja.tak-cslab.org/wp-content/uploads/2023/11/PXL_20231120_002200206-1-1024x769.jpg" is accessible.
2024-07-14 08:18:14,748 Image "https://ja.tak-cslab.org/wp-content/uploads/2023/11/PXL_20231120_001842548-1-769x1024.jpg" is accessible.
2024-07-14 08:18:14,773 Image "https://ja.tak-cslab.org/wp-content/uploads/2023/10/名称未設定ファイル-1.jpg" is accessible.
2024-07-14 08:18:14,804 Image "https://ja.tak-cslab.org/wp-content/uploads/2023/11/2-Osawa.jpeg" is accessible.
2024-07-14 08:18:14,805 Execution time for check_images: 5.204025983810425 seconds
2024-07-14 08:18:14,843 Login page is accessible.
2024-07-14 08:18:14,844 Execution time for check_login_page: 0.03790712356567383 seconds
2024-07-14 08:18:14,883 Post created successfully: テスト記事
2024-07-14 08:18:14,884 Execution time for create_post: 0.03978610038757324 seconds
2024-07-14 08:18:14,921 Post edited successfully: ID 5944
2024-07-14 08:18:14,921 Execution time for edit_post: 0.03753805160522461 seconds
2024-07-14 08:18:14,966 Post deleted successfully: ID 5944
2024-07-14 08:18:14,967 Execution time for delete_post: 0.04528927803039551 seconds
2024-07-14 08:18:14,967 Total execution time: 28.249004364013672 seconds
