2024-07-13 15:24:29,914 Top page is accessible.
2024-07-13 15:24:29,915 Execution time for check_top_page: 0.08875536918640137 seconds
2024-07-13 15:24:30,060 Failed to fetch pages. Status Code: 400
2024-07-13 15:24:31,503 Failed to fetch posts. Status Code: 400
2024-07-13 15:24:31,504 Total number of published pages: 12
2024-07-13 15:24:31,504 Total number of published posts: 418
2024-07-13 15:24:31,553 Published page "Dojoの活動成果" is accessible.
2024-07-13 15:24:31,598 Published page "研究室紹介" is accessible.
2024-07-13 15:24:31,644 Published page "CDSLの紹介" is accessible.
2024-07-13 15:24:31,683 Published page "ファシリティ" is accessible.
2024-07-13 15:24:31,730 Published page "ITファシリティ" is accessible.
2024-07-13 15:24:31,778 Published page "使用ツール" is accessible.
2024-07-13 15:24:31,825 Published page "公開アセット(Qiita, GitHub)" is accessible.
2024-07-13 15:24:31,868 Published page "研究室配属" is accessible.
2024-07-13 15:24:31,911 Published page "アクセス" is accessible.
2024-07-13 15:24:31,959 Published page "メンバー" is accessible.
2024-07-13 15:24:32,006 Published page "テクニカルレポート" is accessible.
2024-07-13 15:24:32,052 Published page "ホーム" is accessible.
2024-07-13 15:24:32,096 Published post "ヘビ毒と母の言葉は遅効性" is accessible.
2024-07-13 15:24:32,143 Published post "1年前の自分と振り返って" is accessible.
2024-07-13 15:24:32,189 Published post "コンピュータ関連の仕事でもコミュニケーションが大切" is accessible.
2024-07-13 15:24:32,235 Published post "自身のテクレポタイトルの変遷" is accessible.
2024-07-13 15:24:32,285 Published post "Regulation" is accessible.
2024-07-13 15:24:32,330 Published post "穴釣りの楽しさについて" is accessible.
2024-07-13 15:24:32,377 Published post "人生の場数を用いた企業面接の攻略法" is accessible.
2024-07-13 15:24:32,422 Published post "ミックスボイス出したい" is accessible.
2024-07-13 15:24:32,468 Published post "間食は食べ過ぎないように" is accessible.
2024-07-13 15:24:32,514 Published post "サバゲーに行く話" is accessible.
2024-07-13 15:24:32,560 Published post "朝起きられない人へ" is accessible.
2024-07-13 15:24:32,607 Published post "サバゲ―に行った話" is accessible.
2024-07-13 15:24:32,655 Published post "八王子駅周辺おすすめラーメン屋さん" is accessible.
2024-07-13 15:24:32,701 Published post "AIにブログ書かせてみた" is accessible.
2024-07-13 15:24:32,746 Published post "休日の過ごし方　" is accessible.
2024-07-13 15:24:32,792 Published post "上野原市から見える高速道路について" is accessible.
2024-07-13 15:24:32,839 Published post "技術の視点が変わった話" is accessible.
2024-07-13 15:24:32,885 Published post "東京工科大学で取れる食物繊維について" is accessible.
2024-07-13 15:24:32,930 Published post "研究室でハムスター飼いたい" is accessible.
2024-07-13 15:24:32,976 Published post "春と夏の間" is accessible.
2024-07-13 15:24:33,020 Published post "おい，お前！そこのお前だよ！" is accessible.
2024-07-13 15:24:33,066 Published post "Cloud Native Dojo 2024の募集をしました!" is accessible.
2024-07-13 15:24:33,112 Published post "社会人と学生の違い" is accessible.
2024-07-13 15:24:33,159 Published post "2024年度　新入生学部交流会" is accessible.
2024-07-13 15:24:33,208 Published post "2024年度 新入生ガイダンス_フレッシャーズゼミ" is accessible.
2024-07-13 15:24:33,254 Published post "Struggling with Accents" is accessible.
2024-07-13 15:24:33,300 Published post "変調を勉強" is accessible.
2024-07-13 15:24:33,346 Published post "プラットフォームとしての自動化(Zapier)" is accessible.
2024-07-13 15:24:33,393 Published post "学部生最後の旅行" is accessible.
2024-07-13 15:24:33,437 Published post "情報処理学会第198回マルチメディア通信と分散処理研究報告会においてプレゼンテーションを行いました" is accessible.
2024-07-13 15:24:33,482 Published post "オープンキャンパス2024でIoT Dojoのデモンストレーションを行いました" is accessible.
2024-07-13 15:24:33,529 Published post "3月１９日　表彰式" is accessible.
2024-07-13 15:24:33,582 Published post "東京工科大学の新学期" is accessible.
2024-07-13 15:24:33,627 Published post "3年ぶりの優勝！！！" is accessible.
2024-07-13 15:24:33,674 Published post "時の流れが早い" is accessible.
2024-07-13 15:24:33,722 Published post "Milthmを布教したい" is accessible.
2024-07-13 15:24:33,768 Published post "孫悟空から感じるエンジニア魂" is accessible.
2024-07-13 15:24:33,818 Published post "3月19日　学位授与" is accessible.
2024-07-13 15:24:33,869 Published post "東京女子大_加藤研合同発表会 in 2024春 (会場移動と懇親会)" is accessible.
2024-07-13 15:24:33,957 Published post "東京女子大_加藤研合同発表会 in 2024春 (プログラムと発表風景)" is accessible.
2024-07-13 15:24:34,052 Published post "学部長賞授与_令和6年4月1日" is accessible.
2024-07-13 15:24:34,143 Published post "眠い" is accessible.
2024-07-13 15:24:34,214 Published post "ログって大学の研究で使えるモノなのか" is accessible.
2024-07-13 15:24:34,274 Published post "お子様ランチに刺さっている旗" is accessible.
2024-07-13 15:24:34,324 Published post "交通事故の怖さ" is accessible.
2024-07-13 15:24:34,377 Published post "systemdで論文要約サイトのバックアップを自動化した話" is accessible.
2024-07-13 15:24:34,424 Published post "マルチキャストについて思った事" is accessible.
2024-07-13 15:24:34,470 Published post "音楽ライブの魅力" is accessible.
2024-07-13 15:24:34,518 Published post "AI VTuber　(??)" is accessible.
2024-07-13 15:24:34,567 Published post "テスト前に掃除し始める例のあれ" is accessible.
2024-07-13 15:24:34,616 Published post "ジャイロ 欠陥" is accessible.
2024-07-13 15:24:34,661 Published post "研究室に3年半所属してみて" is accessible.
2024-07-13 15:24:34,707 Published post "伝えることの難しさ" is accessible.
2024-07-13 15:24:34,752 Published post "修了寄稿" is accessible.
2024-07-13 15:24:34,797 Published post "皆さんありがとう！私はいつもギリギリです．" is accessible.
2024-07-13 15:24:34,842 Published post "[ランダムなタイトルを挿入]" is accessible.
2024-07-13 15:24:34,889 Published post "研究室での時間" is accessible.
2024-07-13 15:24:34,934 Published post "Time flies." is accessible.
2024-07-13 15:24:34,981 Published post "研究室と私" is accessible.
2024-07-13 15:24:35,027 Published post "学部ももう終わり" is accessible.
2024-07-13 15:24:35,075 Published post "己" is accessible.
2024-07-13 15:24:35,120 Published post "最後の投稿" is accessible.
2024-07-13 15:24:35,165 Published post "この日のために" is accessible.
2024-07-13 15:24:35,211 Published post "卒業課題を終えて" is accessible.
2024-07-13 15:24:35,255 Published post "最後の投稿" is accessible.
2024-07-13 15:24:35,300 Published post "感想戦" is accessible.
2024-07-13 15:24:35,345 Published post "これまでの話" is accessible.
2024-07-13 15:24:35,390 Published post "卒業課題は寂しい" is accessible.
2024-07-13 15:24:35,436 Published post "甲子園中止世代から未来の球児へ" is accessible.
2024-07-13 15:24:35,482 Published post "英語の履歴書と日本語の履歴書" is accessible.
2024-07-13 15:24:35,531 Published post "変わった趣味" is accessible.
2024-07-13 15:24:35,585 Published post "CytusⅡを布教したい" is accessible.
2024-07-13 15:24:35,632 Published post "オススメWEB小説作品2選+α" is accessible.
2024-07-13 15:24:35,677 Published post "AAが貼れなかった" is accessible.
2024-07-13 15:24:35,754 Published post "きぬた歯科の看板" is accessible.
2024-07-13 15:24:35,799 Published post "五十嵐さんの記事がCS学部のBlogに掲載" is accessible.
2024-07-13 15:24:35,856 Published post "ヨルシカ◂Ⓘ▸" is accessible.
2024-07-13 15:24:35,901 Published post "東京工科大学　お昼ご飯　格安　お腹いっぱい食られる ワザップ" is accessible.
2024-07-13 15:24:35,946 Published post "IoT Dojoでの活動記録がCS学部Blogに掲載" is accessible.
2024-07-13 15:24:35,994 Published post "晩御飯を作る時" is accessible.
2024-07-13 15:24:36,040 Published post "第15回大学コンソーシアム八王子学生発表会にてCDSLの学生が賞を受賞" is accessible.
2024-07-13 15:24:36,087 Published post "有備無患【大学コンソーシアム八王子】" is accessible.
2024-07-13 15:24:36,133 Published post "学部4年の大沢さんが国際会議IEEE CCEM 2023で発表＆受賞" is accessible.
2024-07-13 15:24:36,181 Published post "八王子コンソーシアムの学生発表について" is accessible.
2024-07-13 15:24:36,226 Published post "VCT2024" is accessible.
2024-07-13 15:24:36,273 Published post "大学コンソーシアム八王子学生発表会に参加しました" is accessible.
2024-07-13 15:24:36,320 Published post "「なのだ！」" is accessible.
2024-07-13 15:24:36,365 Published post "初めてaviutlを使ったら紙芝居ができた" is accessible.
2024-07-13 15:24:36,411 Published post "現代社会を創り出した技術と世界大戦" is accessible.
2024-07-13 15:24:36,456 Published post "季節の食べ物おいしい" is accessible.
2024-07-13 15:24:36,502 Published post "地元愛" is accessible.
2024-07-13 15:24:36,547 Published post "突然のトラブル：PCタッチパッドの謎" is accessible.
2024-07-13 15:24:36,597 Published post "GitHub Educationの申請に苦戦した話" is accessible.
2024-07-13 15:24:36,644 Published post "大阪大学の長谷川研究室に訪問してきました" is accessible.
2024-07-13 15:24:36,690 Published post "初めてのコロナ" is accessible.
2024-07-13 15:24:36,736 Published post "なぜ紅葉を見に行くのか" is accessible.
2024-07-13 15:24:36,791 Published post "ReactをGithub ActionsでCI/CDした話" is accessible.
2024-07-13 15:24:36,837 Published post "人生負け組！生きる価値なし！！！" is accessible.
2024-07-13 15:24:36,882 Published post "DPSW2023での発表の様子がCS学部Blogに掲載されました" is accessible.
2024-07-13 15:24:36,931 Published post "IEEE CCEM2023" is accessible.
2024-07-13 15:24:36,981 Published post "[Day3] DPSWS" is accessible.
2024-07-13 15:24:37,033 Published post "[Day2] DPSWS" is accessible.
2024-07-13 15:24:37,087 Published post "[Day1] DPSWS" is accessible.
2024-07-13 15:24:37,133 Published post "テクニカルレポート提出まで1か月" is accessible.
2024-07-13 15:24:37,178 Published post "内定式に出席しました" is accessible.
2024-07-13 15:24:37,225 Published post "転送サービスを利用した話" is accessible.
2024-07-13 15:24:37,271 Published post "ダイエットについて" is accessible.
2024-07-13 15:24:37,317 Published post "ふぃっしゅ数バージョン1【巨大数論】" is accessible.
2024-07-13 15:24:37,362 Published post "4年の三上さんの記事がCS学部のBlogに掲載" is accessible.
2024-07-13 15:24:37,409 Published post "曲の完成について2" is accessible.
2024-07-13 15:24:37,456 Published post "自己紹介（遠藤空）" is accessible.
2024-07-13 15:24:37,502 Published post "自己紹介(三上 翔太)" is accessible.
2024-07-13 15:24:37,547 Published post "自己紹介(筒井 優貴)" is accessible.
2024-07-13 15:24:37,596 Published post "3年生が研究室に配属されました！" is accessible.
2024-07-13 15:24:37,642 Published post "自己紹介 (奥田滉大)" is accessible.
2024-07-13 15:24:37,687 Published post "自己紹介(宮本港斗)" is accessible.
2024-07-13 15:24:37,734 Published post "自己紹介(橋本 健)" is accessible.
2024-07-13 15:24:37,778 Published post "自己紹介(石川裕人)" is accessible.
2024-07-13 15:24:37,824 Published post "自己紹介（加藤健吾）" is accessible.
2024-07-13 15:24:37,869 Published post "自己紹介（越後谷澪）" is accessible.
2024-07-13 15:24:37,915 Published post "自己紹介（山野倖平）" is accessible.
2024-07-13 15:24:37,961 Published post "自己紹介（鈴木友也）" is accessible.
2024-07-13 15:24:38,007 Published post "東京女子大学加藤研合同発表会 in 2023秋" is accessible.
2024-07-13 15:24:38,055 Published post "最近の不幸について" is accessible.
2024-07-13 15:24:38,104 Published post "サーバーのメモリを変えました" is accessible.
2024-07-13 15:24:38,152 Published post "キングダムおもろー" is accessible.
2024-07-13 15:24:38,198 Published post "自己紹介（田中美帆）" is accessible.
2024-07-13 15:24:38,242 Published post "自己紹介（川端ももの）" is accessible.
2024-07-13 15:24:38,288 Published post "自己紹介　（山本真也）" is accessible.
2024-07-13 15:24:38,334 Published post "自己紹介 (西村 克己)" is accessible.
2024-07-13 15:24:38,381 Published post "自己紹介（近藤悠斗）" is accessible.
2024-07-13 15:24:38,426 Published post "ICM Workshop 2023 を振り返って" is accessible.
2024-07-13 15:24:38,474 Published post "ICM Workshop 2023 [Day2]" is accessible.
2024-07-13 15:24:38,522 Published post "ICM Workshop 2023 [Day1]" is accessible.
2024-07-13 15:24:38,566 Published post "二回目の濃厚接触者になってしまった" is accessible.
2024-07-13 15:24:38,611 Published post "中間発表終了しました" is accessible.
2024-07-13 15:24:38,657 Published post "あと半年" is accessible.
2024-07-13 15:24:38,703 Published post "なぜ，夏のお盆がある？" is accessible.
2024-07-13 15:24:38,751 Published post "マンチェスターシティVS横浜Fマリノス" is accessible.
2024-07-13 15:24:38,802 Published post "TFT研究中 [Patch 13.14]" is accessible.
2024-07-13 15:24:38,848 Published post "COVID‑19" is accessible.
2024-07-13 15:24:38,894 Published post "休みまであと約2週間！！" is accessible.
2024-07-13 15:24:38,945 Published post "The Making of Harry Potter" is accessible.
2024-07-13 15:24:38,991 Published post "Shukatsu Sokatsu カツカツ" is accessible.
2024-07-13 15:24:39,037 Published post "IoT道場　進捗報告" is accessible.
2024-07-13 15:24:39,085 Published post "最近お気に入りの学食" is accessible.
2024-07-13 15:24:39,130 Published post "【読書レポート】『シラノ・ド・ベルジュラック』渡辺守章/訳" is accessible.
2024-07-13 15:24:39,175 Published post "曲の完成について" is accessible.
2024-07-13 15:24:39,220 Published post "生活習慣(筋トレ)" is accessible.
2024-07-13 15:24:39,265 Published post "最はま" is accessible.
2024-07-13 15:24:39,310 Published post "外耳炎で苦しんだ話" is accessible.
2024-07-13 15:24:39,355 Published post "今シーズン振り返り" is accessible.
2024-07-13 15:24:39,401 Published post "今年の映画マジ豊作" is accessible.
2024-07-13 15:24:39,446 Published post "学報75号にIoT道場の活動報告が掲載されました" is accessible.
2024-07-13 15:24:39,491 Published post "自動車学校に通い始めました" is accessible.
2024-07-13 15:24:39,538 Published post "新バージョン「Docker Desktop 4.19」" is accessible.
2024-07-13 15:24:39,583 Published post "[悲報]Dockerfile、生モノだった" is accessible.
2024-07-13 15:24:39,630 Published post "Kubernetes に使われている意外な技術" is accessible.
2024-07-13 15:24:39,677 Published post "束の間の休日" is accessible.
2024-07-13 15:24:39,724 Published post "北海道" is accessible.
2024-07-13 15:24:39,771 Published post "Star Wars Day" is accessible.
2024-07-13 15:24:39,818 Published post "新規サーバー登場" is accessible.
2024-07-13 15:24:39,863 Published post "GWの過ごし方について(今後．．．．)" is accessible.
2024-07-13 15:24:39,908 Published post "音楽理論を学んで" is accessible.
2024-07-13 15:24:39,954 Published post "2023度卒業生の高木さんに3年半の感想をインタビュー" is accessible.
2024-07-13 15:24:39,999 Published post "2023度卒業生の小山さんに3年半の感想をインタビュー" is accessible.
2024-07-13 15:24:40,046 Published post "2023卒業生の杉本さんに3年半の感想をインタビュー" is accessible.
2024-07-13 15:24:40,094 Published post "研究室の紹介ビデオを撮影中" is accessible.
2024-07-13 15:24:40,137 Published post "食事の大切さにについて" is accessible.
2024-07-13 15:24:40,184 Published post "とりあえずピアス開けた(^q^)" is accessible.
2024-07-13 15:24:40,235 Published post "帰省ついでに旅行に行ってきた" is accessible.
2024-07-13 15:24:40,280 Published post "節約術を鍛えたい" is accessible.
2024-07-13 15:24:40,327 Published post "よりより" is accessible.
2024-07-13 15:24:40,375 Published post "引き続き沼っています（9万円溶かしました）" is accessible.
2024-07-13 15:24:40,424 Published post "AINA2023を終えて" is accessible.
2024-07-13 15:24:40,469 Published post "もう４月だよ" is accessible.
2024-07-13 15:24:40,515 Published post "小山さんの出張記事がCS学部のブログに掲載" is accessible.
2024-07-13 15:24:40,564 Published post "PRIME X570-PRO/CSMのBIOSをバージョンアップしてみた" is accessible.
2024-07-13 15:24:40,611 Published post "[day6] 日本はもうすぐ" is accessible.
2024-07-13 15:24:40,662 Published post "[day5] 日本に向けて移動" is accessible.
2024-07-13 15:24:40,723 Published post "League of Legendsの上達と課題" is accessible.
2024-07-13 15:24:40,785 Published post "[day4] CIoT2023の3日目" is accessible.
2024-07-13 15:24:40,836 Published post "[day3] CIoT2023の2日目" is accessible.
2024-07-13 15:24:40,888 Published post "[day2] CIoT2023の1日目" is accessible.
2024-07-13 15:24:40,932 Published post "発表の大変さと大切さ" is accessible.
2024-07-13 15:24:40,983 Published post "[day1] 韓国からポルトガルへ" is accessible.
2024-07-13 15:24:41,033 Published post "[day0] CIoT 2023に向けて出発" is accessible.
2024-07-13 15:24:41,084 Published post "東京女子大学加藤研合同発表会 in 2023春" is accessible.
2024-07-13 15:24:41,131 Published post "学位授与式" is accessible.
2024-07-13 15:24:41,175 Published post "インドの大学との共同成果をテクニカルレポートで公開" is accessible.
2024-07-13 15:24:41,225 Published post "DPS194(東京)にてCDSL4年生2名が発表しました" is accessible.
2024-07-13 15:24:41,271 Published post "SynthesizerV AIがどう使われていくのか気になっている" is accessible.
2024-07-13 15:24:41,316 Published post "就活苦しい就活" is accessible.
2024-07-13 15:24:41,364 Published post "Los Angeles" is accessible.
2024-07-13 15:24:41,408 Published post "半年後の君へ" is accessible.
2024-07-13 15:24:41,455 Published post "IoT Dojo 2022 [チーム:いいじまっち]での成果を動画にて公開" is accessible.
2024-07-13 15:24:41,503 Published post "ハイパー演算とアッカーマン関数【巨大数論】" is accessible.
2024-07-13 15:24:41,548 Published post "インドの大学と共同で論文を執筆し、公開" is accessible.
2024-07-13 15:24:41,592 Published post "卒業論文に向けて" is accessible.
2024-07-13 15:24:41,641 Published post "ポスター発表会" is accessible.
2024-07-13 15:24:41,690 Published post "サーバーの追加作業(Plum)" is accessible.
2024-07-13 15:24:41,736 Published post "Slay the Spire、上手くなりたい" is accessible.
2024-07-13 15:24:41,790 Published post "東京恐い" is accessible.
2024-07-13 15:24:41,837 Published post "2022年度卒業課題最終発表会" is accessible.
2024-07-13 15:24:41,884 Published post "Macユーザの私がゲームのために心を鬼にしてWindows PCを買った話" is accessible.
2024-07-13 15:24:41,929 Published post "近況報告" is accessible.
2024-07-13 15:24:41,976 Published post "熟睡のために" is accessible.
2024-07-13 15:24:42,020 Published post "新しく始めたゲームに沼ってます" is accessible.
2024-07-13 15:24:42,065 Published post "小山さんの論文が国際会議6th Conference on Cloud and Internet of Thingsにて採録" is accessible.
2024-07-13 15:24:42,110 Published post "M2の小山さんが書いたCloud Native Dojo/IoT Dojoの記事" is accessible.
2024-07-13 15:24:42,156 Published post "はまっているスマホゲームについて" is accessible.
2024-07-13 15:24:42,201 Published post "春休み" is accessible.
2024-07-13 15:24:42,247 Published post "M2 MacBook Airを買いました" is accessible.
2024-07-13 15:24:42,291 Published post "杉本さんの論文が国際会議AINA2023にて採録" is accessible.
2024-07-13 15:24:42,339 Published post "Semantic Versioning を考える" is accessible.
2024-07-13 15:24:42,383 Published post "就職活動の失敗について" is accessible.
2024-07-13 15:24:42,431 Published post "AWSの無料枠EC2でelasticsearchを動かす時にメモリが足りない！！" is accessible.
2024-07-13 15:24:42,477 Published post "スクレイピングで馬の情報を取りたいね" is accessible.
2024-07-13 15:24:42,521 Published post "サッカーワールドカップを観た感想" is accessible.
2024-07-13 15:24:42,566 Published post "Wasmtimeのメジャーバージョンが上がるのが早くてびっくりした話" is accessible.
2024-07-13 15:24:42,615 Published post "第193回DPS研究会での発表（仙台編）" is accessible.
2024-07-13 15:24:42,665 Published post "バージョン1.0と完成度のジレンマ" is accessible.
2024-07-13 15:24:42,719 Published post "openVinoを使った話" is accessible.
2024-07-13 15:24:42,765 Published post "もし私が大学院に進学しなければ" is accessible.
2024-07-13 15:24:42,812 Published post "2022年ももうすぐ終わり" is accessible.
2024-07-13 15:24:42,861 Published post "サーモンランの評価上げ方(スプラ3)" is accessible.
2024-07-13 15:24:42,908 Published post "チェンソーマンのOP・ED曲のMV一覧" is accessible.
2024-07-13 15:24:42,955 Published post "マックの番号札にmacアドレスが書いてありました。（テーブルロケータ）" is accessible.
2024-07-13 15:24:43,003 Published post "チャリ日和" is accessible.
2024-07-13 15:24:43,049 Published post "【フリーVST】Valhalla Super Massiveの試用" is accessible.
2024-07-13 15:24:43,096 Published post "DPSWS2022にて研究発表 ~ 咽頭炎を沿えて ~" is accessible.
2024-07-13 15:24:43,140 Published post "後期テクニカルレポート提出期限間近！" is accessible.
2024-07-13 15:24:43,187 Published post "curlの-wオプション（時間計測）" is accessible.
2024-07-13 15:24:43,232 Published post "不思議な英単語&#8221;Ghoti&#8221;の読み方とは？ー英語の綴りと発音の謎について解説！" is accessible.
2024-07-13 15:24:43,277 Published post "自己紹介 ( 五十嵐 蓮 )" is accessible.
2024-07-13 15:24:43,324 Published post "自己紹介（西嶌知良）" is accessible.
2024-07-13 15:24:43,369 Published post "自己紹介（中里聖）" is accessible.
2024-07-13 15:24:43,414 Published post "自己紹介（圖齋雄治）" is accessible.
2024-07-13 15:24:43,458 Published post "自己紹介（栗原尚希）" is accessible.
2024-07-13 15:24:43,502 Published post "自己紹介（金子拓磨）" is accessible.
2024-07-13 15:24:43,548 Published post "自己紹介（遠藤睦実）" is accessible.
2024-07-13 15:24:43,593 Published post "自己紹介" is accessible.
2024-07-13 15:24:43,640 Published post "メンターがすべきこと 〜IoT Dojoからの学び〜" is accessible.
2024-07-13 15:24:43,690 Published post "東京女子大学 加藤研究室と合同研究発表会を行いました！" is accessible.
2024-07-13 15:24:43,735 Published post "自己紹介（いだなおき）" is accessible.
2024-07-13 15:24:43,781 Published post "自己紹介です" is accessible.
2024-07-13 15:24:43,831 Published post "大学(院)研究に必要なのは何か" is accessible.
2024-07-13 15:24:43,878 Published post "自己紹介 (増田 和範)" is accessible.
2024-07-13 15:24:43,925 Published post "運用は難しい" is accessible.
2024-07-13 15:24:43,970 Published post "書き捨てのPythonプロジェクトを生成するワンライナー" is accessible.
2024-07-13 15:24:44,021 Published post "情報処理学会 DPS192(広島)にての発表" is accessible.
2024-07-13 15:24:44,071 Published post "ICM Workshop 2022" is accessible.
2024-07-13 15:24:44,117 Published post "KubernetesのNamespaceがTerminatingで消えないとき" is accessible.
2024-07-13 15:24:44,163 Published post "BWF World Championshipsにいってきました" is accessible.
2024-07-13 15:24:44,210 Published post "おかし" is accessible.
2024-07-13 15:24:44,258 Published post "Dockerの勉強会を行ったときの資料" is accessible.
2024-07-13 15:24:44,306 Published post "ESXiが起動できなくなったのでBIOSアップデートをしました。" is accessible.
2024-07-13 15:24:44,352 Published post "3年生初めての作業" is accessible.
2024-07-13 15:24:44,402 Published post "修士の中間審査を行いました" is accessible.
2024-07-13 15:24:44,447 Published post "GPA2以下が学会発表する" is accessible.
2024-07-13 15:24:44,494 Published post "就職すべきか進学すべきか、それが問題だ" is accessible.
2024-07-13 15:24:44,541 Published post "輪講会でのスライドの作り方" is accessible.
2024-07-13 15:24:44,586 Published post "髙木さんの記事がCS学部のBlogに掲載" is accessible.
2024-07-13 15:24:44,636 Published post "India-Japan Cooperative Learning 2022/7/8" is accessible.
2024-07-13 15:24:44,681 Published post "一難去ってまた一難" is accessible.
2024-07-13 15:24:44,731 Published post "GIoTS 2022 での学会発表 ~ 発表編 ~" is accessible.
2024-07-13 15:24:44,788 Published post "GIoTS 2022 での学会発表 ~ ダブリンでの生活編 ~" is accessible.
2024-07-13 15:24:44,838 Published post "GIoTS 2022 での学会発表 ~ IoT Week編 ~" is accessible.
2024-07-13 15:24:44,891 Published post "GIoTS 2022 での学会発表 ~ 出国・入国編 ~" is accessible.
2024-07-13 15:24:44,936 Published post "富士山に登りたいと思っている話" is accessible.
2024-07-13 15:24:44,983 Published post "高木さんからダブリンのプレゼントをいただきました!!ありがとう!!" is accessible.
2024-07-13 15:24:45,030 Published post "YouTubeで学べるインド英語" is accessible.
2024-07-13 15:24:45,085 Published post "【安価！】povo2.0とポケットWi-FiでIoT機器用モバイルネットワーク環境の構築" is accessible.
2024-07-13 15:24:45,132 Published post "India-Japan Cooperative Learning 2022/6/3" is accessible.
2024-07-13 15:24:45,178 Published post "cronの設定場所" is accessible.
2024-07-13 15:24:45,231 Published post "情報処理学会 DPS191(沖縄)にて発表してきました" is accessible.
2024-07-13 15:24:45,275 Published post "最近" is accessible.
2024-07-13 15:24:45,321 Published post "髙木さんが国際会議Global IoT Summitで発表 " is accessible.
2024-07-13 15:24:45,369 Published post "India-Japan Cooperative Learning 2022/5/20" is accessible.
2024-07-13 15:24:45,414 Published post "IoT Dojo キックオフ" is accessible.
2024-07-13 15:24:45,461 Published post "India-Japan Cooperative Learning 2022/5/13" is accessible.
2024-07-13 15:24:45,507 Published post "飯島さんの研究が大学案内2023に掲載" is accessible.
2024-07-13 15:24:45,552 Published post "テクニカルレポート検索サイト Doktorを公開しました" is accessible.
2024-07-13 15:24:45,599 Published post "インタビュー動画作成しました！" is accessible.
2024-07-13 15:24:45,647 Published post "これまでの学部・修士でやってきた就活の話" is accessible.
2024-07-13 15:24:45,697 Published post "Cloud Native Dojo 2021での成果を動画で公開" is accessible.
2024-07-13 15:24:45,767 Published post "インドの学生と顔合わせしました" is accessible.
2024-07-13 15:24:45,814 Published post "SO_REUSEPORT 完全に理解した（い）" is accessible.
2024-07-13 15:24:45,860 Published post "CDSLの本棚" is accessible.
2024-07-13 15:24:45,906 Published post "小山さんがAINA-2022で発表" is accessible.
2024-07-13 15:24:45,952 Published post "国際会議 AINA-2022 で発表しました" is accessible.
2024-07-13 15:24:45,999 Published post "学生証から学籍番号を取得してみた" is accessible.
2024-07-13 15:24:46,047 Published post "ESXi上のrke2にistioをインストールする" is accessible.
2024-07-13 15:24:46,094 Published post "東京女子大学と合同研究発表会を行いました！" is accessible.
2024-07-13 15:24:46,141 Published post "伊藤さんがポスター発表審査会の優秀賞を受賞しました" is accessible.
2024-07-13 15:24:46,187 Published post "Open Campus 2022で研究室紹介を行いました！" is accessible.
2024-07-13 15:24:46,234 Published post "学生2名が学部長賞を受賞しました" is accessible.
2024-07-13 15:24:46,279 Published post "インフラのトラブルシューティングでやることまとめ" is accessible.
2024-07-13 15:24:46,324 Published post "自己紹介" is accessible.
2024-07-13 15:24:46,370 Published post "春休みの研究室" is accessible.
2024-07-13 15:24:46,415 Published post "小山さんの論文が情報処理学会論文誌に掲載" is accessible.
2024-07-13 15:24:46,463 Published post "飯島さん，秋山さんがDPS研究会で発表" is accessible.
2024-07-13 15:24:46,507 Published post "ただの自己紹介" is accessible.
2024-07-13 15:24:46,551 Published post "自己紹介する" is accessible.
2024-07-13 15:24:46,600 Published post "VMの作成とOSインストール，遠隔ログイン設定を自動化" is accessible.
2024-07-13 15:24:46,648 Published post "じこしょーかい！" is accessible.
2024-07-13 15:24:46,694 Published post "自宅に Kubernetes 環境を構築した話" is accessible.
2024-07-13 15:24:46,743 Published post "【バズ・ライトイヤーのアストロブラスターで10万点取る方法】" is accessible.
2024-07-13 15:24:46,800 Published post "WordPressサーバを移行しました。＋自己紹介" is accessible.
2024-07-13 15:24:46,845 Published post "自己紹介" is accessible.
2024-07-13 15:24:46,891 Published post "自己紹介" is accessible.
2024-07-13 15:24:46,937 Published post "研究室を振り返って" is accessible.
2024-07-13 15:24:46,982 Published post "ESP32並列処理のあれそれ" is accessible.
2024-07-13 15:24:47,030 Published post "新たなサーバーの組み立て" is accessible.
2024-07-13 15:24:47,080 Published post "研究室にあるVMのバックアップ事情" is accessible.
2024-07-13 15:24:47,127 Published post "第29回 マルチメディア通信と分散処理ワークショップ (DPSWS2021)で発表を行いました" is accessible.
2024-07-13 15:24:47,171 Published post "髙木さん，杉本さん，河竹さんがCCEM2021で受賞" is accessible.
2024-07-13 15:24:47,217 Published post "M-1グランプリ2021の話" is accessible.
2024-07-13 15:24:47,262 Published post "内定式" is accessible.
2024-07-13 15:24:47,309 Published post "Cloud Native Dojo #1 / #2を開催" is accessible.
2024-07-13 15:24:47,354 Published post "ワクチンの副作用の話" is accessible.
2024-07-13 15:24:47,400 Published post "CDSLのBoot Camp (2021)" is accessible.
2024-07-13 15:24:47,447 Published post "衣食住のはなし" is accessible.
2024-07-13 15:24:47,492 Published post "東京女子大学との合同研究発表会について" is accessible.
2024-07-13 15:24:47,537 Published post "あなたは『環境に良い車』に乗りたいですか？" is accessible.
2024-07-13 15:24:47,582 Published post "五味康隆氏から学ぶ、自動車のこれから" is accessible.
2024-07-13 15:24:47,627 Published post "Open Hack U 2021 Onlineに参加しました" is accessible.
2024-07-13 15:24:47,673 Published post "「Cloud Native Dojo 2021」の記事がCS学部Blogに掲載されました．" is accessible.
2024-07-13 15:24:47,720 Published post "pLaTeXで丸数字を埋め込むマクロをつくる" is accessible.
2024-07-13 15:24:47,765 Published post "ICM Workshop 2021" is accessible.
2024-07-13 15:24:47,810 Published post "Twitterアカウントを開設しました" is accessible.
2024-07-13 15:24:47,859 Published post "さよなら踏み台VM，こんにちは踏み台コンテナ！" is accessible.
2024-07-13 15:24:47,906 Published post "2021年度卒業課題中間発表会" is accessible.
2024-07-13 15:24:47,956 Published post "AWSのKubernetesエンジンであるEKSを使ってみた話" is accessible.
2024-07-13 15:24:48,001 Published post "CDSLスケジュール in 2021summer" is accessible.
2024-07-13 15:24:48,047 Published post "学部2年生を対象にCloud Native Dojoを開催" is accessible.
2024-07-13 15:24:48,091 Published post "卒業研究の基礎実験" is accessible.
2024-07-13 15:24:48,137 Published post "『ビジョナリー・カンパニー』から学ぶ経営学" is accessible.
2024-07-13 15:24:48,181 Published post "睡眠不足の方へ" is accessible.
2024-07-13 15:24:48,227 Published post "ゲリラ雷雨" is accessible.
2024-07-13 15:24:48,272 Published post "表面温度取得がバグってる件について" is accessible.
2024-07-13 15:24:48,319 Published post "コラッツ予想って本当なんか！？" is accessible.
2024-07-13 15:24:48,364 Published post "NBAファイナルの話" is accessible.
2024-07-13 15:24:48,411 Published post "美味しかった八王子のラーメン3選" is accessible.
2024-07-13 15:24:48,458 Published post "Remote SSH で Include ディレクティブを利用したときにハマったこと" is accessible.
2024-07-13 15:24:48,504 Published post "UARTのあれこれ" is accessible.
2024-07-13 15:24:48,549 Published post "パチンコの話" is accessible.
2024-07-13 15:24:48,593 Published post "3年くらい使っていた1080tiが壊れて、転売ヤーを恨んだ話" is accessible.
2024-07-13 15:24:48,638 Published post "DPS・MBL・ITS・SeMI合同研究発表会で発表した話" is accessible.
2024-07-13 15:24:48,687 Published post "就職活動で役に立ったアプリ" is accessible.
2024-07-13 15:24:48,733 Published post "Apple製品を使うなら自動化を極めようという話" is accessible.
2024-07-13 15:24:48,779 Published post "シン・エヴァンゲリオンで出てきた”L5”という単語について" is accessible.
2024-07-13 15:24:48,824 Published post "就活の報告" is accessible.
2024-07-13 15:24:48,873 Published post "かっこいいポンチ絵の書き方" is accessible.
2024-07-13 15:24:48,919 Published post "学位授与式がありました" is accessible.
2024-07-13 15:24:48,967 Published post "変ハ長調の面白さ" is accessible.
2024-07-13 15:24:49,016 Published post "API Blueprint でAPI設計書を書く 超入門編 Part1" is accessible.
2024-07-13 15:24:49,060 Published post "英単語暗記法" is accessible.
2024-07-13 15:24:49,105 Published post "Apexでマスターに行く方法" is accessible.
2024-07-13 15:24:49,153 Published post "東京女子大学との合同発表会を行いました" is accessible.
2024-07-13 15:24:49,196 Published post "新宮さん，飯島さん，小山さんがコンピュータサイエンス学部から表彰されました．" is accessible.
2024-07-13 15:24:49,244 Published post "IEEE CCEM PCW 2021で発表しました" is accessible.
2024-07-13 15:24:49,292 Published post "仲良くサーバー組み立て" is accessible.
2024-07-13 15:24:49,340 Published post "今まで経験してきたアルバイトまとめ" is accessible.
2024-07-13 15:24:49,388 Published post "2021年卒業研究発表会" is accessible.
2024-07-13 15:24:49,435 Published post "ヒドラゲームと巨大数論" is accessible.
2024-07-13 15:24:49,482 Published post "[解決法]LatexでURLを載せる時にエラーになってしまう/フォントが他の周りから浮いてしまう" is accessible.
2024-07-13 15:24:49,527 Published post "実装難しすぎる問題" is accessible.
2024-07-13 15:24:49,572 Published post "BLEの身近な使われ方" is accessible.
2024-07-13 15:24:49,620 Published post "第185回 DPS研究発表会で発表を行いました" is accessible.
2024-07-13 15:24:49,668 Published post "k8sのあれこれ(k3s, k0s..etc)" is accessible.
2024-07-13 15:24:49,715 Published post "Unified RequestID Assignment on MicroservicesがThe Student Project Showcase Proposal &#8211; First Prizeを受賞しました．" is accessible.
2024-07-13 15:24:49,758 Published post "飯島貴政さんがCCEM2020で受賞" is accessible.
2024-07-13 15:24:49,803 Published post "Amazon,楽天の抱える危機" is accessible.
2024-07-13 15:24:49,848 Published post "go toキャンペーン" is accessible.
2024-07-13 15:24:49,893 Published post "データ送受信フォーム作成コマンドの始まり" is accessible.
2024-07-13 15:24:49,941 Published post "gossとGitHub Actionsでインフラを自動テストした" is accessible.
2024-07-13 15:24:49,985 Published post "自己紹介" is accessible.
2024-07-13 15:24:50,031 Published post "自己紹介" is accessible.
2024-07-13 15:24:50,078 Published post "大規模なゲームを運用するということ" is accessible.
2024-07-13 15:24:50,122 Published post "第三回テクニカルレポート" is accessible.
2024-07-13 15:24:50,167 Published post "自己紹介" is accessible.
2024-07-13 15:24:50,214 Published post "クレジットカードブランドとカード発行会社について" is accessible.
2024-07-13 15:24:50,258 Published post "自己紹介" is accessible.
2024-07-13 15:24:50,303 Published post "自己紹介とIoT相談会" is accessible.
2024-07-13 15:24:50,347 Published post "カオスエンジニアリングとは" is accessible.
2024-07-13 15:24:50,391 Published post "自己申告フォーム作成" is accessible.
2024-07-13 15:24:50,436 Published post "デジタル・コミュニケーションの課題とは?" is accessible.
2024-07-13 15:24:50,481 Published post "はじめまして" is accessible.
2024-07-13 15:24:50,526 Published post "PCは暖房説" is accessible.
2024-07-13 15:24:50,572 Published post "テーマに悩む話 -巨人様のお足元にて-" is accessible.
2024-07-13 15:24:50,618 Published post "研究室で3台目のサーバーを組み立てる" is accessible.
2024-07-13 15:24:50,665 Published post "IoT講習会" is accessible.
2024-07-13 15:24:50,728 Published post "CDSLのBoot Camp！" is accessible.
2024-07-13 15:24:50,783 Published post "２０２０年度後期授業が始まりました！" is accessible.
2024-07-13 15:24:50,836 Published post "Synology DS1618+(NAS) HDDを交換した" is accessible.
2024-07-13 15:24:50,885 Published post "Synology DS1618+(NAS) LUN拡張の手引き" is accessible.
2024-07-13 15:24:50,931 Published post "はじめまして" is accessible.
2024-07-13 15:24:50,976 Published post "中間発表会" is accessible.
2024-07-13 15:24:51,023 Published post "BootCampを開催しました！(2日目)" is accessible.
2024-07-13 15:24:51,070 Published post "BootCampを開催しました！(1日目)" is accessible.
2024-07-13 15:24:51,118 Published post "マイコンのスリープモードを簡単に理解したい！" is accessible.
2024-07-13 15:24:51,163 Published post "分散システムにおけるCAP定理とは" is accessible.
2024-07-13 15:24:51,212 Published post "クラウド技術が勉強会で分かる! そう，CDSLならね．" is accessible.
2024-07-13 15:24:51,258 Published post "ビザンチン将軍問題 ~合意するって難しい~" is accessible.
2024-07-13 15:24:51,305 Published post "IoT機器のセットアップを始めました" is accessible.
2024-07-13 15:24:51,350 Published post "3年生向けの研究室紹介サイトの負荷試験を実施しました" is accessible.
2024-07-13 15:24:51,396 Published post "外部公開用のk3s構築をしました" is accessible.
2024-07-13 15:24:51,445 Published post "CS学部の新入生に見てほしいコンテンツ" is accessible.
2024-07-13 15:24:51,497 Published post "平常通りオンラインでミーティング" is accessible.
2024-07-13 15:24:51,542 Published post "研究室で稼働しているESXiのVMを掃除しました" is accessible.
2024-07-13 15:24:51,587 Published post "創成課題で使用したIoT機材を片付けました" is accessible.
2024-07-13 15:24:51,634 Published post "卒業研究の準備をはじめました" is accessible.
2024-07-13 15:24:51,682 Published post "創成課題が終了しました" is accessible.
2024-07-13 15:24:51,728 Published post "Qiitaいいね数が1000超" is accessible.
2024-07-13 15:24:51,782 Published post "Qiita 週間 Organizationランキングで3位" is accessible.
2024-07-13 15:24:51,830 Published post "CDSLの立ち上げを振り返る" is accessible.
2024-07-13 15:24:51,875 Published post "テクニカルレポートを公開" is accessible.
2024-07-13 15:24:51,877 Execution time for check_published_pages_and_posts: 21.962135553359985 seconds
2024-07-13 15:24:52,501 Image "https://ja.tak-cslab.org/wp-content/uploads/2024/06/komatta_man2-1.png" is accessible.
2024-07-13 15:24:52,571 Image "https://ja.tak-cslab.org/wp-content/uploads/2024/06/discussion-794137_1280-1024x682.jpg" is accessible.
2024-07-13 15:24:52,652 Image "https://ja.tak-cslab.org/wp-content/uploads/2024/06/FullSizeRender-edited.jpeg" is accessible.
2024-07-13 15:24:52,721 Image "https://ja.tak-cslab.org/wp-content/uploads/2024/06/IMG_1462-768x1024.jpg" is accessible.
2024-07-13 15:24:52,778 Image "https://ja.tak-cslab.org/wp-content/uploads/2024/06/IMG_1463-2-768x1024.jpg" is accessible.
2024-07-13 15:24:52,841 Image "https://ja.tak-cslab.org/wp-content/uploads/2024/06/1618113444267-1024x768.jpg" is accessible.
2024-07-13 15:24:52,899 Image "https://ja.tak-cslab.org/wp-content/uploads/2024/06/1578146709094-1024x737.jpg" is accessible.
2024-07-13 15:24:52,955 Image "https://cdn.mainichi.jp/vol1/2019/07/12/20190712ddm001010054000p/8.jpg?1" is accessible.
2024-07-13 15:24:53,024 Image "https://tenkoo.tokyo/k6405.jpg" is accessible.
2024-07-13 15:24:53,071 Image "https://tenkoo.tokyo/map.jpg" is accessible.
2024-07-13 15:24:53,115 Image "https://ja.tak-cslab.org/wp-content/uploads/2024/05/IMG_1270-768x1024.jpg" is accessible.
2024-07-13 15:24:53,163 Image "https://ja.tak-cslab.org/wp-content/uploads/2024/05/IMG_1273-1024x768.jpg" is accessible.
2024-07-13 15:24:53,242 Image "https://ja.tak-cslab.org/wp-content/uploads/2024/05/IMG_9188-768x1024.jpg" is accessible.
2024-07-13 15:24:53,293 Image "https://ja.tak-cslab.org/wp-content/uploads/2024/05/IMG_1272-1024x768.jpg" is accessible.
2024-07-13 15:24:53,346 Image "https://ja.tak-cslab.org/wp-content/uploads/2024/05/image-5.png" is accessible.
2024-07-13 15:24:53,375 Image "https://ja.tak-cslab.org/wp-content/uploads/2024/05/20azuki-ra16.jpg" is accessible.
2024-07-13 15:24:53,438 Image "https://ja.tak-cslab.org/wp-content/uploads/2024/05/image-3.png" is accessible.
2024-07-13 15:24:53,596 Image "https://ja.tak-cslab.org/wp-content/uploads/2024/05/image-1-1024x366.png" is accessible.
2024-07-13 15:24:53,656 Image "https://ja.tak-cslab.org/wp-content/uploads/2024/05/image-2.png" is accessible.
2024-07-13 15:24:53,712 Image "https://ja.tak-cslab.org/wp-content/uploads/2024/05/image-631x1024.png" is accessible.
2024-07-13 15:24:53,770 Image "https://ja.tak-cslab.org/wp-content/uploads/2024/05/ハムスター.png" is accessible.
2024-07-13 15:24:53,801 Image "https://ja.tak-cslab.org/wp-content/uploads/2024/04/people-2557396_1280-1024x682.jpg" is accessible.
2024-07-13 15:24:53,858 Image "https://ja.tak-cslab.org/wp-content/uploads/2024/04/IMG_9960-1024x768.jpg" is accessible.
2024-07-13 15:24:53,915 Image "https://ja.tak-cslab.org/wp-content/uploads/2024/04/IMG_9969-1024x768.jpg" is accessible.
2024-07-13 15:24:53,975 Image "https://ja.tak-cslab.org/wp-content/uploads/2024/04/IMG_9963-1024x768.jpg" is accessible.
2024-07-13 15:24:54,028 Image "https://ja.tak-cslab.org/wp-content/uploads/2024/04/IMG_9959-1024x768.jpg" is accessible.
2024-07-13 15:24:54,080 Image "https://ja.tak-cslab.org/wp-content/uploads/2024/04/IMG_2563-1-1024x768.jpg" is accessible.
2024-07-13 15:24:54,121 Image "https://ja.tak-cslab.org/wp-content/uploads/2024/04/IMG_2562-1024x768.jpg" is accessible.
2024-07-13 15:24:54,178 Image "https://ja.tak-cslab.org/wp-content/uploads/2024/04/IMG_2561-1024x768.jpg" is accessible.
2024-07-13 15:24:54,219 Image "https://ja.tak-cslab.org/wp-content/uploads/2024/04/image.png" is accessible.
2024-07-13 15:24:54,252 Image "https://ja.tak-cslab.org/wp-content/uploads/2024/04/image-1.png" is accessible.
2024-07-13 15:24:54,294 Image "https://ja.tak-cslab.org/wp-content/uploads/2024/04/image-2.png" is accessible.
2024-07-13 15:24:54,331 Image "https://ja.tak-cslab.org/wp-content/uploads/2024/04/IMG_1232-768x1024.jpg" is accessible.
2024-07-13 15:24:54,392 Image "https://ja.tak-cslab.org/wp-content/uploads/2024/04/IMG_1180-768x1024.jpg" is accessible.
2024-07-13 15:24:54,452 Image "https://ja.tak-cslab.org/wp-content/uploads/2024/04/IMG_1172-768x1024.jpg" is accessible.
2024-07-13 15:24:54,553 Image "https://ja.tak-cslab.org/wp-content/uploads/2024/04/IMG_1273-768x1024.jpg" is accessible.
2024-07-13 15:24:54,595 Image "https://ja.tak-cslab.org/wp-content/uploads/2024/04/IMG_9116-768x1024.jpg" is accessible.
2024-07-13 15:24:54,653 Image "https://ja.tak-cslab.org/wp-content/uploads/2024/04/IMG_9118-768x1024.jpg" is accessible.
2024-07-13 15:24:54,693 Image "https://ja.tak-cslab.org/wp-content/uploads/2024/04/IMG_9122-768x1024.jpg" is accessible.
2024-07-13 15:24:54,732 Image "https://ja.tak-cslab.org/wp-content/uploads/2024/04/IMG_9113-1-768x1024.jpg" is accessible.
2024-07-13 15:24:54,926 Image "https://www.teu.ac.jp/gakubu/images/cs_images/course_field_2023.png" is accessible.
2024-07-13 15:24:54,969 Image "https://ja.tak-cslab.org/wp-content/uploads/2024/03/年齢と体感時間.webp" is accessible.
2024-07-13 15:24:55,031 Image "https://ja.tak-cslab.org/wp-content/uploads/2024/03/孫悟空-1024x567.jpg" is accessible.
2024-07-13 15:24:55,079 Image "https://ja.tak-cslab.org/wp-content/uploads/2024/03/IMG_9125-768x1024.jpg" is accessible.
2024-07-13 15:24:55,137 Image "https://ja.tak-cslab.org/wp-content/uploads/2024/03/IMG_9124-768x1024.jpg" is accessible.
2024-07-13 15:24:55,204 Image "https://ja.tak-cslab.org/wp-content/uploads/2024/03/IMG_9128-768x1024.jpg" is accessible.
2024-07-13 15:24:55,288 Image "https://ja.tak-cslab.org/wp-content/uploads/2024/03/IMG_9130-3-768x1024.jpg" is accessible.
2024-07-13 15:24:55,346 Image "https://ja.tak-cslab.org/wp-content/uploads/2024/03/IMG_9127-768x1024.jpg" is accessible.
2024-07-13 15:24:55,401 Image "https://ja.tak-cslab.org/wp-content/uploads/2024/03/IMG_9131-2-768x1024.jpg" is accessible.
2024-07-13 15:24:55,452 Image "https://ja.tak-cslab.org/wp-content/uploads/2024/03/IMG_9138-1-768x1024.jpg" is accessible.
2024-07-13 15:24:55,520 Image "https://ja.tak-cslab.org/wp-content/uploads/2024/03/IMG_9135-1-768x1024.jpg" is accessible.
2024-07-13 15:24:55,577 Image "https://ja.tak-cslab.org/wp-content/uploads/2024/03/IMG_9134-1-768x1024.jpg" is accessible.
2024-07-13 15:24:55,610 Image "https://ja.tak-cslab.org/wp-content/uploads/2024/03/IMG_9137-1-768x1024.jpg" is accessible.
2024-07-13 15:24:55,640 Image "https://ja.tak-cslab.org/wp-content/uploads/2024/03/IMG_9126-768x1024.jpg" is accessible.
2024-07-13 15:24:55,677 Image "https://ja.tak-cslab.org/wp-content/uploads/2024/03/IMG_9139-2-768x1024.jpg" is accessible.
2024-07-13 15:24:55,716 Image "https://ja.tak-cslab.org/wp-content/uploads/2024/03/IMG_9140-1-768x1024.jpg" is accessible.
2024-07-13 15:24:55,752 Image "https://ja.tak-cslab.org/wp-content/uploads/2024/03/IMG_9133-1-768x1024.jpg" is accessible.
2024-07-13 15:24:55,789 Image "https://ja.tak-cslab.org/wp-content/uploads/2024/03/IMG_9132-1-768x1024.jpg" is accessible.
2024-07-13 15:24:55,818 Image "https://ja.tak-cslab.org/wp-content/uploads/2024/03/IMG_9136-1-768x1024.jpg" is accessible.
2024-07-13 15:24:55,847 Image "https://ja.tak-cslab.org/wp-content/uploads/2024/03/IMG_9129-768x1024.jpg" is accessible.
2024-07-13 15:24:55,896 Image "https://ja.tak-cslab.org/wp-content/uploads/2024/03/IMG_1406-768x1024.jpg" is accessible.
2024-07-13 15:24:55,950 Image "https://ja.tak-cslab.org/wp-content/uploads/2024/03/PXL_20240322_043700566-1024x576.jpg" is accessible.
2024-07-13 15:24:56,006 Image "https://ja.tak-cslab.org/wp-content/uploads/2024/03/PXL_20240322_043640629-1024x576.jpg" is accessible.
2024-07-13 15:24:56,070 Image "https://ja.tak-cslab.org/wp-content/uploads/2024/03/PXL_20240322_104659281-576x1024.jpg" is accessible.
2024-07-13 15:24:56,120 Image "https://ja.tak-cslab.org/wp-content/uploads/2024/03/20240322_124636-1024x768.jpg" is accessible.
2024-07-13 15:24:56,156 Image "https://ja.tak-cslab.org/wp-content/uploads/2024/03/IMG_3010-768x1024.jpg" is accessible.
2024-07-13 15:24:56,211 Image "https://ja.tak-cslab.org/wp-content/uploads/2024/03/IMG_2024-03-22-12-33-42-061-1024x768.jpg" is accessible.
2024-07-13 15:24:56,271 Image "https://ja.tak-cslab.org/wp-content/uploads/2024/03/IMG_3701-1024x768.jpg" is accessible.
2024-07-13 15:24:56,347 Image "https://ja.tak-cslab.org/wp-content/uploads/2024/03/IMG_3012-768x1024.jpg" is accessible.
2024-07-13 15:24:56,398 Image "https://ja.tak-cslab.org/wp-content/uploads/2024/03/IMG_3011-768x1024.jpg" is accessible.
2024-07-13 15:24:56,450 Image "https://ja.tak-cslab.org/wp-content/uploads/2024/03/IMG_3493-1024x576.jpg" is accessible.
2024-07-13 15:24:56,494 Image "https://ja.tak-cslab.org/wp-content/uploads/2024/03/IMG_3485-1024x576.jpg" is accessible.
2024-07-13 15:24:56,543 Image "https://ja.tak-cslab.org/wp-content/uploads/2024/03/IMG_3478-1024x576.jpg" is accessible.
2024-07-13 15:24:56,576 Image "https://ja.tak-cslab.org/wp-content/uploads/2024/03/IMG_3489-1024x576.jpg" is accessible.
2024-07-13 15:24:56,618 Image "https://ja.tak-cslab.org/wp-content/uploads/2024/03/IMG_3503-1024x576.jpg" is accessible.
2024-07-13 15:24:56,666 Image "https://ja.tak-cslab.org/wp-content/uploads/2024/03/IMG_3473-1024x576.jpg" is accessible.
2024-07-13 15:24:56,702 Image "https://ja.tak-cslab.org/wp-content/uploads/2024/03/DSC_1926-768x1024.jpg" is accessible.
2024-07-13 15:24:56,748 Image "https://ja.tak-cslab.org/wp-content/uploads/2024/03/DSC_1925-1-768x1024.jpg" is accessible.
2024-07-13 15:24:56,816 Image "https://ja.tak-cslab.org/wp-content/uploads/2024/02/image-3.png" is accessible.
2024-07-13 15:24:56,868 Image "https://ja.tak-cslab.org/wp-content/uploads/2024/02/S__69574663-962x1024.jpg" is accessible.
2024-07-13 15:24:57,048 Image "https://storage.googleapis.com/studio-design-assets/projects/M3aAKAk7Oe/s-2400x1350_v-frms_webp_2b15e86e-7c76-4778-b78f-edec7635bb56_regular.webp" is accessible.
2024-07-13 15:24:57,099 Image "https://ja.tak-cslab.org/wp-content/uploads/2024/02/me-ta-ne-jann-768x1024.jpg" is accessible.
2024-07-13 15:24:57,165 Image "https://ja.tak-cslab.org/wp-content/uploads/2024/02/jairo-1024x768.jpg" is accessible.
2024-07-13 15:24:57,219 Image "https://ja.tak-cslab.org/wp-content/uploads/2024/02/image.png" is accessible.
2024-07-13 15:24:57,274 Image "https://ja.tak-cslab.org/wp-content/uploads/2024/01/IMG_2338-1024x768.jpg" is accessible.
2024-07-13 15:24:57,320 Image "https://ja.tak-cslab.org/wp-content/uploads/2024/01/IMG_2428-1.jpg" is accessible.
2024-07-13 15:24:57,386 Image "https://ja.tak-cslab.org/wp-content/uploads/2024/01/image-4.png" is accessible.
2024-07-13 15:24:57,443 Image "https://ja.tak-cslab.org/wp-content/uploads/2024/01/IMG_2337-1024x768.jpg" is accessible.
2024-07-13 15:24:57,499 Image "https://ja.tak-cslab.org/wp-content/uploads/2024/01/IMG_2339-1024x768.jpg" is accessible.
2024-07-13 15:24:57,557 Image "https://ja.tak-cslab.org/wp-content/uploads/2024/01/IMG_2099-1-768x1024.jpg" is accessible.
2024-07-13 15:24:57,596 Image "https://ja.tak-cslab.org/wp-content/uploads/2023/12/S__162324489-1-edited.jpg" is accessible.
2024-07-13 15:24:57,640 Image "https://ja.tak-cslab.org/wp-content/uploads/2023/12/IMG_1198-1024x768.jpg" is accessible.
2024-07-13 15:24:57,698 Image "https://ja.tak-cslab.org/wp-content/uploads/2023/12/ブログ画像-1024x768.jpg" is accessible.
2024-07-13 15:24:57,735 Image "https://ja.tak-cslab.org/wp-content/uploads/2023/12/img_1001-1024x768.jpg" is accessible.
2024-07-13 15:24:57,768 Image "https://ja.tak-cslab.org/wp-content/uploads/2023/12/img_1004-1024x576.jpg" is accessible.
2024-07-13 15:24:57,800 Image "https://ja.tak-cslab.org/wp-content/uploads/2023/12/p_20231209_111120-1-1024x768.jpg" is accessible.
2024-07-13 15:24:57,833 Image "https://ja.tak-cslab.org/wp-content/uploads/2023/12/PXL_20231212_033809250-1024x768.jpg" is accessible.
2024-07-13 15:24:57,888 Image "https://ja.tak-cslab.org/wp-content/uploads/2023/12/IMG_2747-1-1024x683.jpg" is accessible.
2024-07-13 15:24:57,929 Image "https://ja.tak-cslab.org/wp-content/uploads/2023/12/IMG_2741-4-1024x683.jpg" is accessible.
2024-07-13 15:24:57,987 Image "https://ja.tak-cslab.org/wp-content/uploads/2023/12/IMG_2742-2-1024x683.jpg" is accessible.
2024-07-13 15:24:58,045 Image "https://ja.tak-cslab.org/wp-content/uploads/2023/12/IMG_2748-1024x683.jpg" is accessible.
2024-07-13 15:24:58,096 Image "https://ja.tak-cslab.org/wp-content/uploads/2023/12/IMG_2754-1024x683.jpg" is accessible.
2024-07-13 15:24:58,142 Image "https://ja.tak-cslab.org/wp-content/uploads/2023/12/IMG_5114-576x1024.jpg" is accessible.
2024-07-13 15:24:58,177 Image "https://ja.tak-cslab.org/wp-content/uploads/2023/12/IMG_2763-1024x683.jpg" is accessible.
2024-07-13 15:24:58,231 Image "https://ja.tak-cslab.org/wp-content/uploads/2023/12/P_20231209_122058-1-1024x768.jpg" is accessible.
2024-07-13 15:24:58,561 Image "https://livedoor.blogimg.jp/yuruge/imgs/4/d/4d81f42e.jpg" is accessible.
2024-07-13 15:24:58,610 Image "https://pics.prcm.jp/0a88668e5ae68/71101397/png/71101397.png" is accessible.
2024-07-13 15:24:58,834 Image "https://th.bing.com/th/id/OIP.tU1YbEsNfzxG6ctNvgpFiwHaJ4?w=136&amp;h=181&amp;c=7&amp;r=0&amp;o=5&amp;pid=1.7" is accessible.
2024-07-13 15:24:58,896 Image "https://ja.tak-cslab.org/wp-content/uploads/2023/12/a.png" is accessible.
2024-07-13 15:24:58,934 Image "https://ja.tak-cslab.org/wp-content/uploads/2023/11/image.png" is accessible.
2024-07-13 15:24:58,978 Image "https://ja.tak-cslab.org/wp-content/uploads/2023/11/image-1.png" is accessible.
2024-07-13 15:24:59,013 Image "https://ja.tak-cslab.org/wp-content/uploads/2023/11/PXL_20231012_050914966-1024x771.jpg" is accessible.
2024-07-13 15:24:59,070 Image "https://ja.tak-cslab.org/wp-content/uploads/2023/11/PXL_20231120_001842548-1-769x1024.jpg" is accessible.
2024-07-13 15:24:59,117 Image "https://ja.tak-cslab.org/wp-content/uploads/2023/11/PXL_20231120_002200206-1-1024x769.jpg" is accessible.
2024-07-13 15:24:59,153 Image "https://ja.tak-cslab.org/wp-content/uploads/2023/10/名称未設定ファイル-1.jpg" is accessible.
2024-07-13 15:24:59,185 Image "https://ja.tak-cslab.org/wp-content/uploads/2023/11/2-Osawa.jpeg" is accessible.
2024-07-13 15:24:59,185 Execution time for check_images: 7.30812668800354 seconds
2024-07-13 15:24:59,726 Login page is accessible.
2024-07-13 15:24:59,726 Execution time for check_login_page: 0.5405666828155518 seconds
2024-07-13 15:24:59,766 Post created successfully: テスト記事
2024-07-13 15:24:59,766 Execution time for create_post: 0.03996682167053223 seconds
2024-07-13 15:24:59,806 Post edited successfully: ID 5940
2024-07-13 15:24:59,806 Execution time for edit_post: 0.039457082748413086 seconds
2024-07-13 15:24:59,848 Post deleted successfully: ID 5940
2024-07-13 15:24:59,848 Execution time for delete_post: 0.04235720634460449 seconds
2024-07-13 15:24:59,849 Total execution time: 30.022599935531616 seconds
