2024-07-13 14:14:49,929 Post created successfully: テスト記事
2024-07-13 14:14:49,985 Post edited successfully: ID 5934
2024-07-13 14:14:50,047 Post deleted successfully: ID 5934
2024-07-13 14:16:09,943 Top page is accessible.
2024-07-13 14:16:09,943 Execution time for check_top_page: 0.05306220054626465 seconds
2024-07-13 14:16:10,082 Failed to fetch pages. Status Code: 400
2024-07-13 14:16:11,528 Failed to fetch posts. Status Code: 400
2024-07-13 14:16:11,528 Total number of published pages: 12
2024-07-13 14:16:11,528 Total number of published posts: 418
2024-07-13 14:16:11,577 Published page "Dojoの活動成果" is accessible.
2024-07-13 14:16:11,623 Published page "研究室紹介" is accessible.
2024-07-13 14:16:11,666 Published page "CDSLの紹介" is accessible.
2024-07-13 14:16:11,705 Published page "ファシリティ" is accessible.
2024-07-13 14:16:11,754 Published page "ITファシリティ" is accessible.
2024-07-13 14:16:11,792 Published page "使用ツール" is accessible.
2024-07-13 14:16:11,850 Published page "公開アセット(Qiita, GitHub)" is accessible.
2024-07-13 14:16:11,895 Published page "研究室配属" is accessible.
2024-07-13 14:16:11,942 Published page "アクセス" is accessible.
2024-07-13 14:16:11,993 Published page "メンバー" is accessible.
2024-07-13 14:16:12,038 Published page "テクニカルレポート" is accessible.
2024-07-13 14:16:12,089 Published page "ホーム" is accessible.
2024-07-13 14:16:12,155 Published post "ヘビ毒と母の言葉は遅効性" is accessible.
2024-07-13 14:16:12,249 Published post "1年前の自分と振り返って" is accessible.
2024-07-13 14:16:12,341 Published post "コンピュータ関連の仕事でもコミュニケーションが大切" is accessible.
2024-07-13 14:16:12,438 Published post "自身のテクレポタイトルの変遷" is accessible.
2024-07-13 14:16:12,504 Published post "Regulation" is accessible.
2024-07-13 14:16:12,550 Published post "穴釣りの楽しさについて" is accessible.
2024-07-13 14:16:12,598 Published post "人生の場数を用いた企業面接の攻略法" is accessible.
2024-07-13 14:16:12,643 Published post "ミックスボイス出したい" is accessible.
2024-07-13 14:16:12,690 Published post "間食は食べ過ぎないように" is accessible.
2024-07-13 14:16:12,738 Published post "サバゲーに行く話" is accessible.
2024-07-13 14:16:12,783 Published post "朝起きられない人へ" is accessible.
2024-07-13 14:16:12,832 Published post "サバゲ―に行った話" is accessible.
2024-07-13 14:16:12,884 Published post "八王子駅周辺おすすめラーメン屋さん" is accessible.
2024-07-13 14:16:12,930 Published post "AIにブログ書かせてみた" is accessible.
2024-07-13 14:16:12,976 Published post "休日の過ごし方　" is accessible.
2024-07-13 14:16:13,021 Published post "上野原市から見える高速道路について" is accessible.
2024-07-13 14:16:13,069 Published post "技術の視点が変わった話" is accessible.
2024-07-13 14:16:13,115 Published post "東京工科大学で取れる食物繊維について" is accessible.
2024-07-13 14:16:13,195 Published post "研究室でハムスター飼いたい" is accessible.
2024-07-13 14:16:13,241 Published post "春と夏の間" is accessible.
2024-07-13 14:16:13,285 Published post "おい，お前！そこのお前だよ！" is accessible.
2024-07-13 14:16:13,333 Published post "Cloud Native Dojo 2024の募集をしました!" is accessible.
2024-07-13 14:16:13,379 Published post "社会人と学生の違い" is accessible.
2024-07-13 14:16:13,428 Published post "2024年度　新入生学部交流会" is accessible.
2024-07-13 14:16:13,475 Published post "2024年度 新入生ガイダンス_フレッシャーズゼミ" is accessible.
2024-07-13 14:16:13,521 Published post "Struggling with Accents" is accessible.
2024-07-13 14:16:13,568 Published post "変調を勉強" is accessible.
2024-07-13 14:16:13,614 Published post "プラットフォームとしての自動化(Zapier)" is accessible.
2024-07-13 14:16:13,662 Published post "学部生最後の旅行" is accessible.
2024-07-13 14:16:13,707 Published post "情報処理学会第198回マルチメディア通信と分散処理研究報告会においてプレゼンテーションを行いました" is accessible.
2024-07-13 14:16:13,752 Published post "オープンキャンパス2024でIoT Dojoのデモンストレーションを行いました" is accessible.
2024-07-13 14:16:13,798 Published post "3月１９日　表彰式" is accessible.
2024-07-13 14:16:13,847 Published post "東京工科大学の新学期" is accessible.
2024-07-13 14:16:13,894 Published post "3年ぶりの優勝！！！" is accessible.
2024-07-13 14:16:13,941 Published post "時の流れが早い" is accessible.
2024-07-13 14:16:13,988 Published post "Milthmを布教したい" is accessible.
2024-07-13 14:16:14,035 Published post "孫悟空から感じるエンジニア魂" is accessible.
2024-07-13 14:16:14,085 Published post "3月19日　学位授与" is accessible.
2024-07-13 14:16:14,136 Published post "東京女子大_加藤研合同発表会 in 2024春 (会場移動と懇親会)" is accessible.
2024-07-13 14:16:14,193 Published post "東京女子大_加藤研合同発表会 in 2024春 (プログラムと発表風景)" is accessible.
2024-07-13 14:16:14,243 Published post "学部長賞授与_令和6年4月1日" is accessible.
2024-07-13 14:16:14,290 Published post "眠い" is accessible.
2024-07-13 14:16:14,336 Published post "ログって大学の研究で使えるモノなのか" is accessible.
2024-07-13 14:16:14,384 Published post "お子様ランチに刺さっている旗" is accessible.
2024-07-13 14:16:14,429 Published post "交通事故の怖さ" is accessible.
2024-07-13 14:16:14,476 Published post "systemdで論文要約サイトのバックアップを自動化した話" is accessible.
2024-07-13 14:16:14,522 Published post "マルチキャストについて思った事" is accessible.
2024-07-13 14:16:14,568 Published post "音楽ライブの魅力" is accessible.
2024-07-13 14:16:14,613 Published post "AI VTuber　(??)" is accessible.
2024-07-13 14:16:14,659 Published post "テスト前に掃除し始める例のあれ" is accessible.
2024-07-13 14:16:14,705 Published post "ジャイロ 欠陥" is accessible.
2024-07-13 14:16:14,750 Published post "研究室に3年半所属してみて" is accessible.
2024-07-13 14:16:14,796 Published post "伝えることの難しさ" is accessible.
2024-07-13 14:16:14,845 Published post "修了寄稿" is accessible.
2024-07-13 14:16:14,890 Published post "皆さんありがとう！私はいつもギリギリです．" is accessible.
2024-07-13 14:16:14,935 Published post "[ランダムなタイトルを挿入]" is accessible.
2024-07-13 14:16:14,981 Published post "研究室での時間" is accessible.
2024-07-13 14:16:15,027 Published post "Time flies." is accessible.
2024-07-13 14:16:15,074 Published post "研究室と私" is accessible.
2024-07-13 14:16:15,120 Published post "学部ももう終わり" is accessible.
2024-07-13 14:16:15,165 Published post "己" is accessible.
2024-07-13 14:16:15,210 Published post "最後の投稿" is accessible.
2024-07-13 14:16:15,255 Published post "この日のために" is accessible.
2024-07-13 14:16:15,301 Published post "卒業課題を終えて" is accessible.
2024-07-13 14:16:15,347 Published post "最後の投稿" is accessible.
2024-07-13 14:16:15,391 Published post "感想戦" is accessible.
2024-07-13 14:16:15,438 Published post "これまでの話" is accessible.
2024-07-13 14:16:15,490 Published post "卒業課題は寂しい" is accessible.
2024-07-13 14:16:15,535 Published post "甲子園中止世代から未来の球児へ" is accessible.
2024-07-13 14:16:15,581 Published post "英語の履歴書と日本語の履歴書" is accessible.
2024-07-13 14:16:15,642 Published post "変わった趣味" is accessible.
2024-07-13 14:16:15,689 Published post "CytusⅡを布教したい" is accessible.
2024-07-13 14:16:15,736 Published post "オススメWEB小説作品2選+α" is accessible.
2024-07-13 14:16:15,782 Published post "AAが貼れなかった" is accessible.
2024-07-13 14:16:15,827 Published post "きぬた歯科の看板" is accessible.
2024-07-13 14:16:15,878 Published post "五十嵐さんの記事がCS学部のBlogに掲載" is accessible.
2024-07-13 14:16:15,928 Published post "ヨルシカ◂Ⓘ▸" is accessible.
2024-07-13 14:16:15,977 Published post "東京工科大学　お昼ご飯　格安　お腹いっぱい食られる ワザップ" is accessible.
2024-07-13 14:16:16,031 Published post "IoT Dojoでの活動記録がCS学部Blogに掲載" is accessible.
2024-07-13 14:16:16,080 Published post "晩御飯を作る時" is accessible.
2024-07-13 14:16:16,127 Published post "第15回大学コンソーシアム八王子学生発表会にてCDSLの学生が賞を受賞" is accessible.
2024-07-13 14:16:16,178 Published post "有備無患【大学コンソーシアム八王子】" is accessible.
2024-07-13 14:16:16,228 Published post "学部4年の大沢さんが国際会議IEEE CCEM 2023で発表＆受賞" is accessible.
2024-07-13 14:16:16,278 Published post "八王子コンソーシアムの学生発表について" is accessible.
2024-07-13 14:16:16,326 Published post "VCT2024" is accessible.
2024-07-13 14:16:16,372 Published post "大学コンソーシアム八王子学生発表会に参加しました" is accessible.
2024-07-13 14:16:16,418 Published post "「なのだ！」" is accessible.
2024-07-13 14:16:16,463 Published post "初めてaviutlを使ったら紙芝居ができた" is accessible.
2024-07-13 14:16:16,509 Published post "現代社会を創り出した技術と世界大戦" is accessible.
2024-07-13 14:16:16,555 Published post "季節の食べ物おいしい" is accessible.
2024-07-13 14:16:16,600 Published post "地元愛" is accessible.
2024-07-13 14:16:16,645 Published post "突然のトラブル：PCタッチパッドの謎" is accessible.
2024-07-13 14:16:16,693 Published post "GitHub Educationの申請に苦戦した話" is accessible.
2024-07-13 14:16:16,740 Published post "大阪大学の長谷川研究室に訪問してきました" is accessible.
2024-07-13 14:16:16,785 Published post "初めてのコロナ" is accessible.
2024-07-13 14:16:16,836 Published post "なぜ紅葉を見に行くのか" is accessible.
2024-07-13 14:16:16,885 Published post "ReactをGithub ActionsでCI/CDした話" is accessible.
2024-07-13 14:16:16,933 Published post "人生負け組！生きる価値なし！！！" is accessible.
2024-07-13 14:16:16,981 Published post "DPSW2023での発表の様子がCS学部Blogに掲載されました" is accessible.
2024-07-13 14:16:17,029 Published post "IEEE CCEM2023" is accessible.
2024-07-13 14:16:17,077 Published post "[Day3] DPSWS" is accessible.
2024-07-13 14:16:17,129 Published post "[Day2] DPSWS" is accessible.
2024-07-13 14:16:17,185 Published post "[Day1] DPSWS" is accessible.
2024-07-13 14:16:17,234 Published post "テクニカルレポート提出まで1か月" is accessible.
2024-07-13 14:16:17,277 Published post "内定式に出席しました" is accessible.
2024-07-13 14:16:17,327 Published post "転送サービスを利用した話" is accessible.
2024-07-13 14:16:17,372 Published post "ダイエットについて" is accessible.
2024-07-13 14:16:17,417 Published post "ふぃっしゅ数バージョン1【巨大数論】" is accessible.
2024-07-13 14:16:17,463 Published post "4年の三上さんの記事がCS学部のBlogに掲載" is accessible.
2024-07-13 14:16:17,509 Published post "曲の完成について2" is accessible.
2024-07-13 14:16:17,553 Published post "自己紹介（遠藤空）" is accessible.
2024-07-13 14:16:17,598 Published post "自己紹介(三上 翔太)" is accessible.
2024-07-13 14:16:17,643 Published post "自己紹介(筒井 優貴)" is accessible.
2024-07-13 14:16:17,690 Published post "3年生が研究室に配属されました！" is accessible.
2024-07-13 14:16:17,736 Published post "自己紹介 (奥田滉大)" is accessible.
2024-07-13 14:16:17,782 Published post "自己紹介(宮本港斗)" is accessible.
2024-07-13 14:16:17,830 Published post "自己紹介(橋本 健)" is accessible.
2024-07-13 14:16:17,880 Published post "自己紹介(石川裕人)" is accessible.
2024-07-13 14:16:17,928 Published post "自己紹介（加藤健吾）" is accessible.
2024-07-13 14:16:17,973 Published post "自己紹介（越後谷澪）" is accessible.
2024-07-13 14:16:18,019 Published post "自己紹介（山野倖平）" is accessible.
2024-07-13 14:16:18,067 Published post "自己紹介（鈴木友也）" is accessible.
2024-07-13 14:16:18,115 Published post "東京女子大学加藤研合同発表会 in 2023秋" is accessible.
2024-07-13 14:16:18,192 Published post "最近の不幸について" is accessible.
2024-07-13 14:16:18,241 Published post "サーバーのメモリを変えました" is accessible.
2024-07-13 14:16:18,292 Published post "キングダムおもろー" is accessible.
2024-07-13 14:16:18,337 Published post "自己紹介（田中美帆）" is accessible.
2024-07-13 14:16:18,383 Published post "自己紹介（川端ももの）" is accessible.
2024-07-13 14:16:18,431 Published post "自己紹介　（山本真也）" is accessible.
2024-07-13 14:16:18,478 Published post "自己紹介 (西村 克己)" is accessible.
2024-07-13 14:16:18,528 Published post "自己紹介（近藤悠斗）" is accessible.
2024-07-13 14:16:18,574 Published post "ICM Workshop 2023 を振り返って" is accessible.
2024-07-13 14:16:18,622 Published post "ICM Workshop 2023 [Day2]" is accessible.
2024-07-13 14:16:18,669 Published post "ICM Workshop 2023 [Day1]" is accessible.
2024-07-13 14:16:18,716 Published post "二回目の濃厚接触者になってしまった" is accessible.
2024-07-13 14:16:18,760 Published post "中間発表終了しました" is accessible.
2024-07-13 14:16:18,804 Published post "あと半年" is accessible.
2024-07-13 14:16:18,851 Published post "なぜ，夏のお盆がある？" is accessible.
2024-07-13 14:16:18,901 Published post "マンチェスターシティVS横浜Fマリノス" is accessible.
2024-07-13 14:16:18,953 Published post "TFT研究中 [Patch 13.14]" is accessible.
2024-07-13 14:16:19,001 Published post "COVID‑19" is accessible.
2024-07-13 14:16:19,046 Published post "休みまであと約2週間！！" is accessible.
2024-07-13 14:16:19,097 Published post "The Making of Harry Potter" is accessible.
2024-07-13 14:16:19,144 Published post "Shukatsu Sokatsu カツカツ" is accessible.
2024-07-13 14:16:19,199 Published post "IoT道場　進捗報告" is accessible.
2024-07-13 14:16:19,247 Published post "最近お気に入りの学食" is accessible.
2024-07-13 14:16:19,293 Published post "【読書レポート】『シラノ・ド・ベルジュラック』渡辺守章/訳" is accessible.
2024-07-13 14:16:19,342 Published post "曲の完成について" is accessible.
2024-07-13 14:16:19,387 Published post "生活習慣(筋トレ)" is accessible.
2024-07-13 14:16:19,431 Published post "最はま" is accessible.
2024-07-13 14:16:19,476 Published post "外耳炎で苦しんだ話" is accessible.
2024-07-13 14:16:19,523 Published post "今シーズン振り返り" is accessible.
2024-07-13 14:16:19,569 Published post "今年の映画マジ豊作" is accessible.
2024-07-13 14:16:19,613 Published post "学報75号にIoT道場の活動報告が掲載されました" is accessible.
2024-07-13 14:16:19,659 Published post "自動車学校に通い始めました" is accessible.
2024-07-13 14:16:19,704 Published post "新バージョン「Docker Desktop 4.19」" is accessible.
2024-07-13 14:16:19,750 Published post "[悲報]Dockerfile、生モノだった" is accessible.
2024-07-13 14:16:19,797 Published post "Kubernetes に使われている意外な技術" is accessible.
2024-07-13 14:16:19,846 Published post "束の間の休日" is accessible.
2024-07-13 14:16:19,899 Published post "北海道" is accessible.
2024-07-13 14:16:19,948 Published post "Star Wars Day" is accessible.
2024-07-13 14:16:20,001 Published post "新規サーバー登場" is accessible.
2024-07-13 14:16:20,050 Published post "GWの過ごし方について(今後．．．．)" is accessible.
2024-07-13 14:16:20,099 Published post "音楽理論を学んで" is accessible.
2024-07-13 14:16:20,146 Published post "2023度卒業生の高木さんに3年半の感想をインタビュー" is accessible.
2024-07-13 14:16:20,192 Published post "2023度卒業生の小山さんに3年半の感想をインタビュー" is accessible.
2024-07-13 14:16:20,237 Published post "2023卒業生の杉本さんに3年半の感想をインタビュー" is accessible.
2024-07-13 14:16:20,282 Published post "研究室の紹介ビデオを撮影中" is accessible.
2024-07-13 14:16:20,327 Published post "食事の大切さにについて" is accessible.
2024-07-13 14:16:20,371 Published post "とりあえずピアス開けた(^q^)" is accessible.
2024-07-13 14:16:20,421 Published post "帰省ついでに旅行に行ってきた" is accessible.
2024-07-13 14:16:20,467 Published post "節約術を鍛えたい" is accessible.
2024-07-13 14:16:20,512 Published post "よりより" is accessible.
2024-07-13 14:16:20,559 Published post "引き続き沼っています（9万円溶かしました）" is accessible.
2024-07-13 14:16:20,609 Published post "AINA2023を終えて" is accessible.
2024-07-13 14:16:20,654 Published post "もう４月だよ" is accessible.
2024-07-13 14:16:20,699 Published post "小山さんの出張記事がCS学部のブログに掲載" is accessible.
2024-07-13 14:16:20,754 Published post "PRIME X570-PRO/CSMのBIOSをバージョンアップしてみた" is accessible.
2024-07-13 14:16:20,802 Published post "[day6] 日本はもうすぐ" is accessible.
2024-07-13 14:16:20,853 Published post "[day5] 日本に向けて移動" is accessible.
2024-07-13 14:16:20,901 Published post "League of Legendsの上達と課題" is accessible.
2024-07-13 14:16:20,953 Published post "[day4] CIoT2023の3日目" is accessible.
2024-07-13 14:16:21,001 Published post "[day3] CIoT2023の2日目" is accessible.
2024-07-13 14:16:21,055 Published post "[day2] CIoT2023の1日目" is accessible.
2024-07-13 14:16:21,101 Published post "発表の大変さと大切さ" is accessible.
2024-07-13 14:16:21,156 Published post "[day1] 韓国からポルトガルへ" is accessible.
2024-07-13 14:16:21,209 Published post "[day0] CIoT 2023に向けて出発" is accessible.
2024-07-13 14:16:21,259 Published post "東京女子大学加藤研合同発表会 in 2023春" is accessible.
2024-07-13 14:16:21,306 Published post "学位授与式" is accessible.
2024-07-13 14:16:21,354 Published post "インドの大学との共同成果をテクニカルレポートで公開" is accessible.
2024-07-13 14:16:21,402 Published post "DPS194(東京)にてCDSL4年生2名が発表しました" is accessible.
2024-07-13 14:16:21,446 Published post "SynthesizerV AIがどう使われていくのか気になっている" is accessible.
2024-07-13 14:16:21,491 Published post "就活苦しい就活" is accessible.
2024-07-13 14:16:21,544 Published post "Los Angeles" is accessible.
2024-07-13 14:16:21,596 Published post "半年後の君へ" is accessible.
2024-07-13 14:16:21,642 Published post "IoT Dojo 2022 [チーム:いいじまっち]での成果を動画にて公開" is accessible.
2024-07-13 14:16:21,693 Published post "ハイパー演算とアッカーマン関数【巨大数論】" is accessible.
2024-07-13 14:16:21,743 Published post "インドの大学と共同で論文を執筆し、公開" is accessible.
2024-07-13 14:16:21,796 Published post "卒業論文に向けて" is accessible.
2024-07-13 14:16:21,844 Published post "ポスター発表会" is accessible.
2024-07-13 14:16:21,893 Published post "サーバーの追加作業(Plum)" is accessible.
2024-07-13 14:16:21,944 Published post "Slay the Spire、上手くなりたい" is accessible.
2024-07-13 14:16:21,989 Published post "東京恐い" is accessible.
2024-07-13 14:16:22,036 Published post "2022年度卒業課題最終発表会" is accessible.
2024-07-13 14:16:22,083 Published post "Macユーザの私がゲームのために心を鬼にしてWindows PCを買った話" is accessible.
2024-07-13 14:16:22,128 Published post "近況報告" is accessible.
2024-07-13 14:16:22,176 Published post "熟睡のために" is accessible.
2024-07-13 14:16:22,221 Published post "新しく始めたゲームに沼ってます" is accessible.
2024-07-13 14:16:22,265 Published post "小山さんの論文が国際会議6th Conference on Cloud and Internet of Thingsにて採録" is accessible.
2024-07-13 14:16:22,311 Published post "M2の小山さんが書いたCloud Native Dojo/IoT Dojoの記事" is accessible.
2024-07-13 14:16:22,357 Published post "はまっているスマホゲームについて" is accessible.
2024-07-13 14:16:22,400 Published post "春休み" is accessible.
2024-07-13 14:16:22,446 Published post "M2 MacBook Airを買いました" is accessible.
2024-07-13 14:16:22,491 Published post "杉本さんの論文が国際会議AINA2023にて採録" is accessible.
2024-07-13 14:16:22,538 Published post "Semantic Versioning を考える" is accessible.
2024-07-13 14:16:22,584 Published post "就職活動の失敗について" is accessible.
2024-07-13 14:16:22,632 Published post "AWSの無料枠EC2でelasticsearchを動かす時にメモリが足りない！！" is accessible.
2024-07-13 14:16:22,679 Published post "スクレイピングで馬の情報を取りたいね" is accessible.
2024-07-13 14:16:22,724 Published post "サッカーワールドカップを観た感想" is accessible.
2024-07-13 14:16:22,769 Published post "Wasmtimeのメジャーバージョンが上がるのが早くてびっくりした話" is accessible.
2024-07-13 14:16:22,819 Published post "第193回DPS研究会での発表（仙台編）" is accessible.
2024-07-13 14:16:22,871 Published post "バージョン1.0と完成度のジレンマ" is accessible.
2024-07-13 14:16:22,929 Published post "openVinoを使った話" is accessible.
2024-07-13 14:16:22,975 Published post "もし私が大学院に進学しなければ" is accessible.
2024-07-13 14:16:23,026 Published post "2022年ももうすぐ終わり" is accessible.
2024-07-13 14:16:23,074 Published post "サーモンランの評価上げ方(スプラ3)" is accessible.
2024-07-13 14:16:23,133 Published post "チェンソーマンのOP・ED曲のMV一覧" is accessible.
2024-07-13 14:16:23,205 Published post "マックの番号札にmacアドレスが書いてありました。（テーブルロケータ）" is accessible.
2024-07-13 14:16:23,255 Published post "チャリ日和" is accessible.
2024-07-13 14:16:23,301 Published post "【フリーVST】Valhalla Super Massiveの試用" is accessible.
2024-07-13 14:16:23,350 Published post "DPSWS2022にて研究発表 ~ 咽頭炎を沿えて ~" is accessible.
2024-07-13 14:16:23,394 Published post "後期テクニカルレポート提出期限間近！" is accessible.
2024-07-13 14:16:23,439 Published post "curlの-wオプション（時間計測）" is accessible.
2024-07-13 14:16:23,485 Published post "不思議な英単語&#8221;Ghoti&#8221;の読み方とは？ー英語の綴りと発音の謎について解説！" is accessible.
2024-07-13 14:16:23,531 Published post "自己紹介 ( 五十嵐 蓮 )" is accessible.
2024-07-13 14:16:23,575 Published post "自己紹介（西嶌知良）" is accessible.
2024-07-13 14:16:23,619 Published post "自己紹介（中里聖）" is accessible.
2024-07-13 14:16:23,664 Published post "自己紹介（圖齋雄治）" is accessible.
2024-07-13 14:16:23,710 Published post "自己紹介（栗原尚希）" is accessible.
2024-07-13 14:16:23,759 Published post "自己紹介（金子拓磨）" is accessible.
2024-07-13 14:16:23,804 Published post "自己紹介（遠藤睦実）" is accessible.
2024-07-13 14:16:23,850 Published post "自己紹介" is accessible.
2024-07-13 14:16:23,898 Published post "メンターがすべきこと 〜IoT Dojoからの学び〜" is accessible.
2024-07-13 14:16:23,952 Published post "東京女子大学 加藤研究室と合同研究発表会を行いました！" is accessible.
2024-07-13 14:16:23,996 Published post "自己紹介（いだなおき）" is accessible.
2024-07-13 14:16:24,041 Published post "自己紹介です" is accessible.
2024-07-13 14:16:24,094 Published post "大学(院)研究に必要なのは何か" is accessible.
2024-07-13 14:16:24,139 Published post "自己紹介 (増田 和範)" is accessible.
2024-07-13 14:16:24,198 Published post "運用は難しい" is accessible.
2024-07-13 14:16:24,246 Published post "書き捨てのPythonプロジェクトを生成するワンライナー" is accessible.
2024-07-13 14:16:24,299 Published post "情報処理学会 DPS192(広島)にての発表" is accessible.
2024-07-13 14:16:24,346 Published post "ICM Workshop 2022" is accessible.
2024-07-13 14:16:24,394 Published post "KubernetesのNamespaceがTerminatingで消えないとき" is accessible.
2024-07-13 14:16:24,441 Published post "BWF World Championshipsにいってきました" is accessible.
2024-07-13 14:16:24,489 Published post "おかし" is accessible.
2024-07-13 14:16:24,537 Published post "Dockerの勉強会を行ったときの資料" is accessible.
2024-07-13 14:16:24,585 Published post "ESXiが起動できなくなったのでBIOSアップデートをしました。" is accessible.
2024-07-13 14:16:24,631 Published post "3年生初めての作業" is accessible.
2024-07-13 14:16:24,677 Published post "修士の中間審査を行いました" is accessible.
2024-07-13 14:16:24,722 Published post "GPA2以下が学会発表する" is accessible.
2024-07-13 14:16:24,769 Published post "就職すべきか進学すべきか、それが問題だ" is accessible.
2024-07-13 14:16:24,815 Published post "輪講会でのスライドの作り方" is accessible.
2024-07-13 14:16:24,861 Published post "髙木さんの記事がCS学部のBlogに掲載" is accessible.
2024-07-13 14:16:24,907 Published post "India-Japan Cooperative Learning 2022/7/8" is accessible.
2024-07-13 14:16:24,955 Published post "一難去ってまた一難" is accessible.
2024-07-13 14:16:25,004 Published post "GIoTS 2022 での学会発表 ~ 発表編 ~" is accessible.
2024-07-13 14:16:25,063 Published post "GIoTS 2022 での学会発表 ~ ダブリンでの生活編 ~" is accessible.
2024-07-13 14:16:25,112 Published post "GIoTS 2022 での学会発表 ~ IoT Week編 ~" is accessible.
2024-07-13 14:16:25,166 Published post "GIoTS 2022 での学会発表 ~ 出国・入国編 ~" is accessible.
2024-07-13 14:16:25,209 Published post "富士山に登りたいと思っている話" is accessible.
2024-07-13 14:16:25,262 Published post "高木さんからダブリンのプレゼントをいただきました!!ありがとう!!" is accessible.
2024-07-13 14:16:25,308 Published post "YouTubeで学べるインド英語" is accessible.
2024-07-13 14:16:25,369 Published post "【安価！】povo2.0とポケットWi-FiでIoT機器用モバイルネットワーク環境の構築" is accessible.
2024-07-13 14:16:25,416 Published post "India-Japan Cooperative Learning 2022/6/3" is accessible.
2024-07-13 14:16:25,463 Published post "cronの設定場所" is accessible.
2024-07-13 14:16:25,515 Published post "情報処理学会 DPS191(沖縄)にて発表してきました" is accessible.
2024-07-13 14:16:25,562 Published post "最近" is accessible.
2024-07-13 14:16:25,609 Published post "髙木さんが国際会議Global IoT Summitで発表 " is accessible.
2024-07-13 14:16:25,657 Published post "India-Japan Cooperative Learning 2022/5/20" is accessible.
2024-07-13 14:16:25,702 Published post "IoT Dojo キックオフ" is accessible.
2024-07-13 14:16:25,752 Published post "India-Japan Cooperative Learning 2022/5/13" is accessible.
2024-07-13 14:16:25,798 Published post "飯島さんの研究が大学案内2023に掲載" is accessible.
2024-07-13 14:16:25,843 Published post "テクニカルレポート検索サイト Doktorを公開しました" is accessible.
2024-07-13 14:16:25,891 Published post "インタビュー動画作成しました！" is accessible.
2024-07-13 14:16:25,937 Published post "これまでの学部・修士でやってきた就活の話" is accessible.
2024-07-13 14:16:25,984 Published post "Cloud Native Dojo 2021での成果を動画で公開" is accessible.
2024-07-13 14:16:26,029 Published post "インドの学生と顔合わせしました" is accessible.
2024-07-13 14:16:26,075 Published post "SO_REUSEPORT 完全に理解した（い）" is accessible.
2024-07-13 14:16:26,121 Published post "CDSLの本棚" is accessible.
2024-07-13 14:16:26,170 Published post "小山さんがAINA-2022で発表" is accessible.
2024-07-13 14:16:26,218 Published post "国際会議 AINA-2022 で発表しました" is accessible.
2024-07-13 14:16:26,269 Published post "学生証から学籍番号を取得してみた" is accessible.
2024-07-13 14:16:26,316 Published post "ESXi上のrke2にistioをインストールする" is accessible.
2024-07-13 14:16:26,362 Published post "東京女子大学と合同研究発表会を行いました！" is accessible.
2024-07-13 14:16:26,412 Published post "伊藤さんがポスター発表審査会の優秀賞を受賞しました" is accessible.
2024-07-13 14:16:26,461 Published post "Open Campus 2022で研究室紹介を行いました！" is accessible.
2024-07-13 14:16:26,506 Published post "学生2名が学部長賞を受賞しました" is accessible.
2024-07-13 14:16:26,551 Published post "インフラのトラブルシューティングでやることまとめ" is accessible.
2024-07-13 14:16:26,597 Published post "自己紹介" is accessible.
2024-07-13 14:16:26,642 Published post "春休みの研究室" is accessible.
2024-07-13 14:16:26,688 Published post "小山さんの論文が情報処理学会論文誌に掲載" is accessible.
2024-07-13 14:16:26,734 Published post "飯島さん，秋山さんがDPS研究会で発表" is accessible.
2024-07-13 14:16:26,780 Published post "ただの自己紹介" is accessible.
2024-07-13 14:16:26,824 Published post "自己紹介する" is accessible.
2024-07-13 14:16:26,878 Published post "VMの作成とOSインストール，遠隔ログイン設定を自動化" is accessible.
2024-07-13 14:16:26,928 Published post "じこしょーかい！" is accessible.
2024-07-13 14:16:26,974 Published post "自宅に Kubernetes 環境を構築した話" is accessible.
2024-07-13 14:16:27,022 Published post "【バズ・ライトイヤーのアストロブラスターで10万点取る方法】" is accessible.
2024-07-13 14:16:27,074 Published post "WordPressサーバを移行しました。＋自己紹介" is accessible.
2024-07-13 14:16:27,121 Published post "自己紹介" is accessible.
2024-07-13 14:16:27,167 Published post "自己紹介" is accessible.
2024-07-13 14:16:27,215 Published post "研究室を振り返って" is accessible.
2024-07-13 14:16:27,261 Published post "ESP32並列処理のあれそれ" is accessible.
2024-07-13 14:16:27,311 Published post "新たなサーバーの組み立て" is accessible.
2024-07-13 14:16:27,359 Published post "研究室にあるVMのバックアップ事情" is accessible.
2024-07-13 14:16:27,406 Published post "第29回 マルチメディア通信と分散処理ワークショップ (DPSWS2021)で発表を行いました" is accessible.
2024-07-13 14:16:27,452 Published post "髙木さん，杉本さん，河竹さんがCCEM2021で受賞" is accessible.
2024-07-13 14:16:27,500 Published post "M-1グランプリ2021の話" is accessible.
2024-07-13 14:16:27,545 Published post "内定式" is accessible.
2024-07-13 14:16:27,591 Published post "Cloud Native Dojo #1 / #2を開催" is accessible.
2024-07-13 14:16:27,635 Published post "ワクチンの副作用の話" is accessible.
2024-07-13 14:16:27,682 Published post "CDSLのBoot Camp (2021)" is accessible.
2024-07-13 14:16:27,729 Published post "衣食住のはなし" is accessible.
2024-07-13 14:16:27,774 Published post "東京女子大学との合同研究発表会について" is accessible.
2024-07-13 14:16:27,822 Published post "あなたは『環境に良い車』に乗りたいですか？" is accessible.
2024-07-13 14:16:27,869 Published post "五味康隆氏から学ぶ、自動車のこれから" is accessible.
2024-07-13 14:16:27,913 Published post "Open Hack U 2021 Onlineに参加しました" is accessible.
2024-07-13 14:16:27,961 Published post "「Cloud Native Dojo 2021」の記事がCS学部Blogに掲載されました．" is accessible.
2024-07-13 14:16:28,008 Published post "pLaTeXで丸数字を埋め込むマクロをつくる" is accessible.
2024-07-13 14:16:28,054 Published post "ICM Workshop 2021" is accessible.
2024-07-13 14:16:28,098 Published post "Twitterアカウントを開設しました" is accessible.
2024-07-13 14:16:28,177 Published post "さよなら踏み台VM，こんにちは踏み台コンテナ！" is accessible.
2024-07-13 14:16:28,222 Published post "2021年度卒業課題中間発表会" is accessible.
2024-07-13 14:16:28,277 Published post "AWSのKubernetesエンジンであるEKSを使ってみた話" is accessible.
2024-07-13 14:16:28,329 Published post "CDSLスケジュール in 2021summer" is accessible.
2024-07-13 14:16:28,377 Published post "学部2年生を対象にCloud Native Dojoを開催" is accessible.
2024-07-13 14:16:28,424 Published post "卒業研究の基礎実験" is accessible.
2024-07-13 14:16:28,476 Published post "『ビジョナリー・カンパニー』から学ぶ経営学" is accessible.
2024-07-13 14:16:28,527 Published post "睡眠不足の方へ" is accessible.
2024-07-13 14:16:28,575 Published post "ゲリラ雷雨" is accessible.
2024-07-13 14:16:28,619 Published post "表面温度取得がバグってる件について" is accessible.
2024-07-13 14:16:28,669 Published post "コラッツ予想って本当なんか！？" is accessible.
2024-07-13 14:16:28,714 Published post "NBAファイナルの話" is accessible.
2024-07-13 14:16:28,760 Published post "美味しかった八王子のラーメン3選" is accessible.
2024-07-13 14:16:28,806 Published post "Remote SSH で Include ディレクティブを利用したときにハマったこと" is accessible.
2024-07-13 14:16:28,857 Published post "UARTのあれこれ" is accessible.
2024-07-13 14:16:28,902 Published post "パチンコの話" is accessible.
2024-07-13 14:16:28,950 Published post "3年くらい使っていた1080tiが壊れて、転売ヤーを恨んだ話" is accessible.
2024-07-13 14:16:28,999 Published post "DPS・MBL・ITS・SeMI合同研究発表会で発表した話" is accessible.
2024-07-13 14:16:29,045 Published post "就職活動で役に立ったアプリ" is accessible.
2024-07-13 14:16:29,091 Published post "Apple製品を使うなら自動化を極めようという話" is accessible.
2024-07-13 14:16:29,137 Published post "シン・エヴァンゲリオンで出てきた”L5”という単語について" is accessible.
2024-07-13 14:16:29,190 Published post "就活の報告" is accessible.
2024-07-13 14:16:29,240 Published post "かっこいいポンチ絵の書き方" is accessible.
2024-07-13 14:16:29,291 Published post "学位授与式がありました" is accessible.
2024-07-13 14:16:29,339 Published post "変ハ長調の面白さ" is accessible.
2024-07-13 14:16:29,385 Published post "API Blueprint でAPI設計書を書く 超入門編 Part1" is accessible.
2024-07-13 14:16:29,434 Published post "英単語暗記法" is accessible.
2024-07-13 14:16:29,479 Published post "Apexでマスターに行く方法" is accessible.
2024-07-13 14:16:29,525 Published post "東京女子大学との合同発表会を行いました" is accessible.
2024-07-13 14:16:29,571 Published post "新宮さん，飯島さん，小山さんがコンピュータサイエンス学部から表彰されました．" is accessible.
2024-07-13 14:16:29,617 Published post "IEEE CCEM PCW 2021で発表しました" is accessible.
2024-07-13 14:16:29,663 Published post "仲良くサーバー組み立て" is accessible.
2024-07-13 14:16:29,712 Published post "今まで経験してきたアルバイトまとめ" is accessible.
2024-07-13 14:16:29,759 Published post "2021年卒業研究発表会" is accessible.
2024-07-13 14:16:29,806 Published post "ヒドラゲームと巨大数論" is accessible.
2024-07-13 14:16:29,855 Published post "[解決法]LatexでURLを載せる時にエラーになってしまう/フォントが他の周りから浮いてしまう" is accessible.
2024-07-13 14:16:29,901 Published post "実装難しすぎる問題" is accessible.
2024-07-13 14:16:29,953 Published post "BLEの身近な使われ方" is accessible.
2024-07-13 14:16:30,000 Published post "第185回 DPS研究発表会で発表を行いました" is accessible.
2024-07-13 14:16:30,050 Published post "k8sのあれこれ(k3s, k0s..etc)" is accessible.
2024-07-13 14:16:30,096 Published post "Unified RequestID Assignment on MicroservicesがThe Student Project Showcase Proposal &#8211; First Prizeを受賞しました．" is accessible.
2024-07-13 14:16:30,140 Published post "飯島貴政さんがCCEM2020で受賞" is accessible.
2024-07-13 14:16:30,189 Published post "Amazon,楽天の抱える危機" is accessible.
2024-07-13 14:16:30,234 Published post "go toキャンペーン" is accessible.
2024-07-13 14:16:30,279 Published post "データ送受信フォーム作成コマンドの始まり" is accessible.
2024-07-13 14:16:30,327 Published post "gossとGitHub Actionsでインフラを自動テストした" is accessible.
2024-07-13 14:16:30,372 Published post "自己紹介" is accessible.
2024-07-13 14:16:30,417 Published post "自己紹介" is accessible.
2024-07-13 14:16:30,463 Published post "大規模なゲームを運用するということ" is accessible.
2024-07-13 14:16:30,508 Published post "第三回テクニカルレポート" is accessible.
2024-07-13 14:16:30,554 Published post "自己紹介" is accessible.
2024-07-13 14:16:30,600 Published post "クレジットカードブランドとカード発行会社について" is accessible.
2024-07-13 14:16:30,645 Published post "自己紹介" is accessible.
2024-07-13 14:16:30,693 Published post "自己紹介とIoT相談会" is accessible.
2024-07-13 14:16:30,737 Published post "カオスエンジニアリングとは" is accessible.
2024-07-13 14:16:30,780 Published post "自己申告フォーム作成" is accessible.
2024-07-13 14:16:30,827 Published post "デジタル・コミュニケーションの課題とは?" is accessible.
2024-07-13 14:16:30,873 Published post "はじめまして" is accessible.
2024-07-13 14:16:30,918 Published post "PCは暖房説" is accessible.
2024-07-13 14:16:30,966 Published post "テーマに悩む話 -巨人様のお足元にて-" is accessible.
2024-07-13 14:16:31,015 Published post "研究室で3台目のサーバーを組み立てる" is accessible.
2024-07-13 14:16:31,063 Published post "IoT講習会" is accessible.
2024-07-13 14:16:31,108 Published post "CDSLのBoot Camp！" is accessible.
2024-07-13 14:16:31,157 Published post "２０２０年度後期授業が始まりました！" is accessible.
2024-07-13 14:16:31,208 Published post "Synology DS1618+(NAS) HDDを交換した" is accessible.
2024-07-13 14:16:31,257 Published post "Synology DS1618+(NAS) LUN拡張の手引き" is accessible.
2024-07-13 14:16:31,303 Published post "はじめまして" is accessible.
2024-07-13 14:16:31,350 Published post "中間発表会" is accessible.
2024-07-13 14:16:31,396 Published post "BootCampを開催しました！(2日目)" is accessible.
2024-07-13 14:16:31,450 Published post "BootCampを開催しました！(1日目)" is accessible.
2024-07-13 14:16:31,498 Published post "マイコンのスリープモードを簡単に理解したい！" is accessible.
2024-07-13 14:16:31,544 Published post "分散システムにおけるCAP定理とは" is accessible.
2024-07-13 14:16:31,597 Published post "クラウド技術が勉強会で分かる! そう，CDSLならね．" is accessible.
2024-07-13 14:16:31,643 Published post "ビザンチン将軍問題 ~合意するって難しい~" is accessible.
2024-07-13 14:16:31,690 Published post "IoT機器のセットアップを始めました" is accessible.
2024-07-13 14:16:31,738 Published post "3年生向けの研究室紹介サイトの負荷試験を実施しました" is accessible.
2024-07-13 14:16:31,784 Published post "外部公開用のk3s構築をしました" is accessible.
2024-07-13 14:16:31,835 Published post "CS学部の新入生に見てほしいコンテンツ" is accessible.
2024-07-13 14:16:31,882 Published post "平常通りオンラインでミーティング" is accessible.
2024-07-13 14:16:31,928 Published post "研究室で稼働しているESXiのVMを掃除しました" is accessible.
2024-07-13 14:16:31,974 Published post "創成課題で使用したIoT機材を片付けました" is accessible.
2024-07-13 14:16:32,022 Published post "卒業研究の準備をはじめました" is accessible.
2024-07-13 14:16:32,068 Published post "創成課題が終了しました" is accessible.
2024-07-13 14:16:32,117 Published post "Qiitaいいね数が1000超" is accessible.
2024-07-13 14:16:32,164 Published post "Qiita 週間 Organizationランキングで3位" is accessible.
2024-07-13 14:16:32,211 Published post "CDSLの立ち上げを振り返る" is accessible.
2024-07-13 14:16:32,257 Published post "テクニカルレポートを公開" is accessible.
2024-07-13 14:16:32,259 Execution time for check_published_pages_and_posts: 22.31546711921692 seconds
2024-07-13 14:16:32,751 Image "https://ja.tak-cslab.org/wp-content/uploads/2024/06/komatta_man2-1.png" is accessible.
2024-07-13 14:16:32,815 Image "https://ja.tak-cslab.org/wp-content/uploads/2024/06/discussion-794137_1280-1024x682.jpg" is accessible.
2024-07-13 14:16:32,873 Image "https://ja.tak-cslab.org/wp-content/uploads/2024/06/FullSizeRender-edited.jpeg" is accessible.
2024-07-13 14:16:32,906 Image "https://ja.tak-cslab.org/wp-content/uploads/2024/06/IMG_1462-768x1024.jpg" is accessible.
2024-07-13 14:16:32,961 Image "https://ja.tak-cslab.org/wp-content/uploads/2024/06/IMG_1463-2-768x1024.jpg" is accessible.
2024-07-13 14:16:33,077 Image "https://cdn.mainichi.jp/vol1/2019/07/12/20190712ddm001010054000p/8.jpg?1" is accessible.
2024-07-13 14:16:33,113 Image "https://ja.tak-cslab.org/wp-content/uploads/2024/06/1578146709094-1024x737.jpg" is accessible.
2024-07-13 14:16:33,146 Image "https://ja.tak-cslab.org/wp-content/uploads/2024/06/1618113444267-1024x768.jpg" is accessible.
2024-07-13 14:16:33,196 Image "https://tenkoo.tokyo/map.jpg" is accessible.
2024-07-13 14:16:33,251 Image "https://tenkoo.tokyo/k6405.jpg" is accessible.
2024-07-13 14:16:33,279 Image "https://ja.tak-cslab.org/wp-content/uploads/2024/05/IMG_1273-1024x768.jpg" is accessible.
2024-07-13 14:16:33,313 Image "https://ja.tak-cslab.org/wp-content/uploads/2024/05/IMG_1270-768x1024.jpg" is accessible.
2024-07-13 14:16:33,354 Image "https://ja.tak-cslab.org/wp-content/uploads/2024/05/IMG_1272-1024x768.jpg" is accessible.
2024-07-13 14:16:33,390 Image "https://ja.tak-cslab.org/wp-content/uploads/2024/05/IMG_9188-768x1024.jpg" is accessible.
2024-07-13 14:16:33,421 Image "https://ja.tak-cslab.org/wp-content/uploads/2024/05/image-5.png" is accessible.
2024-07-13 14:16:33,470 Image "https://ja.tak-cslab.org/wp-content/uploads/2024/05/image-3.png" is accessible.
2024-07-13 14:16:33,501 Image "https://ja.tak-cslab.org/wp-content/uploads/2024/05/20azuki-ra16.jpg" is accessible.
2024-07-13 14:16:33,548 Image "https://ja.tak-cslab.org/wp-content/uploads/2024/05/image-1-1024x366.png" is accessible.
2024-07-13 14:16:33,598 Image "https://ja.tak-cslab.org/wp-content/uploads/2024/05/image-631x1024.png" is accessible.
2024-07-13 14:16:33,636 Image "https://ja.tak-cslab.org/wp-content/uploads/2024/05/image-2.png" is accessible.
2024-07-13 14:16:33,678 Image "https://ja.tak-cslab.org/wp-content/uploads/2024/05/ハムスター.png" is accessible.
2024-07-13 14:16:33,709 Image "https://ja.tak-cslab.org/wp-content/uploads/2024/04/people-2557396_1280-1024x682.jpg" is accessible.
2024-07-13 14:16:33,740 Image "https://ja.tak-cslab.org/wp-content/uploads/2024/04/IMG_9959-1024x768.jpg" is accessible.
2024-07-13 14:16:33,777 Image "https://ja.tak-cslab.org/wp-content/uploads/2024/04/IMG_9969-1024x768.jpg" is accessible.
2024-07-13 14:16:33,812 Image "https://ja.tak-cslab.org/wp-content/uploads/2024/04/IMG_9960-1024x768.jpg" is accessible.
2024-07-13 14:16:33,844 Image "https://ja.tak-cslab.org/wp-content/uploads/2024/04/IMG_9963-1024x768.jpg" is accessible.
2024-07-13 14:16:33,879 Image "https://ja.tak-cslab.org/wp-content/uploads/2024/04/IMG_2561-1024x768.jpg" is accessible.
2024-07-13 14:16:33,913 Image "https://ja.tak-cslab.org/wp-content/uploads/2024/04/IMG_2563-1-1024x768.jpg" is accessible.
2024-07-13 14:16:33,947 Image "https://ja.tak-cslab.org/wp-content/uploads/2024/04/IMG_2562-1024x768.jpg" is accessible.
2024-07-13 14:16:33,975 Image "https://ja.tak-cslab.org/wp-content/uploads/2024/04/image.png" is accessible.
2024-07-13 14:16:34,007 Image "https://ja.tak-cslab.org/wp-content/uploads/2024/04/image-2.png" is accessible.
2024-07-13 14:16:34,032 Image "https://ja.tak-cslab.org/wp-content/uploads/2024/04/image-1.png" is accessible.
2024-07-13 14:16:34,087 Image "https://ja.tak-cslab.org/wp-content/uploads/2024/04/IMG_1273-768x1024.jpg" is accessible.
2024-07-13 14:16:34,118 Image "https://ja.tak-cslab.org/wp-content/uploads/2024/04/IMG_1180-768x1024.jpg" is accessible.
2024-07-13 14:16:34,149 Image "https://ja.tak-cslab.org/wp-content/uploads/2024/04/IMG_1232-768x1024.jpg" is accessible.
2024-07-13 14:16:34,201 Image "https://ja.tak-cslab.org/wp-content/uploads/2024/04/IMG_1172-768x1024.jpg" is accessible.
2024-07-13 14:16:34,233 Image "https://ja.tak-cslab.org/wp-content/uploads/2024/04/IMG_9116-768x1024.jpg" is accessible.
2024-07-13 14:16:34,268 Image "https://ja.tak-cslab.org/wp-content/uploads/2024/04/IMG_9122-768x1024.jpg" is accessible.
2024-07-13 14:16:34,304 Image "https://ja.tak-cslab.org/wp-content/uploads/2024/04/IMG_9113-1-768x1024.jpg" is accessible.
2024-07-13 14:16:34,340 Image "https://ja.tak-cslab.org/wp-content/uploads/2024/04/IMG_9118-768x1024.jpg" is accessible.
2024-07-13 14:16:34,519 Image "https://www.teu.ac.jp/gakubu/images/cs_images/course_field_2023.png" is accessible.
2024-07-13 14:16:34,545 Image "https://ja.tak-cslab.org/wp-content/uploads/2024/03/年齢と体感時間.webp" is accessible.
2024-07-13 14:16:34,577 Image "https://ja.tak-cslab.org/wp-content/uploads/2024/03/孫悟空-1024x567.jpg" is accessible.
2024-07-13 14:16:34,607 Image "https://ja.tak-cslab.org/wp-content/uploads/2024/03/IMG_9126-768x1024.jpg" is accessible.
2024-07-13 14:16:34,639 Image "https://ja.tak-cslab.org/wp-content/uploads/2024/03/IMG_9132-1-768x1024.jpg" is accessible.
2024-07-13 14:16:34,671 Image "https://ja.tak-cslab.org/wp-content/uploads/2024/03/IMG_9124-768x1024.jpg" is accessible.
2024-07-13 14:16:34,700 Image "https://ja.tak-cslab.org/wp-content/uploads/2024/03/IMG_9139-2-768x1024.jpg" is accessible.
2024-07-13 14:16:34,728 Image "https://ja.tak-cslab.org/wp-content/uploads/2024/03/IMG_9131-2-768x1024.jpg" is accessible.
2024-07-13 14:16:34,759 Image "https://ja.tak-cslab.org/wp-content/uploads/2024/03/IMG_9140-1-768x1024.jpg" is accessible.
2024-07-13 14:16:34,792 Image "https://ja.tak-cslab.org/wp-content/uploads/2024/03/IMG_9127-768x1024.jpg" is accessible.
2024-07-13 14:16:34,824 Image "https://ja.tak-cslab.org/wp-content/uploads/2024/03/IMG_9134-1-768x1024.jpg" is accessible.
2024-07-13 14:16:34,852 Image "https://ja.tak-cslab.org/wp-content/uploads/2024/03/IMG_9128-768x1024.jpg" is accessible.
2024-07-13 14:16:34,886 Image "https://ja.tak-cslab.org/wp-content/uploads/2024/03/IMG_9136-1-768x1024.jpg" is accessible.
2024-07-13 14:16:34,923 Image "https://ja.tak-cslab.org/wp-content/uploads/2024/03/IMG_9137-1-768x1024.jpg" is accessible.
2024-07-13 14:16:34,960 Image "https://ja.tak-cslab.org/wp-content/uploads/2024/03/IMG_9125-768x1024.jpg" is accessible.
2024-07-13 14:16:34,989 Image "https://ja.tak-cslab.org/wp-content/uploads/2024/03/IMG_9129-768x1024.jpg" is accessible.
2024-07-13 14:16:35,014 Image "https://ja.tak-cslab.org/wp-content/uploads/2024/03/IMG_9133-1-768x1024.jpg" is accessible.
2024-07-13 14:16:35,044 Image "https://ja.tak-cslab.org/wp-content/uploads/2024/03/IMG_9135-1-768x1024.jpg" is accessible.
2024-07-13 14:16:35,073 Image "https://ja.tak-cslab.org/wp-content/uploads/2024/03/IMG_9138-1-768x1024.jpg" is accessible.
2024-07-13 14:16:35,102 Image "https://ja.tak-cslab.org/wp-content/uploads/2024/03/IMG_9130-3-768x1024.jpg" is accessible.
2024-07-13 14:16:35,141 Image "https://ja.tak-cslab.org/wp-content/uploads/2024/03/PXL_20240322_043640629-1024x576.jpg" is accessible.
2024-07-13 14:16:35,172 Image "https://ja.tak-cslab.org/wp-content/uploads/2024/03/IMG_2024-03-22-12-33-42-061-1024x768.jpg" is accessible.
2024-07-13 14:16:35,207 Image "https://ja.tak-cslab.org/wp-content/uploads/2024/03/PXL_20240322_104659281-576x1024.jpg" is accessible.
2024-07-13 14:16:35,239 Image "https://ja.tak-cslab.org/wp-content/uploads/2024/03/PXL_20240322_043700566-1024x576.jpg" is accessible.
2024-07-13 14:16:35,271 Image "https://ja.tak-cslab.org/wp-content/uploads/2024/03/IMG_3701-1024x768.jpg" is accessible.
2024-07-13 14:16:35,302 Image "https://ja.tak-cslab.org/wp-content/uploads/2024/03/IMG_3011-768x1024.jpg" is accessible.
2024-07-13 14:16:35,345 Image "https://ja.tak-cslab.org/wp-content/uploads/2024/03/IMG_1406-768x1024.jpg" is accessible.
2024-07-13 14:16:35,382 Image "https://ja.tak-cslab.org/wp-content/uploads/2024/03/IMG_3010-768x1024.jpg" is accessible.
2024-07-13 14:16:35,413 Image "https://ja.tak-cslab.org/wp-content/uploads/2024/03/20240322_124636-1024x768.jpg" is accessible.
2024-07-13 14:16:35,447 Image "https://ja.tak-cslab.org/wp-content/uploads/2024/03/IMG_3012-768x1024.jpg" is accessible.
2024-07-13 14:16:35,481 Image "https://ja.tak-cslab.org/wp-content/uploads/2024/03/IMG_3473-1024x576.jpg" is accessible.
2024-07-13 14:16:35,514 Image "https://ja.tak-cslab.org/wp-content/uploads/2024/03/IMG_3489-1024x576.jpg" is accessible.
2024-07-13 14:16:35,543 Image "https://ja.tak-cslab.org/wp-content/uploads/2024/03/IMG_3503-1024x576.jpg" is accessible.
2024-07-13 14:16:35,570 Image "https://ja.tak-cslab.org/wp-content/uploads/2024/03/IMG_3493-1024x576.jpg" is accessible.
2024-07-13 14:16:35,598 Image "https://ja.tak-cslab.org/wp-content/uploads/2024/03/IMG_3478-1024x576.jpg" is accessible.
2024-07-13 14:16:35,630 Image "https://ja.tak-cslab.org/wp-content/uploads/2024/03/IMG_3485-1024x576.jpg" is accessible.
2024-07-13 14:16:35,657 Image "https://ja.tak-cslab.org/wp-content/uploads/2024/03/DSC_1926-768x1024.jpg" is accessible.
2024-07-13 14:16:35,685 Image "https://ja.tak-cslab.org/wp-content/uploads/2024/03/DSC_1925-1-768x1024.jpg" is accessible.
2024-07-13 14:16:35,724 Image "https://ja.tak-cslab.org/wp-content/uploads/2024/02/image-3.png" is accessible.
2024-07-13 14:16:35,754 Image "https://ja.tak-cslab.org/wp-content/uploads/2024/02/S__69574663-962x1024.jpg" is accessible.
2024-07-13 14:16:35,828 Image "https://storage.googleapis.com/studio-design-assets/projects/M3aAKAk7Oe/s-2400x1350_v-frms_webp_2b15e86e-7c76-4778-b78f-edec7635bb56_regular.webp" is accessible.
2024-07-13 14:16:35,862 Image "https://ja.tak-cslab.org/wp-content/uploads/2024/02/jairo-1024x768.jpg" is accessible.
2024-07-13 14:16:35,898 Image "https://ja.tak-cslab.org/wp-content/uploads/2024/02/me-ta-ne-jann-768x1024.jpg" is accessible.
2024-07-13 14:16:35,935 Image "https://ja.tak-cslab.org/wp-content/uploads/2024/02/image.png" is accessible.
2024-07-13 14:16:35,970 Image "https://ja.tak-cslab.org/wp-content/uploads/2024/01/IMG_2337-1024x768.jpg" is accessible.
2024-07-13 14:16:35,998 Image "https://ja.tak-cslab.org/wp-content/uploads/2024/01/IMG_2099-1-768x1024.jpg" is accessible.
2024-07-13 14:16:36,022 Image "https://ja.tak-cslab.org/wp-content/uploads/2024/01/IMG_2428-1.jpg" is accessible.
2024-07-13 14:16:36,061 Image "https://ja.tak-cslab.org/wp-content/uploads/2024/01/IMG_2339-1024x768.jpg" is accessible.
2024-07-13 14:16:36,101 Image "https://ja.tak-cslab.org/wp-content/uploads/2024/01/IMG_2338-1024x768.jpg" is accessible.
2024-07-13 14:16:36,141 Image "https://ja.tak-cslab.org/wp-content/uploads/2024/01/image-4.png" is accessible.
2024-07-13 14:16:36,179 Image "https://ja.tak-cslab.org/wp-content/uploads/2023/12/S__162324489-1-edited.jpg" is accessible.
2024-07-13 14:16:36,211 Image "https://ja.tak-cslab.org/wp-content/uploads/2023/12/IMG_1198-1024x768.jpg" is accessible.
2024-07-13 14:16:36,243 Image "https://ja.tak-cslab.org/wp-content/uploads/2023/12/ブログ画像-1024x768.jpg" is accessible.
2024-07-13 14:16:36,274 Image "https://ja.tak-cslab.org/wp-content/uploads/2023/12/img_1004-1024x576.jpg" is accessible.
2024-07-13 14:16:36,312 Image "https://ja.tak-cslab.org/wp-content/uploads/2023/12/img_1001-1024x768.jpg" is accessible.
2024-07-13 14:16:36,341 Image "https://ja.tak-cslab.org/wp-content/uploads/2023/12/p_20231209_111120-1-1024x768.jpg" is accessible.
2024-07-13 14:16:36,372 Image "https://ja.tak-cslab.org/wp-content/uploads/2023/12/PXL_20231212_033809250-1024x768.jpg" is accessible.
2024-07-13 14:16:36,403 Image "https://ja.tak-cslab.org/wp-content/uploads/2023/12/IMG_2742-2-1024x683.jpg" is accessible.
2024-07-13 14:16:36,433 Image "https://ja.tak-cslab.org/wp-content/uploads/2023/12/IMG_5114-576x1024.jpg" is accessible.
2024-07-13 14:16:36,461 Image "https://ja.tak-cslab.org/wp-content/uploads/2023/12/IMG_2747-1-1024x683.jpg" is accessible.
2024-07-13 14:16:36,494 Image "https://ja.tak-cslab.org/wp-content/uploads/2023/12/IMG_2748-1024x683.jpg" is accessible.
2024-07-13 14:16:36,523 Image "https://ja.tak-cslab.org/wp-content/uploads/2023/12/IMG_2763-1024x683.jpg" is accessible.
2024-07-13 14:16:36,553 Image "https://ja.tak-cslab.org/wp-content/uploads/2023/12/IMG_2754-1024x683.jpg" is accessible.
2024-07-13 14:16:36,580 Image "https://ja.tak-cslab.org/wp-content/uploads/2023/12/IMG_2741-4-1024x683.jpg" is accessible.
2024-07-13 14:16:36,611 Image "https://ja.tak-cslab.org/wp-content/uploads/2023/12/P_20231209_122058-1-1024x768.jpg" is accessible.
2024-07-13 14:16:37,059 Image "https://livedoor.blogimg.jp/yuruge/imgs/4/d/4d81f42e.jpg" is accessible.
2024-07-13 14:16:37,106 Image "https://pics.prcm.jp/0a88668e5ae68/71101397/png/71101397.png" is accessible.
2024-07-13 14:16:37,315 Image "https://th.bing.com/th/id/OIP.tU1YbEsNfzxG6ctNvgpFiwHaJ4?w=136&amp;h=181&amp;c=7&amp;r=0&amp;o=5&amp;pid=1.7" is accessible.
2024-07-13 14:16:37,346 Image "https://ja.tak-cslab.org/wp-content/uploads/2023/12/a.png" is accessible.
2024-07-13 14:16:37,370 Image "https://ja.tak-cslab.org/wp-content/uploads/2023/11/image-1.png" is accessible.
2024-07-13 14:16:37,393 Image "https://ja.tak-cslab.org/wp-content/uploads/2023/11/image.png" is accessible.
2024-07-13 14:16:37,434 Image "https://ja.tak-cslab.org/wp-content/uploads/2023/11/PXL_20231012_050914966-1024x771.jpg" is accessible.
2024-07-13 14:16:37,469 Image "https://ja.tak-cslab.org/wp-content/uploads/2023/11/PXL_20231120_002200206-1-1024x769.jpg" is accessible.
2024-07-13 14:16:37,501 Image "https://ja.tak-cslab.org/wp-content/uploads/2023/11/PXL_20231120_001842548-1-769x1024.jpg" is accessible.
2024-07-13 14:16:37,526 Image "https://ja.tak-cslab.org/wp-content/uploads/2023/10/名称未設定ファイル-1.jpg" is accessible.
2024-07-13 14:16:37,563 Image "https://ja.tak-cslab.org/wp-content/uploads/2023/11/2-Osawa.jpeg" is accessible.
2024-07-13 14:16:37,564 Execution time for check_images: 5.304965496063232 seconds
2024-07-13 14:16:37,595 Login page is accessible.
2024-07-13 14:16:37,595 Execution time for check_login_page: 0.03103184700012207 seconds
2024-07-13 14:16:37,633 Post created successfully: テスト記事
2024-07-13 14:16:37,633 Execution time for create_post: 0.03765082359313965 seconds
2024-07-13 14:16:37,672 Post edited successfully: ID 5936
2024-07-13 14:16:37,673 Execution time for edit_post: 0.039522409439086914 seconds
2024-07-13 14:16:37,715 Post deleted successfully: ID 5936
2024-07-13 14:16:37,715 Execution time for delete_post: 0.042009592056274414 seconds
2024-07-13 14:16:37,715 Total execution time: 27.825037956237793 seconds
2024-07-13 14:16:44,506 Top page is accessible.
2024-07-13 14:16:44,506 Execution time for check_top_page: 0.04788970947265625 seconds
2024-07-13 14:16:44,643 Failed to fetch pages. Status Code: 400
2024-07-13 14:16:46,283 Failed to fetch posts. Status Code: 400
2024-07-13 14:16:46,283 Total number of published pages: 12
2024-07-13 14:16:46,283 Total number of published posts: 418
2024-07-13 14:16:46,333 Published page "Dojoの活動成果" is accessible.
2024-07-13 14:16:46,387 Published page "研究室紹介" is accessible.
2024-07-13 14:16:46,430 Published page "CDSLの紹介" is accessible.
2024-07-13 14:16:46,468 Published page "ファシリティ" is accessible.
2024-07-13 14:16:46,523 Published page "ITファシリティ" is accessible.
2024-07-13 14:16:46,563 Published page "使用ツール" is accessible.
2024-07-13 14:16:46,612 Published page "公開アセット(Qiita, GitHub)" is accessible.
2024-07-13 14:16:46,657 Published page "研究室配属" is accessible.
2024-07-13 14:16:46,701 Published page "アクセス" is accessible.
2024-07-13 14:16:46,754 Published page "メンバー" is accessible.
2024-07-13 14:16:46,803 Published page "テクニカルレポート" is accessible.
2024-07-13 14:16:46,849 Published page "ホーム" is accessible.
2024-07-13 14:16:46,896 Published post "ヘビ毒と母の言葉は遅効性" is accessible.
2024-07-13 14:16:46,942 Published post "1年前の自分と振り返って" is accessible.
2024-07-13 14:16:46,993 Published post "コンピュータ関連の仕事でもコミュニケーションが大切" is accessible.
2024-07-13 14:16:47,038 Published post "自身のテクレポタイトルの変遷" is accessible.
2024-07-13 14:16:47,087 Published post "Regulation" is accessible.
2024-07-13 14:16:47,137 Published post "穴釣りの楽しさについて" is accessible.
2024-07-13 14:16:47,187 Published post "人生の場数を用いた企業面接の攻略法" is accessible.
2024-07-13 14:16:47,233 Published post "ミックスボイス出したい" is accessible.
2024-07-13 14:16:47,280 Published post "間食は食べ過ぎないように" is accessible.
2024-07-13 14:16:47,328 Published post "サバゲーに行く話" is accessible.
2024-07-13 14:16:47,375 Published post "朝起きられない人へ" is accessible.
2024-07-13 14:16:47,426 Published post "サバゲ―に行った話" is accessible.
2024-07-13 14:16:47,474 Published post "八王子駅周辺おすすめラーメン屋さん" is accessible.
2024-07-13 14:16:47,520 Published post "AIにブログ書かせてみた" is accessible.
2024-07-13 14:16:47,566 Published post "休日の過ごし方　" is accessible.
2024-07-13 14:16:47,614 Published post "上野原市から見える高速道路について" is accessible.
2024-07-13 14:16:47,663 Published post "技術の視点が変わった話" is accessible.
2024-07-13 14:16:47,708 Published post "東京工科大学で取れる食物繊維について" is accessible.
2024-07-13 14:16:47,755 Published post "研究室でハムスター飼いたい" is accessible.
2024-07-13 14:16:47,801 Published post "春と夏の間" is accessible.
2024-07-13 14:16:47,847 Published post "おい，お前！そこのお前だよ！" is accessible.
2024-07-13 14:16:47,892 Published post "Cloud Native Dojo 2024の募集をしました!" is accessible.
2024-07-13 14:16:47,939 Published post "社会人と学生の違い" is accessible.
2024-07-13 14:16:47,987 Published post "2024年度　新入生学部交流会" is accessible.
2024-07-13 14:16:48,036 Published post "2024年度 新入生ガイダンス_フレッシャーズゼミ" is accessible.
2024-07-13 14:16:48,087 Published post "Struggling with Accents" is accessible.
2024-07-13 14:16:48,151 Published post "変調を勉強" is accessible.
2024-07-13 14:16:48,212 Published post "プラットフォームとしての自動化(Zapier)" is accessible.
2024-07-13 14:16:48,258 Published post "学部生最後の旅行" is accessible.
2024-07-13 14:16:48,309 Published post "情報処理学会第198回マルチメディア通信と分散処理研究報告会においてプレゼンテーションを行いました" is accessible.
2024-07-13 14:16:48,354 Published post "オープンキャンパス2024でIoT Dojoのデモンストレーションを行いました" is accessible.
2024-07-13 14:16:48,404 Published post "3月１９日　表彰式" is accessible.
2024-07-13 14:16:48,450 Published post "東京工科大学の新学期" is accessible.
2024-07-13 14:16:48,495 Published post "3年ぶりの優勝！！！" is accessible.
2024-07-13 14:16:48,543 Published post "時の流れが早い" is accessible.
2024-07-13 14:16:48,594 Published post "Milthmを布教したい" is accessible.
2024-07-13 14:16:48,642 Published post "孫悟空から感じるエンジニア魂" is accessible.
2024-07-13 14:16:48,693 Published post "3月19日　学位授与" is accessible.
2024-07-13 14:16:48,748 Published post "東京女子大_加藤研合同発表会 in 2024春 (会場移動と懇親会)" is accessible.
2024-07-13 14:16:48,799 Published post "東京女子大_加藤研合同発表会 in 2024春 (プログラムと発表風景)" is accessible.
2024-07-13 14:16:48,846 Published post "学部長賞授与_令和6年4月1日" is accessible.
2024-07-13 14:16:48,895 Published post "眠い" is accessible.
2024-07-13 14:16:48,941 Published post "ログって大学の研究で使えるモノなのか" is accessible.
2024-07-13 14:16:48,993 Published post "お子様ランチに刺さっている旗" is accessible.
2024-07-13 14:16:49,039 Published post "交通事故の怖さ" is accessible.
2024-07-13 14:16:49,088 Published post "systemdで論文要約サイトのバックアップを自動化した話" is accessible.
2024-07-13 14:16:49,135 Published post "マルチキャストについて思った事" is accessible.
2024-07-13 14:16:49,194 Published post "音楽ライブの魅力" is accessible.
2024-07-13 14:16:49,241 Published post "AI VTuber　(??)" is accessible.
2024-07-13 14:16:49,288 Published post "テスト前に掃除し始める例のあれ" is accessible.
2024-07-13 14:16:49,346 Published post "ジャイロ 欠陥" is accessible.
2024-07-13 14:16:49,415 Published post "研究室に3年半所属してみて" is accessible.
2024-07-13 14:16:49,462 Published post "伝えることの難しさ" is accessible.
2024-07-13 14:16:49,507 Published post "修了寄稿" is accessible.
2024-07-13 14:16:49,557 Published post "皆さんありがとう！私はいつもギリギリです．" is accessible.
2024-07-13 14:16:49,602 Published post "[ランダムなタイトルを挿入]" is accessible.
2024-07-13 14:16:49,648 Published post "研究室での時間" is accessible.
2024-07-13 14:16:49,694 Published post "Time flies." is accessible.
2024-07-13 14:16:49,744 Published post "研究室と私" is accessible.
2024-07-13 14:16:49,789 Published post "学部ももう終わり" is accessible.
2024-07-13 14:16:49,835 Published post "己" is accessible.
2024-07-13 14:16:49,882 Published post "最後の投稿" is accessible.
2024-07-13 14:16:49,926 Published post "この日のために" is accessible.
2024-07-13 14:16:49,973 Published post "卒業課題を終えて" is accessible.
2024-07-13 14:16:50,019 Published post "最後の投稿" is accessible.
2024-07-13 14:16:50,068 Published post "感想戦" is accessible.
2024-07-13 14:16:50,114 Published post "これまでの話" is accessible.
2024-07-13 14:16:50,162 Published post "卒業課題は寂しい" is accessible.
2024-07-13 14:16:50,213 Published post "甲子園中止世代から未来の球児へ" is accessible.
2024-07-13 14:16:50,259 Published post "英語の履歴書と日本語の履歴書" is accessible.
2024-07-13 14:16:50,310 Published post "変わった趣味" is accessible.
2024-07-13 14:16:50,359 Published post "CytusⅡを布教したい" is accessible.
2024-07-13 14:16:50,410 Published post "オススメWEB小説作品2選+α" is accessible.
2024-07-13 14:16:50,457 Published post "AAが貼れなかった" is accessible.
2024-07-13 14:16:50,506 Published post "きぬた歯科の看板" is accessible.
2024-07-13 14:16:50,553 Published post "五十嵐さんの記事がCS学部のBlogに掲載" is accessible.
2024-07-13 14:16:50,606 Published post "ヨルシカ◂Ⓘ▸" is accessible.
2024-07-13 14:16:50,652 Published post "東京工科大学　お昼ご飯　格安　お腹いっぱい食られる ワザップ" is accessible.
2024-07-13 14:16:50,696 Published post "IoT Dojoでの活動記録がCS学部Blogに掲載" is accessible.
2024-07-13 14:16:50,744 Published post "晩御飯を作る時" is accessible.
2024-07-13 14:16:50,792 Published post "第15回大学コンソーシアム八王子学生発表会にてCDSLの学生が賞を受賞" is accessible.
2024-07-13 14:16:50,839 Published post "有備無患【大学コンソーシアム八王子】" is accessible.
2024-07-13 14:16:50,884 Published post "学部4年の大沢さんが国際会議IEEE CCEM 2023で発表＆受賞" is accessible.
2024-07-13 14:16:50,931 Published post "八王子コンソーシアムの学生発表について" is accessible.
2024-07-13 14:16:50,982 Published post "VCT2024" is accessible.
2024-07-13 14:16:51,028 Published post "大学コンソーシアム八王子学生発表会に参加しました" is accessible.
2024-07-13 14:16:51,079 Published post "「なのだ！」" is accessible.
2024-07-13 14:16:51,125 Published post "初めてaviutlを使ったら紙芝居ができた" is accessible.
2024-07-13 14:16:51,178 Published post "現代社会を創り出した技術と世界大戦" is accessible.
2024-07-13 14:16:51,224 Published post "季節の食べ物おいしい" is accessible.
2024-07-13 14:16:51,271 Published post "地元愛" is accessible.
2024-07-13 14:16:51,316 Published post "突然のトラブル：PCタッチパッドの謎" is accessible.
2024-07-13 14:16:51,368 Published post "GitHub Educationの申請に苦戦した話" is accessible.
2024-07-13 14:16:51,416 Published post "大阪大学の長谷川研究室に訪問してきました" is accessible.
2024-07-13 14:16:51,461 Published post "初めてのコロナ" is accessible.
2024-07-13 14:16:51,510 Published post "なぜ紅葉を見に行くのか" is accessible.
2024-07-13 14:16:51,558 Published post "ReactをGithub ActionsでCI/CDした話" is accessible.
2024-07-13 14:16:51,607 Published post "人生負け組！生きる価値なし！！！" is accessible.
2024-07-13 14:16:51,654 Published post "DPSW2023での発表の様子がCS学部Blogに掲載されました" is accessible.
2024-07-13 14:16:51,702 Published post "IEEE CCEM2023" is accessible.
2024-07-13 14:16:51,753 Published post "[Day3] DPSWS" is accessible.
2024-07-13 14:16:51,804 Published post "[Day2] DPSWS" is accessible.
2024-07-13 14:16:51,858 Published post "[Day1] DPSWS" is accessible.
2024-07-13 14:16:51,904 Published post "テクニカルレポート提出まで1か月" is accessible.
2024-07-13 14:16:51,951 Published post "内定式に出席しました" is accessible.
2024-07-13 14:16:51,998 Published post "転送サービスを利用した話" is accessible.
2024-07-13 14:16:52,048 Published post "ダイエットについて" is accessible.
2024-07-13 14:16:52,095 Published post "ふぃっしゅ数バージョン1【巨大数論】" is accessible.
2024-07-13 14:16:52,139 Published post "4年の三上さんの記事がCS学部のBlogに掲載" is accessible.
2024-07-13 14:16:52,187 Published post "曲の完成について2" is accessible.
2024-07-13 14:16:52,232 Published post "自己紹介（遠藤空）" is accessible.
2024-07-13 14:16:52,279 Published post "自己紹介(三上 翔太)" is accessible.
2024-07-13 14:16:52,324 Published post "自己紹介(筒井 優貴)" is accessible.
2024-07-13 14:16:52,370 Published post "3年生が研究室に配属されました！" is accessible.
2024-07-13 14:16:52,414 Published post "自己紹介 (奥田滉大)" is accessible.
2024-07-13 14:16:52,461 Published post "自己紹介(宮本港斗)" is accessible.
2024-07-13 14:16:52,508 Published post "自己紹介(橋本 健)" is accessible.
2024-07-13 14:16:52,553 Published post "自己紹介(石川裕人)" is accessible.
2024-07-13 14:16:52,603 Published post "自己紹介（加藤健吾）" is accessible.
2024-07-13 14:16:52,648 Published post "自己紹介（越後谷澪）" is accessible.
2024-07-13 14:16:52,693 Published post "自己紹介（山野倖平）" is accessible.
2024-07-13 14:16:52,748 Published post "自己紹介（鈴木友也）" is accessible.
2024-07-13 14:16:52,797 Published post "東京女子大学加藤研合同発表会 in 2023秋" is accessible.
2024-07-13 14:16:52,841 Published post "最近の不幸について" is accessible.
2024-07-13 14:16:52,896 Published post "サーバーのメモリを変えました" is accessible.
2024-07-13 14:16:52,944 Published post "キングダムおもろー" is accessible.
2024-07-13 14:16:52,989 Published post "自己紹介（田中美帆）" is accessible.
2024-07-13 14:16:53,034 Published post "自己紹介（川端ももの）" is accessible.
2024-07-13 14:16:53,083 Published post "自己紹介　（山本真也）" is accessible.
2024-07-13 14:16:53,149 Published post "自己紹介 (西村 克己)" is accessible.
2024-07-13 14:16:53,209 Published post "自己紹介（近藤悠斗）" is accessible.
2024-07-13 14:16:53,257 Published post "ICM Workshop 2023 を振り返って" is accessible.
2024-07-13 14:16:53,306 Published post "ICM Workshop 2023 [Day2]" is accessible.
2024-07-13 14:16:53,357 Published post "ICM Workshop 2023 [Day1]" is accessible.
2024-07-13 14:16:53,403 Published post "二回目の濃厚接触者になってしまった" is accessible.
2024-07-13 14:16:53,449 Published post "中間発表終了しました" is accessible.
2024-07-13 14:16:53,494 Published post "あと半年" is accessible.
2024-07-13 14:16:53,538 Published post "なぜ，夏のお盆がある？" is accessible.
2024-07-13 14:16:53,590 Published post "マンチェスターシティVS横浜Fマリノス" is accessible.
2024-07-13 14:16:53,641 Published post "TFT研究中 [Patch 13.14]" is accessible.
2024-07-13 14:16:53,689 Published post "COVID‑19" is accessible.
2024-07-13 14:16:53,738 Published post "休みまであと約2週間！！" is accessible.
2024-07-13 14:16:53,792 Published post "The Making of Harry Potter" is accessible.
2024-07-13 14:16:53,841 Published post "Shukatsu Sokatsu カツカツ" is accessible.
2024-07-13 14:16:53,888 Published post "IoT道場　進捗報告" is accessible.
2024-07-13 14:16:53,939 Published post "最近お気に入りの学食" is accessible.
2024-07-13 14:16:53,989 Published post "【読書レポート】『シラノ・ド・ベルジュラック』渡辺守章/訳" is accessible.
2024-07-13 14:16:54,034 Published post "曲の完成について" is accessible.
2024-07-13 14:16:54,079 Published post "生活習慣(筋トレ)" is accessible.
2024-07-13 14:16:54,123 Published post "最はま" is accessible.
2024-07-13 14:16:54,171 Published post "外耳炎で苦しんだ話" is accessible.
2024-07-13 14:16:54,225 Published post "今シーズン振り返り" is accessible.
2024-07-13 14:16:54,270 Published post "今年の映画マジ豊作" is accessible.
2024-07-13 14:16:54,319 Published post "学報75号にIoT道場の活動報告が掲載されました" is accessible.
2024-07-13 14:16:54,366 Published post "自動車学校に通い始めました" is accessible.
2024-07-13 14:16:54,412 Published post "新バージョン「Docker Desktop 4.19」" is accessible.
2024-07-13 14:16:54,461 Published post "[悲報]Dockerfile、生モノだった" is accessible.
2024-07-13 14:16:54,507 Published post "Kubernetes に使われている意外な技術" is accessible.
2024-07-13 14:16:54,553 Published post "束の間の休日" is accessible.
2024-07-13 14:16:54,602 Published post "北海道" is accessible.
2024-07-13 14:16:54,650 Published post "Star Wars Day" is accessible.
2024-07-13 14:16:54,696 Published post "新規サーバー登場" is accessible.
2024-07-13 14:16:54,742 Published post "GWの過ごし方について(今後．．．．)" is accessible.
2024-07-13 14:16:54,788 Published post "音楽理論を学んで" is accessible.
2024-07-13 14:16:54,839 Published post "2023度卒業生の高木さんに3年半の感想をインタビュー" is accessible.
2024-07-13 14:16:54,885 Published post "2023度卒業生の小山さんに3年半の感想をインタビュー" is accessible.
2024-07-13 14:16:54,931 Published post "2023卒業生の杉本さんに3年半の感想をインタビュー" is accessible.
2024-07-13 14:16:54,983 Published post "研究室の紹介ビデオを撮影中" is accessible.
2024-07-13 14:16:55,029 Published post "食事の大切さにについて" is accessible.
2024-07-13 14:16:55,079 Published post "とりあえずピアス開けた(^q^)" is accessible.
2024-07-13 14:16:55,133 Published post "帰省ついでに旅行に行ってきた" is accessible.
2024-07-13 14:16:55,177 Published post "節約術を鍛えたい" is accessible.
2024-07-13 14:16:55,230 Published post "よりより" is accessible.
2024-07-13 14:16:55,278 Published post "引き続き沼っています（9万円溶かしました）" is accessible.
2024-07-13 14:16:55,328 Published post "AINA2023を終えて" is accessible.
2024-07-13 14:16:55,376 Published post "もう４月だよ" is accessible.
2024-07-13 14:16:55,427 Published post "小山さんの出張記事がCS学部のブログに掲載" is accessible.
2024-07-13 14:16:55,480 Published post "PRIME X570-PRO/CSMのBIOSをバージョンアップしてみた" is accessible.
2024-07-13 14:16:55,531 Published post "[day6] 日本はもうすぐ" is accessible.
2024-07-13 14:16:55,582 Published post "[day5] 日本に向けて移動" is accessible.
2024-07-13 14:16:55,630 Published post "League of Legendsの上達と課題" is accessible.
2024-07-13 14:16:55,681 Published post "[day4] CIoT2023の3日目" is accessible.
2024-07-13 14:16:55,734 Published post "[day3] CIoT2023の2日目" is accessible.
2024-07-13 14:16:55,787 Published post "[day2] CIoT2023の1日目" is accessible.
2024-07-13 14:16:55,835 Published post "発表の大変さと大切さ" is accessible.
2024-07-13 14:16:55,887 Published post "[day1] 韓国からポルトガルへ" is accessible.
2024-07-13 14:16:55,937 Published post "[day0] CIoT 2023に向けて出発" is accessible.
2024-07-13 14:16:55,986 Published post "東京女子大学加藤研合同発表会 in 2023春" is accessible.
2024-07-13 14:16:56,039 Published post "学位授与式" is accessible.
2024-07-13 14:16:56,086 Published post "インドの大学との共同成果をテクニカルレポートで公開" is accessible.
2024-07-13 14:16:56,148 Published post "DPS194(東京)にてCDSL4年生2名が発表しました" is accessible.
2024-07-13 14:16:56,206 Published post "SynthesizerV AIがどう使われていくのか気になっている" is accessible.
2024-07-13 14:16:56,262 Published post "就活苦しい就活" is accessible.
2024-07-13 14:16:56,312 Published post "Los Angeles" is accessible.
2024-07-13 14:16:56,359 Published post "半年後の君へ" is accessible.
2024-07-13 14:16:56,403 Published post "IoT Dojo 2022 [チーム:いいじまっち]での成果を動画にて公開" is accessible.
2024-07-13 14:16:56,454 Published post "ハイパー演算とアッカーマン関数【巨大数論】" is accessible.
2024-07-13 14:16:56,503 Published post "インドの大学と共同で論文を執筆し、公開" is accessible.
2024-07-13 14:16:56,551 Published post "卒業論文に向けて" is accessible.
2024-07-13 14:16:56,601 Published post "ポスター発表会" is accessible.
2024-07-13 14:16:56,652 Published post "サーバーの追加作業(Plum)" is accessible.
2024-07-13 14:16:56,703 Published post "Slay the Spire、上手くなりたい" is accessible.
2024-07-13 14:16:56,748 Published post "東京恐い" is accessible.
2024-07-13 14:16:56,795 Published post "2022年度卒業課題最終発表会" is accessible.
2024-07-13 14:16:56,844 Published post "Macユーザの私がゲームのために心を鬼にしてWindows PCを買った話" is accessible.
2024-07-13 14:16:56,891 Published post "近況報告" is accessible.
2024-07-13 14:16:56,941 Published post "熟睡のために" is accessible.
2024-07-13 14:16:56,986 Published post "新しく始めたゲームに沼ってます" is accessible.
2024-07-13 14:16:57,031 Published post "小山さんの論文が国際会議6th Conference on Cloud and Internet of Thingsにて採録" is accessible.
2024-07-13 14:16:57,078 Published post "M2の小山さんが書いたCloud Native Dojo/IoT Dojoの記事" is accessible.
2024-07-13 14:16:57,129 Published post "はまっているスマホゲームについて" is accessible.
2024-07-13 14:16:57,175 Published post "春休み" is accessible.
2024-07-13 14:16:57,223 Published post "M2 MacBook Airを買いました" is accessible.
2024-07-13 14:16:57,271 Published post "杉本さんの論文が国際会議AINA2023にて採録" is accessible.
2024-07-13 14:16:57,317 Published post "Semantic Versioning を考える" is accessible.
2024-07-13 14:16:57,368 Published post "就職活動の失敗について" is accessible.
2024-07-13 14:16:57,419 Published post "AWSの無料枠EC2でelasticsearchを動かす時にメモリが足りない！！" is accessible.
2024-07-13 14:16:57,466 Published post "スクレイピングで馬の情報を取りたいね" is accessible.
2024-07-13 14:16:57,512 Published post "サッカーワールドカップを観た感想" is accessible.
2024-07-13 14:16:57,563 Published post "Wasmtimeのメジャーバージョンが上がるのが早くてびっくりした話" is accessible.
2024-07-13 14:16:57,614 Published post "第193回DPS研究会での発表（仙台編）" is accessible.
2024-07-13 14:16:57,664 Published post "バージョン1.0と完成度のジレンマ" is accessible.
2024-07-13 14:16:57,723 Published post "openVinoを使った話" is accessible.
2024-07-13 14:16:57,773 Published post "もし私が大学院に進学しなければ" is accessible.
2024-07-13 14:16:57,820 Published post "2022年ももうすぐ終わり" is accessible.
2024-07-13 14:16:57,877 Published post "サーモンランの評価上げ方(スプラ3)" is accessible.
2024-07-13 14:16:57,925 Published post "チェンソーマンのOP・ED曲のMV一覧" is accessible.
2024-07-13 14:16:57,976 Published post "マックの番号札にmacアドレスが書いてありました。（テーブルロケータ）" is accessible.
2024-07-13 14:16:58,025 Published post "チャリ日和" is accessible.
2024-07-13 14:16:58,071 Published post "【フリーVST】Valhalla Super Massiveの試用" is accessible.
2024-07-13 14:16:58,134 Published post "DPSWS2022にて研究発表 ~ 咽頭炎を沿えて ~" is accessible.
2024-07-13 14:16:58,205 Published post "後期テクニカルレポート提出期限間近！" is accessible.
2024-07-13 14:16:58,253 Published post "curlの-wオプション（時間計測）" is accessible.
2024-07-13 14:16:58,301 Published post "不思議な英単語&#8221;Ghoti&#8221;の読み方とは？ー英語の綴りと発音の謎について解説！" is accessible.
2024-07-13 14:16:58,347 Published post "自己紹介 ( 五十嵐 蓮 )" is accessible.
2024-07-13 14:16:58,392 Published post "自己紹介（西嶌知良）" is accessible.
2024-07-13 14:16:58,438 Published post "自己紹介（中里聖）" is accessible.
2024-07-13 14:16:58,483 Published post "自己紹介（圖齋雄治）" is accessible.
2024-07-13 14:16:58,530 Published post "自己紹介（栗原尚希）" is accessible.
2024-07-13 14:16:58,576 Published post "自己紹介（金子拓磨）" is accessible.
2024-07-13 14:16:58,620 Published post "自己紹介（遠藤睦実）" is accessible.
2024-07-13 14:16:58,665 Published post "自己紹介" is accessible.
2024-07-13 14:16:58,711 Published post "メンターがすべきこと 〜IoT Dojoからの学び〜" is accessible.
2024-07-13 14:16:58,761 Published post "東京女子大学 加藤研究室と合同研究発表会を行いました！" is accessible.
2024-07-13 14:16:58,808 Published post "自己紹介（いだなおき）" is accessible.
2024-07-13 14:16:58,852 Published post "自己紹介です" is accessible.
2024-07-13 14:16:58,906 Published post "大学(院)研究に必要なのは何か" is accessible.
2024-07-13 14:16:58,950 Published post "自己紹介 (増田 和範)" is accessible.
2024-07-13 14:16:58,998 Published post "運用は難しい" is accessible.
2024-07-13 14:16:59,046 Published post "書き捨てのPythonプロジェクトを生成するワンライナー" is accessible.
2024-07-13 14:16:59,096 Published post "情報処理学会 DPS192(広島)にての発表" is accessible.
2024-07-13 14:16:59,146 Published post "ICM Workshop 2022" is accessible.
2024-07-13 14:16:59,202 Published post "KubernetesのNamespaceがTerminatingで消えないとき" is accessible.
2024-07-13 14:16:59,251 Published post "BWF World Championshipsにいってきました" is accessible.
2024-07-13 14:16:59,300 Published post "おかし" is accessible.
2024-07-13 14:16:59,349 Published post "Dockerの勉強会を行ったときの資料" is accessible.
2024-07-13 14:16:59,404 Published post "ESXiが起動できなくなったのでBIOSアップデートをしました。" is accessible.
2024-07-13 14:16:59,452 Published post "3年生初めての作業" is accessible.
2024-07-13 14:16:59,499 Published post "修士の中間審査を行いました" is accessible.
2024-07-13 14:16:59,544 Published post "GPA2以下が学会発表する" is accessible.
2024-07-13 14:16:59,594 Published post "就職すべきか進学すべきか、それが問題だ" is accessible.
2024-07-13 14:16:59,646 Published post "輪講会でのスライドの作り方" is accessible.
2024-07-13 14:16:59,692 Published post "髙木さんの記事がCS学部のBlogに掲載" is accessible.
2024-07-13 14:16:59,742 Published post "India-Japan Cooperative Learning 2022/7/8" is accessible.
2024-07-13 14:16:59,789 Published post "一難去ってまた一難" is accessible.
2024-07-13 14:16:59,840 Published post "GIoTS 2022 での学会発表 ~ 発表編 ~" is accessible.
2024-07-13 14:16:59,900 Published post "GIoTS 2022 での学会発表 ~ ダブリンでの生活編 ~" is accessible.
2024-07-13 14:16:59,953 Published post "GIoTS 2022 での学会発表 ~ IoT Week編 ~" is accessible.
2024-07-13 14:17:00,006 Published post "GIoTS 2022 での学会発表 ~ 出国・入国編 ~" is accessible.
2024-07-13 14:17:00,054 Published post "富士山に登りたいと思っている話" is accessible.
2024-07-13 14:17:00,103 Published post "高木さんからダブリンのプレゼントをいただきました!!ありがとう!!" is accessible.
2024-07-13 14:17:00,153 Published post "YouTubeで学べるインド英語" is accessible.
2024-07-13 14:17:00,215 Published post "【安価！】povo2.0とポケットWi-FiでIoT機器用モバイルネットワーク環境の構築" is accessible.
2024-07-13 14:17:00,265 Published post "India-Japan Cooperative Learning 2022/6/3" is accessible.
2024-07-13 14:17:00,313 Published post "cronの設定場所" is accessible.
2024-07-13 14:17:00,366 Published post "情報処理学会 DPS191(沖縄)にて発表してきました" is accessible.
2024-07-13 14:17:00,410 Published post "最近" is accessible.
2024-07-13 14:17:00,458 Published post "髙木さんが国際会議Global IoT Summitで発表 " is accessible.
2024-07-13 14:17:00,508 Published post "India-Japan Cooperative Learning 2022/5/20" is accessible.
2024-07-13 14:17:00,555 Published post "IoT Dojo キックオフ" is accessible.
2024-07-13 14:17:00,606 Published post "India-Japan Cooperative Learning 2022/5/13" is accessible.
2024-07-13 14:17:00,653 Published post "飯島さんの研究が大学案内2023に掲載" is accessible.
2024-07-13 14:17:00,703 Published post "テクニカルレポート検索サイト Doktorを公開しました" is accessible.
2024-07-13 14:17:00,751 Published post "インタビュー動画作成しました！" is accessible.
2024-07-13 14:17:00,797 Published post "これまでの学部・修士でやってきた就活の話" is accessible.
2024-07-13 14:17:00,845 Published post "Cloud Native Dojo 2021での成果を動画で公開" is accessible.
2024-07-13 14:17:00,894 Published post "インドの学生と顔合わせしました" is accessible.
2024-07-13 14:17:00,941 Published post "SO_REUSEPORT 完全に理解した（い）" is accessible.
2024-07-13 14:17:00,989 Published post "CDSLの本棚" is accessible.
2024-07-13 14:17:01,034 Published post "小山さんがAINA-2022で発表" is accessible.
2024-07-13 14:17:01,085 Published post "国際会議 AINA-2022 で発表しました" is accessible.
2024-07-13 14:17:01,139 Published post "学生証から学籍番号を取得してみた" is accessible.
2024-07-13 14:17:01,187 Published post "ESXi上のrke2にistioをインストールする" is accessible.
2024-07-13 14:17:01,235 Published post "東京女子大学と合同研究発表会を行いました！" is accessible.
2024-07-13 14:17:01,284 Published post "伊藤さんがポスター発表審査会の優秀賞を受賞しました" is accessible.
2024-07-13 14:17:01,332 Published post "Open Campus 2022で研究室紹介を行いました！" is accessible.
2024-07-13 14:17:01,379 Published post "学生2名が学部長賞を受賞しました" is accessible.
2024-07-13 14:17:01,430 Published post "インフラのトラブルシューティングでやることまとめ" is accessible.
2024-07-13 14:17:01,476 Published post "自己紹介" is accessible.
2024-07-13 14:17:01,523 Published post "春休みの研究室" is accessible.
2024-07-13 14:17:01,572 Published post "小山さんの論文が情報処理学会論文誌に掲載" is accessible.
2024-07-13 14:17:01,615 Published post "飯島さん，秋山さんがDPS研究会で発表" is accessible.
2024-07-13 14:17:01,665 Published post "ただの自己紹介" is accessible.
2024-07-13 14:17:01,712 Published post "自己紹介する" is accessible.
2024-07-13 14:17:01,759 Published post "VMの作成とOSインストール，遠隔ログイン設定を自動化" is accessible.
2024-07-13 14:17:01,806 Published post "じこしょーかい！" is accessible.
2024-07-13 14:17:01,853 Published post "自宅に Kubernetes 環境を構築した話" is accessible.
2024-07-13 14:17:01,901 Published post "【バズ・ライトイヤーのアストロブラスターで10万点取る方法】" is accessible.
2024-07-13 14:17:01,951 Published post "WordPressサーバを移行しました。＋自己紹介" is accessible.
2024-07-13 14:17:01,996 Published post "自己紹介" is accessible.
2024-07-13 14:17:02,042 Published post "自己紹介" is accessible.
2024-07-13 14:17:02,087 Published post "研究室を振り返って" is accessible.
2024-07-13 14:17:02,132 Published post "ESP32並列処理のあれそれ" is accessible.
2024-07-13 14:17:02,183 Published post "新たなサーバーの組み立て" is accessible.
2024-07-13 14:17:02,230 Published post "研究室にあるVMのバックアップ事情" is accessible.
2024-07-13 14:17:02,283 Published post "第29回 マルチメディア通信と分散処理ワークショップ (DPSWS2021)で発表を行いました" is accessible.
2024-07-13 14:17:02,328 Published post "髙木さん，杉本さん，河竹さんがCCEM2021で受賞" is accessible.
2024-07-13 14:17:02,374 Published post "M-1グランプリ2021の話" is accessible.
2024-07-13 14:17:02,420 Published post "内定式" is accessible.
2024-07-13 14:17:02,468 Published post "Cloud Native Dojo #1 / #2を開催" is accessible.
2024-07-13 14:17:02,516 Published post "ワクチンの副作用の話" is accessible.
2024-07-13 14:17:02,563 Published post "CDSLのBoot Camp (2021)" is accessible.
2024-07-13 14:17:02,608 Published post "衣食住のはなし" is accessible.
2024-07-13 14:17:02,654 Published post "東京女子大学との合同研究発表会について" is accessible.
2024-07-13 14:17:02,700 Published post "あなたは『環境に良い車』に乗りたいですか？" is accessible.
2024-07-13 14:17:02,746 Published post "五味康隆氏から学ぶ、自動車のこれから" is accessible.
2024-07-13 14:17:02,792 Published post "Open Hack U 2021 Onlineに参加しました" is accessible.
2024-07-13 14:17:02,837 Published post "「Cloud Native Dojo 2021」の記事がCS学部Blogに掲載されました．" is accessible.
2024-07-13 14:17:02,883 Published post "pLaTeXで丸数字を埋め込むマクロをつくる" is accessible.
2024-07-13 14:17:02,934 Published post "ICM Workshop 2021" is accessible.
2024-07-13 14:17:02,980 Published post "Twitterアカウントを開設しました" is accessible.
2024-07-13 14:17:03,029 Published post "さよなら踏み台VM，こんにちは踏み台コンテナ！" is accessible.
2024-07-13 14:17:03,074 Published post "2021年度卒業課題中間発表会" is accessible.
2024-07-13 14:17:03,135 Published post "AWSのKubernetesエンジンであるEKSを使ってみた話" is accessible.
2024-07-13 14:17:03,205 Published post "CDSLスケジュール in 2021summer" is accessible.
2024-07-13 14:17:03,249 Published post "学部2年生を対象にCloud Native Dojoを開催" is accessible.
2024-07-13 14:17:03,296 Published post "卒業研究の基礎実験" is accessible.
2024-07-13 14:17:03,344 Published post "『ビジョナリー・カンパニー』から学ぶ経営学" is accessible.
2024-07-13 14:17:03,392 Published post "睡眠不足の方へ" is accessible.
2024-07-13 14:17:03,438 Published post "ゲリラ雷雨" is accessible.
2024-07-13 14:17:03,483 Published post "表面温度取得がバグってる件について" is accessible.
2024-07-13 14:17:03,529 Published post "コラッツ予想って本当なんか！？" is accessible.
2024-07-13 14:17:03,575 Published post "NBAファイナルの話" is accessible.
2024-07-13 14:17:03,623 Published post "美味しかった八王子のラーメン3選" is accessible.
2024-07-13 14:17:03,668 Published post "Remote SSH で Include ディレクティブを利用したときにハマったこと" is accessible.
2024-07-13 14:17:03,715 Published post "UARTのあれこれ" is accessible.
2024-07-13 14:17:03,762 Published post "パチンコの話" is accessible.
2024-07-13 14:17:03,810 Published post "3年くらい使っていた1080tiが壊れて、転売ヤーを恨んだ話" is accessible.
2024-07-13 14:17:03,857 Published post "DPS・MBL・ITS・SeMI合同研究発表会で発表した話" is accessible.
2024-07-13 14:17:03,904 Published post "就職活動で役に立ったアプリ" is accessible.
2024-07-13 14:17:03,954 Published post "Apple製品を使うなら自動化を極めようという話" is accessible.
2024-07-13 14:17:04,003 Published post "シン・エヴァンゲリオンで出てきた”L5”という単語について" is accessible.
2024-07-13 14:17:04,056 Published post "就活の報告" is accessible.
2024-07-13 14:17:04,107 Published post "かっこいいポンチ絵の書き方" is accessible.
2024-07-13 14:17:04,157 Published post "学位授与式がありました" is accessible.
2024-07-13 14:17:04,217 Published post "変ハ長調の面白さ" is accessible.
2024-07-13 14:17:04,265 Published post "API Blueprint でAPI設計書を書く 超入門編 Part1" is accessible.
2024-07-13 14:17:04,310 Published post "英単語暗記法" is accessible.
2024-07-13 14:17:04,359 Published post "Apexでマスターに行く方法" is accessible.
2024-07-13 14:17:04,411 Published post "東京女子大学との合同発表会を行いました" is accessible.
2024-07-13 14:17:04,456 Published post "新宮さん，飯島さん，小山さんがコンピュータサイエンス学部から表彰されました．" is accessible.
2024-07-13 14:17:04,503 Published post "IEEE CCEM PCW 2021で発表しました" is accessible.
2024-07-13 14:17:04,551 Published post "仲良くサーバー組み立て" is accessible.
2024-07-13 14:17:04,598 Published post "今まで経験してきたアルバイトまとめ" is accessible.
2024-07-13 14:17:04,651 Published post "2021年卒業研究発表会" is accessible.
2024-07-13 14:17:04,699 Published post "ヒドラゲームと巨大数論" is accessible.
2024-07-13 14:17:04,749 Published post "[解決法]LatexでURLを載せる時にエラーになってしまう/フォントが他の周りから浮いてしまう" is accessible.
2024-07-13 14:17:04,795 Published post "実装難しすぎる問題" is accessible.
2024-07-13 14:17:04,846 Published post "BLEの身近な使われ方" is accessible.
2024-07-13 14:17:04,894 Published post "第185回 DPS研究発表会で発表を行いました" is accessible.
2024-07-13 14:17:04,943 Published post "k8sのあれこれ(k3s, k0s..etc)" is accessible.
2024-07-13 14:17:04,991 Published post "Unified RequestID Assignment on MicroservicesがThe Student Project Showcase Proposal &#8211; First Prizeを受賞しました．" is accessible.
2024-07-13 14:17:05,038 Published post "飯島貴政さんがCCEM2020で受賞" is accessible.
2024-07-13 14:17:05,090 Published post "Amazon,楽天の抱える危機" is accessible.
2024-07-13 14:17:05,135 Published post "go toキャンペーン" is accessible.
2024-07-13 14:17:05,182 Published post "データ送受信フォーム作成コマンドの始まり" is accessible.
2024-07-13 14:17:05,232 Published post "gossとGitHub Actionsでインフラを自動テストした" is accessible.
2024-07-13 14:17:05,320 Published post "自己紹介" is accessible.
2024-07-13 14:17:05,410 Published post "自己紹介" is accessible.
2024-07-13 14:17:05,495 Published post "大規模なゲームを運用するということ" is accessible.
2024-07-13 14:17:05,540 Published post "第三回テクニカルレポート" is accessible.
2024-07-13 14:17:05,593 Published post "自己紹介" is accessible.
2024-07-13 14:17:05,645 Published post "クレジットカードブランドとカード発行会社について" is accessible.
2024-07-13 14:17:05,690 Published post "自己紹介" is accessible.
2024-07-13 14:17:05,739 Published post "自己紹介とIoT相談会" is accessible.
2024-07-13 14:17:05,783 Published post "カオスエンジニアリングとは" is accessible.
2024-07-13 14:17:05,833 Published post "自己申告フォーム作成" is accessible.
2024-07-13 14:17:05,881 Published post "デジタル・コミュニケーションの課題とは?" is accessible.
2024-07-13 14:17:05,925 Published post "はじめまして" is accessible.
2024-07-13 14:17:05,973 Published post "PCは暖房説" is accessible.
2024-07-13 14:17:06,023 Published post "テーマに悩む話 -巨人様のお足元にて-" is accessible.
2024-07-13 14:17:06,075 Published post "研究室で3台目のサーバーを組み立てる" is accessible.
2024-07-13 14:17:06,121 Published post "IoT講習会" is accessible.
2024-07-13 14:17:06,171 Published post "CDSLのBoot Camp！" is accessible.
2024-07-13 14:17:06,222 Published post "２０２０年度後期授業が始まりました！" is accessible.
2024-07-13 14:17:06,282 Published post "Synology DS1618+(NAS) HDDを交換した" is accessible.
2024-07-13 14:17:06,331 Published post "Synology DS1618+(NAS) LUN拡張の手引き" is accessible.
2024-07-13 14:17:06,381 Published post "はじめまして" is accessible.
2024-07-13 14:17:06,431 Published post "中間発表会" is accessible.
2024-07-13 14:17:06,481 Published post "BootCampを開催しました！(2日目)" is accessible.
2024-07-13 14:17:06,527 Published post "BootCampを開催しました！(1日目)" is accessible.
2024-07-13 14:17:06,580 Published post "マイコンのスリープモードを簡単に理解したい！" is accessible.
2024-07-13 14:17:06,628 Published post "分散システムにおけるCAP定理とは" is accessible.
2024-07-13 14:17:06,685 Published post "クラウド技術が勉強会で分かる! そう，CDSLならね．" is accessible.
2024-07-13 14:17:06,737 Published post "ビザンチン将軍問題 ~合意するって難しい~" is accessible.
2024-07-13 14:17:06,784 Published post "IoT機器のセットアップを始めました" is accessible.
2024-07-13 14:17:06,832 Published post "3年生向けの研究室紹介サイトの負荷試験を実施しました" is accessible.
2024-07-13 14:17:06,882 Published post "外部公開用のk3s構築をしました" is accessible.
2024-07-13 14:17:06,932 Published post "CS学部の新入生に見てほしいコンテンツ" is accessible.
2024-07-13 14:17:06,978 Published post "平常通りオンラインでミーティング" is accessible.
2024-07-13 14:17:07,025 Published post "研究室で稼働しているESXiのVMを掃除しました" is accessible.
2024-07-13 14:17:07,081 Published post "創成課題で使用したIoT機材を片付けました" is accessible.
2024-07-13 14:17:07,129 Published post "卒業研究の準備をはじめました" is accessible.
2024-07-13 14:17:07,181 Published post "創成課題が終了しました" is accessible.
2024-07-13 14:17:07,226 Published post "Qiitaいいね数が1000超" is accessible.
2024-07-13 14:17:07,273 Published post "Qiita 週間 Organizationランキングで3位" is accessible.
2024-07-13 14:17:07,327 Published post "CDSLの立ち上げを振り返る" is accessible.
2024-07-13 14:17:07,373 Published post "テクニカルレポートを公開" is accessible.
2024-07-13 14:17:07,375 Execution time for check_published_pages_and_posts: 22.867859840393066 seconds
2024-07-13 14:17:07,726 Image "https://ja.tak-cslab.org/wp-content/uploads/2024/06/komatta_man2-1.png" is accessible.
2024-07-13 14:17:07,769 Image "https://ja.tak-cslab.org/wp-content/uploads/2024/06/discussion-794137_1280-1024x682.jpg" is accessible.
2024-07-13 14:17:07,839 Image "https://ja.tak-cslab.org/wp-content/uploads/2024/06/FullSizeRender-edited.jpeg" is accessible.
2024-07-13 14:17:07,874 Image "https://ja.tak-cslab.org/wp-content/uploads/2024/06/IMG_1462-768x1024.jpg" is accessible.
2024-07-13 14:17:07,915 Image "https://ja.tak-cslab.org/wp-content/uploads/2024/06/IMG_1463-2-768x1024.jpg" is accessible.
2024-07-13 14:17:07,954 Image "https://ja.tak-cslab.org/wp-content/uploads/2024/06/1578146709094-1024x737.jpg" is accessible.
2024-07-13 14:17:07,986 Image "https://cdn.mainichi.jp/vol1/2019/07/12/20190712ddm001010054000p/8.jpg?1" is accessible.
2024-07-13 14:17:08,024 Image "https://ja.tak-cslab.org/wp-content/uploads/2024/06/1618113444267-1024x768.jpg" is accessible.
2024-07-13 14:17:08,061 Image "https://tenkoo.tokyo/map.jpg" is accessible.
2024-07-13 14:17:08,122 Image "https://tenkoo.tokyo/k6405.jpg" is accessible.
2024-07-13 14:17:08,157 Image "https://ja.tak-cslab.org/wp-content/uploads/2024/05/IMG_1270-768x1024.jpg" is accessible.
2024-07-13 14:17:08,188 Image "https://ja.tak-cslab.org/wp-content/uploads/2024/05/image-5.png" is accessible.
2024-07-13 14:17:08,222 Image "https://ja.tak-cslab.org/wp-content/uploads/2024/05/IMG_9188-768x1024.jpg" is accessible.
2024-07-13 14:17:08,255 Image "https://ja.tak-cslab.org/wp-content/uploads/2024/05/IMG_1272-1024x768.jpg" is accessible.
2024-07-13 14:17:08,282 Image "https://ja.tak-cslab.org/wp-content/uploads/2024/05/IMG_1273-1024x768.jpg" is accessible.
2024-07-13 14:17:08,336 Image "https://ja.tak-cslab.org/wp-content/uploads/2024/05/image-3.png" is accessible.
2024-07-13 14:17:08,367 Image "https://ja.tak-cslab.org/wp-content/uploads/2024/05/20azuki-ra16.jpg" is accessible.
2024-07-13 14:17:08,412 Image "https://ja.tak-cslab.org/wp-content/uploads/2024/05/image-1-1024x366.png" is accessible.
2024-07-13 14:17:08,446 Image "https://ja.tak-cslab.org/wp-content/uploads/2024/05/image-2.png" is accessible.
2024-07-13 14:17:08,487 Image "https://ja.tak-cslab.org/wp-content/uploads/2024/05/image-631x1024.png" is accessible.
2024-07-13 14:17:08,529 Image "https://ja.tak-cslab.org/wp-content/uploads/2024/05/ハムスター.png" is accessible.
2024-07-13 14:17:08,560 Image "https://ja.tak-cslab.org/wp-content/uploads/2024/04/people-2557396_1280-1024x682.jpg" is accessible.
2024-07-13 14:17:08,596 Image "https://ja.tak-cslab.org/wp-content/uploads/2024/04/IMG_9960-1024x768.jpg" is accessible.
2024-07-13 14:17:08,630 Image "https://ja.tak-cslab.org/wp-content/uploads/2024/04/IMG_9959-1024x768.jpg" is accessible.
2024-07-13 14:17:08,668 Image "https://ja.tak-cslab.org/wp-content/uploads/2024/04/IMG_9969-1024x768.jpg" is accessible.
2024-07-13 14:17:08,706 Image "https://ja.tak-cslab.org/wp-content/uploads/2024/04/IMG_9963-1024x768.jpg" is accessible.
2024-07-13 14:17:08,740 Image "https://ja.tak-cslab.org/wp-content/uploads/2024/04/IMG_2563-1-1024x768.jpg" is accessible.
2024-07-13 14:17:08,770 Image "https://ja.tak-cslab.org/wp-content/uploads/2024/04/IMG_2561-1024x768.jpg" is accessible.
2024-07-13 14:17:08,806 Image "https://ja.tak-cslab.org/wp-content/uploads/2024/04/IMG_2562-1024x768.jpg" is accessible.
2024-07-13 14:17:08,827 Image "https://ja.tak-cslab.org/wp-content/uploads/2024/04/image.png" is accessible.
2024-07-13 14:17:08,858 Image "https://ja.tak-cslab.org/wp-content/uploads/2024/04/image-2.png" is accessible.
2024-07-13 14:17:08,881 Image "https://ja.tak-cslab.org/wp-content/uploads/2024/04/image-1.png" is accessible.
2024-07-13 14:17:08,906 Image "https://ja.tak-cslab.org/wp-content/uploads/2024/04/IMG_1180-768x1024.jpg" is accessible.
2024-07-13 14:17:08,949 Image "https://ja.tak-cslab.org/wp-content/uploads/2024/04/IMG_1172-768x1024.jpg" is accessible.
2024-07-13 14:17:08,980 Image "https://ja.tak-cslab.org/wp-content/uploads/2024/04/IMG_1232-768x1024.jpg" is accessible.
2024-07-13 14:17:09,020 Image "https://ja.tak-cslab.org/wp-content/uploads/2024/04/IMG_1273-768x1024.jpg" is accessible.
2024-07-13 14:17:09,060 Image "https://ja.tak-cslab.org/wp-content/uploads/2024/04/IMG_9118-768x1024.jpg" is accessible.
2024-07-13 14:17:09,086 Image "https://ja.tak-cslab.org/wp-content/uploads/2024/04/IMG_9116-768x1024.jpg" is accessible.
2024-07-13 14:17:09,115 Image "https://ja.tak-cslab.org/wp-content/uploads/2024/04/IMG_9122-768x1024.jpg" is accessible.
2024-07-13 14:17:09,142 Image "https://ja.tak-cslab.org/wp-content/uploads/2024/04/IMG_9113-1-768x1024.jpg" is accessible.
2024-07-13 14:17:09,205 Image "https://www.teu.ac.jp/gakubu/images/cs_images/course_field_2023.png" is accessible.
2024-07-13 14:17:09,227 Image "https://ja.tak-cslab.org/wp-content/uploads/2024/03/年齢と体感時間.webp" is accessible.
2024-07-13 14:17:09,263 Image "https://ja.tak-cslab.org/wp-content/uploads/2024/03/孫悟空-1024x567.jpg" is accessible.
2024-07-13 14:17:09,301 Image "https://ja.tak-cslab.org/wp-content/uploads/2024/03/IMG_9136-1-768x1024.jpg" is accessible.
2024-07-13 14:17:09,328 Image "https://ja.tak-cslab.org/wp-content/uploads/2024/03/IMG_9139-2-768x1024.jpg" is accessible.
2024-07-13 14:17:09,362 Image "https://ja.tak-cslab.org/wp-content/uploads/2024/03/IMG_9137-1-768x1024.jpg" is accessible.
2024-07-13 14:17:09,396 Image "https://ja.tak-cslab.org/wp-content/uploads/2024/03/IMG_9131-2-768x1024.jpg" is accessible.
2024-07-13 14:17:09,429 Image "https://ja.tak-cslab.org/wp-content/uploads/2024/03/IMG_9128-768x1024.jpg" is accessible.
2024-07-13 14:17:09,461 Image "https://ja.tak-cslab.org/wp-content/uploads/2024/03/IMG_9129-768x1024.jpg" is accessible.
2024-07-13 14:17:09,490 Image "https://ja.tak-cslab.org/wp-content/uploads/2024/03/IMG_9133-1-768x1024.jpg" is accessible.
2024-07-13 14:17:09,523 Image "https://ja.tak-cslab.org/wp-content/uploads/2024/03/IMG_9135-1-768x1024.jpg" is accessible.
2024-07-13 14:17:09,553 Image "https://ja.tak-cslab.org/wp-content/uploads/2024/03/IMG_9132-1-768x1024.jpg" is accessible.
2024-07-13 14:17:09,578 Image "https://ja.tak-cslab.org/wp-content/uploads/2024/03/IMG_9138-1-768x1024.jpg" is accessible.
2024-07-13 14:17:09,614 Image "https://ja.tak-cslab.org/wp-content/uploads/2024/03/IMG_9134-1-768x1024.jpg" is accessible.
2024-07-13 14:17:09,648 Image "https://ja.tak-cslab.org/wp-content/uploads/2024/03/IMG_9127-768x1024.jpg" is accessible.
2024-07-13 14:17:09,678 Image "https://ja.tak-cslab.org/wp-content/uploads/2024/03/IMG_9140-1-768x1024.jpg" is accessible.
2024-07-13 14:17:09,711 Image "https://ja.tak-cslab.org/wp-content/uploads/2024/03/IMG_9126-768x1024.jpg" is accessible.
2024-07-13 14:17:09,744 Image "https://ja.tak-cslab.org/wp-content/uploads/2024/03/IMG_9124-768x1024.jpg" is accessible.
2024-07-13 14:17:09,778 Image "https://ja.tak-cslab.org/wp-content/uploads/2024/03/IMG_9130-3-768x1024.jpg" is accessible.
2024-07-13 14:17:09,812 Image "https://ja.tak-cslab.org/wp-content/uploads/2024/03/IMG_9125-768x1024.jpg" is accessible.
2024-07-13 14:17:09,863 Image "https://ja.tak-cslab.org/wp-content/uploads/2024/03/PXL_20240322_043700566-1024x576.jpg" is accessible.
2024-07-13 14:17:09,908 Image "https://ja.tak-cslab.org/wp-content/uploads/2024/03/PXL_20240322_043640629-1024x576.jpg" is accessible.
2024-07-13 14:17:09,938 Image "https://ja.tak-cslab.org/wp-content/uploads/2024/03/IMG_3010-768x1024.jpg" is accessible.
2024-07-13 14:17:09,971 Image "https://ja.tak-cslab.org/wp-content/uploads/2024/03/IMG_1406-768x1024.jpg" is accessible.
2024-07-13 14:17:10,005 Image "https://ja.tak-cslab.org/wp-content/uploads/2024/03/IMG_3701-1024x768.jpg" is accessible.
2024-07-13 14:17:10,035 Image "https://ja.tak-cslab.org/wp-content/uploads/2024/03/IMG_3011-768x1024.jpg" is accessible.
2024-07-13 14:17:10,066 Image "https://ja.tak-cslab.org/wp-content/uploads/2024/03/PXL_20240322_104659281-576x1024.jpg" is accessible.
2024-07-13 14:17:10,100 Image "https://ja.tak-cslab.org/wp-content/uploads/2024/03/IMG_3012-768x1024.jpg" is accessible.
2024-07-13 14:17:10,129 Image "https://ja.tak-cslab.org/wp-content/uploads/2024/03/IMG_2024-03-22-12-33-42-061-1024x768.jpg" is accessible.
2024-07-13 14:17:10,161 Image "https://ja.tak-cslab.org/wp-content/uploads/2024/03/20240322_124636-1024x768.jpg" is accessible.
2024-07-13 14:17:10,185 Image "https://ja.tak-cslab.org/wp-content/uploads/2024/03/IMG_3503-1024x576.jpg" is accessible.
2024-07-13 14:17:10,213 Image "https://ja.tak-cslab.org/wp-content/uploads/2024/03/IMG_3473-1024x576.jpg" is accessible.
2024-07-13 14:17:10,244 Image "https://ja.tak-cslab.org/wp-content/uploads/2024/03/IMG_3493-1024x576.jpg" is accessible.
2024-07-13 14:17:10,273 Image "https://ja.tak-cslab.org/wp-content/uploads/2024/03/IMG_3489-1024x576.jpg" is accessible.
2024-07-13 14:17:10,308 Image "https://ja.tak-cslab.org/wp-content/uploads/2024/03/IMG_3485-1024x576.jpg" is accessible.
2024-07-13 14:17:10,337 Image "https://ja.tak-cslab.org/wp-content/uploads/2024/03/IMG_3478-1024x576.jpg" is accessible.
2024-07-13 14:17:10,363 Image "https://ja.tak-cslab.org/wp-content/uploads/2024/03/DSC_1926-768x1024.jpg" is accessible.
2024-07-13 14:17:10,395 Image "https://ja.tak-cslab.org/wp-content/uploads/2024/03/DSC_1925-1-768x1024.jpg" is accessible.
2024-07-13 14:17:10,434 Image "https://ja.tak-cslab.org/wp-content/uploads/2024/02/image-3.png" is accessible.
2024-07-13 14:17:10,467 Image "https://ja.tak-cslab.org/wp-content/uploads/2024/02/S__69574663-962x1024.jpg" is accessible.
2024-07-13 14:17:10,540 Image "https://storage.googleapis.com/studio-design-assets/projects/M3aAKAk7Oe/s-2400x1350_v-frms_webp_2b15e86e-7c76-4778-b78f-edec7635bb56_regular.webp" is accessible.
2024-07-13 14:17:10,570 Image "https://ja.tak-cslab.org/wp-content/uploads/2024/02/me-ta-ne-jann-768x1024.jpg" is accessible.
2024-07-13 14:17:10,609 Image "https://ja.tak-cslab.org/wp-content/uploads/2024/02/jairo-1024x768.jpg" is accessible.
2024-07-13 14:17:10,643 Image "https://ja.tak-cslab.org/wp-content/uploads/2024/02/image.png" is accessible.
2024-07-13 14:17:10,677 Image "https://ja.tak-cslab.org/wp-content/uploads/2024/01/IMG_2099-1-768x1024.jpg" is accessible.
2024-07-13 14:17:10,711 Image "https://ja.tak-cslab.org/wp-content/uploads/2024/01/image-4.png" is accessible.
2024-07-13 14:17:10,740 Image "https://ja.tak-cslab.org/wp-content/uploads/2024/01/IMG_2428-1.jpg" is accessible.
2024-07-13 14:17:10,773 Image "https://ja.tak-cslab.org/wp-content/uploads/2024/01/IMG_2339-1024x768.jpg" is accessible.
2024-07-13 14:17:10,804 Image "https://ja.tak-cslab.org/wp-content/uploads/2024/01/IMG_2337-1024x768.jpg" is accessible.
2024-07-13 14:17:10,835 Image "https://ja.tak-cslab.org/wp-content/uploads/2024/01/IMG_2338-1024x768.jpg" is accessible.
2024-07-13 14:17:10,879 Image "https://ja.tak-cslab.org/wp-content/uploads/2023/12/S__162324489-1-edited.jpg" is accessible.
2024-07-13 14:17:10,910 Image "https://ja.tak-cslab.org/wp-content/uploads/2023/12/IMG_1198-1024x768.jpg" is accessible.
2024-07-13 14:17:10,940 Image "https://ja.tak-cslab.org/wp-content/uploads/2023/12/ブログ画像-1024x768.jpg" is accessible.
2024-07-13 14:17:10,969 Image "https://ja.tak-cslab.org/wp-content/uploads/2023/12/img_1004-1024x576.jpg" is accessible.
2024-07-13 14:17:11,000 Image "https://ja.tak-cslab.org/wp-content/uploads/2023/12/p_20231209_111120-1-1024x768.jpg" is accessible.
2024-07-13 14:17:11,035 Image "https://ja.tak-cslab.org/wp-content/uploads/2023/12/img_1001-1024x768.jpg" is accessible.
2024-07-13 14:17:11,070 Image "https://ja.tak-cslab.org/wp-content/uploads/2023/12/PXL_20231212_033809250-1024x768.jpg" is accessible.
2024-07-13 14:17:11,099 Image "https://ja.tak-cslab.org/wp-content/uploads/2023/12/IMG_2741-4-1024x683.jpg" is accessible.
2024-07-13 14:17:11,131 Image "https://ja.tak-cslab.org/wp-content/uploads/2023/12/IMG_2742-2-1024x683.jpg" is accessible.
2024-07-13 14:17:11,163 Image "https://ja.tak-cslab.org/wp-content/uploads/2023/12/IMG_2748-1024x683.jpg" is accessible.
2024-07-13 14:17:11,196 Image "https://ja.tak-cslab.org/wp-content/uploads/2023/12/IMG_5114-576x1024.jpg" is accessible.
2024-07-13 14:17:11,233 Image "https://ja.tak-cslab.org/wp-content/uploads/2023/12/IMG_2763-1024x683.jpg" is accessible.
2024-07-13 14:17:11,263 Image "https://ja.tak-cslab.org/wp-content/uploads/2023/12/IMG_2747-1-1024x683.jpg" is accessible.
2024-07-13 14:17:11,299 Image "https://ja.tak-cslab.org/wp-content/uploads/2023/12/IMG_2754-1024x683.jpg" is accessible.
2024-07-13 14:17:11,331 Image "https://ja.tak-cslab.org/wp-content/uploads/2023/12/P_20231209_122058-1-1024x768.jpg" is accessible.
2024-07-13 14:17:11,385 Image "https://livedoor.blogimg.jp/yuruge/imgs/4/d/4d81f42e.jpg" is accessible.
2024-07-13 14:17:11,558 Image "https://th.bing.com/th/id/OIP.tU1YbEsNfzxG6ctNvgpFiwHaJ4?w=136&amp;h=181&amp;c=7&amp;r=0&amp;o=5&amp;pid=1.7" is accessible.
2024-07-13 14:17:11,592 Image "https://pics.prcm.jp/0a88668e5ae68/71101397/png/71101397.png" is accessible.
2024-07-13 14:17:11,628 Image "https://ja.tak-cslab.org/wp-content/uploads/2023/12/a.png" is accessible.
2024-07-13 14:17:11,654 Image "https://ja.tak-cslab.org/wp-content/uploads/2023/11/image-1.png" is accessible.
2024-07-13 14:17:11,683 Image "https://ja.tak-cslab.org/wp-content/uploads/2023/11/image.png" is accessible.
2024-07-13 14:17:11,721 Image "https://ja.tak-cslab.org/wp-content/uploads/2023/11/PXL_20231012_050914966-1024x771.jpg" is accessible.
2024-07-13 14:17:11,761 Image "https://ja.tak-cslab.org/wp-content/uploads/2023/11/PXL_20231120_002200206-1-1024x769.jpg" is accessible.
2024-07-13 14:17:11,796 Image "https://ja.tak-cslab.org/wp-content/uploads/2023/11/PXL_20231120_001842548-1-769x1024.jpg" is accessible.
2024-07-13 14:17:11,822 Image "https://ja.tak-cslab.org/wp-content/uploads/2023/10/名称未設定ファイル-1.jpg" is accessible.
2024-07-13 14:17:11,859 Image "https://ja.tak-cslab.org/wp-content/uploads/2023/11/2-Osawa.jpeg" is accessible.
2024-07-13 14:17:11,860 Execution time for check_images: 4.485432863235474 seconds
2024-07-13 14:17:11,890 Login page is accessible.
2024-07-13 14:17:11,890 Execution time for check_login_page: 0.02944636344909668 seconds
2024-07-13 14:17:11,933 Post created successfully: テスト記事
2024-07-13 14:17:11,934 Execution time for create_post: 0.043561697006225586 seconds
2024-07-13 14:17:11,977 Post edited successfully: ID 5938
2024-07-13 14:17:11,977 Execution time for edit_post: 0.0426182746887207 seconds
2024-07-13 14:17:12,018 Post deleted successfully: ID 5938
2024-07-13 14:17:12,018 Execution time for delete_post: 0.0407412052154541 seconds
2024-07-13 14:17:12,018 Total execution time: 27.559781789779663 seconds
